{"/Volumes/T9/project3876/frontend/src/components/Editor/BlockEditor.css": {"path":"/Volumes/T9/project3876/frontend/src/components/Editor/BlockEditor.css","statementMap":{},"fnMap":{},"branchMap":{},"s":{},"f":{},"b":{},"meta":{"lastBranch":0,"lastFunction":0,"lastStatement":0,"seen":{}}}
,"/Volumes/T9/project3876/frontend/src/components/Editor/SlashCommandMenu.jsx": {"path":"/Volumes/T9/project3876/frontend/src/components/Editor/SlashCommandMenu.jsx","statementMap":{"0":{"start":{"line":12,"column":19},"end":{"line":20,"column":null}},"1":{"start":{"line":22,"column":25},"end":{"line":130,"column":null}},"2":{"start":{"line":23,"column":42},"end":{"line":23,"column":null}},"3":{"start":{"line":24,"column":10},"end":{"line":24,"column":null}},"4":{"start":{"line":27,"column":10},"end":{"line":32,"column":null}},"5":{"start":{"line":28,"column":8},"end":{"line":31,"column":11}},"6":{"start":{"line":29,"column":12},"end":{"line":30,"column":null}},"7":{"start":{"line":35,"column":10},"end":{"line":35,"column":null}},"8":{"start":{"line":36,"column":4},"end":{"line":41,"column":null}},"9":{"start":{"line":37,"column":8},"end":{"line":40,"column":null}},"10":{"start":{"line":38,"column":12},"end":{"line":38,"column":null}},"11":{"start":{"line":39,"column":12},"end":{"line":39,"column":null}},"12":{"start":{"line":44,"column":4},"end":{"line":66,"column":null}},"13":{"start":{"line":45,"column":30},"end":{"line":62,"column":null}},"14":{"start":{"line":46,"column":12},"end":{"line":61,"column":null}},"15":{"start":{"line":47,"column":16},"end":{"line":47,"column":null}},"16":{"start":{"line":48,"column":16},"end":{"line":50,"column":null}},"17":{"start":{"line":49,"column":20},"end":{"line":49,"column":null}},"18":{"start":{"line":51,"column":12},"end":{"line":61,"column":null}},"19":{"start":{"line":52,"column":16},"end":{"line":52,"column":null}},"20":{"start":{"line":53,"column":16},"end":{"line":53,"column":null}},"21":{"start":{"line":53,"column":41},"end":{"line":53,"column":67}},"22":{"start":{"line":54,"column":12},"end":{"line":61,"column":null}},"23":{"start":{"line":55,"column":16},"end":{"line":55,"column":null}},"24":{"start":{"line":56,"column":16},"end":{"line":58,"column":null}},"25":{"start":{"line":57,"column":20},"end":{"line":57,"column":null}},"26":{"start":{"line":59,"column":12},"end":{"line":61,"column":null}},"27":{"start":{"line":60,"column":16},"end":{"line":60,"column":null}},"28":{"start":{"line":64,"column":8},"end":{"line":64,"column":null}},"29":{"start":{"line":65,"column":8},"end":{"line":65,"column":null}},"30":{"start":{"line":65,"column":21},"end":{"line":65,"column":null}},"31":{"start":{"line":69,"column":4},"end":{"line":78,"column":null}},"32":{"start":{"line":70,"column":35},"end":{"line":74,"column":null}},"33":{"start":{"line":71,"column":12},"end":{"line":73,"column":null}},"34":{"start":{"line":72,"column":16},"end":{"line":72,"column":null}},"35":{"start":{"line":76,"column":8},"end":{"line":76,"column":null}},"36":{"start":{"line":77,"column":8},"end":{"line":77,"column":null}},"37":{"start":{"line":77,"column":21},"end":{"line":77,"column":null}},"38":{"start":{"line":81,"column":4},"end":{"line":86,"column":null}},"39":{"start":{"line":82,"column":27},"end":{"line":82,"column":null}},"40":{"start":{"line":83,"column":8},"end":{"line":85,"column":null}},"41":{"start":{"line":84,"column":12},"end":{"line":84,"column":null}},"42":{"start":{"line":88,"column":4},"end":{"line":98,"column":null}},"43":{"start":{"line":89,"column":8},"end":{"line":96,"column":null}},"44":{"start":{"line":100,"column":4},"end":{"line":128,"column":null}},"45":{"start":{"line":109,"column":33},"end":{"line":109,"column":null}},"46":{"start":{"line":110,"column":20},"end":{"line":124,"column":null}},"47":{"start":{"line":114,"column":43},"end":{"line":114,"column":null}},"48":{"start":{"line":115,"column":48},"end":{"line":115,"column":null}}},"fnMap":{"0":{"name":"(anonymous_0)","decl":{"start":{"line":22,"column":25},"end":{"line":22,"column":26}},"loc":{"start":{"line":22,"column":70},"end":{"line":130,"column":null}},"line":22},"1":{"name":"(anonymous_1)","decl":{"start":{"line":27,"column":34},"end":{"line":27,"column":null}},"loc":{"start":{"line":28,"column":8},"end":{"line":31,"column":11}},"line":28},"2":{"name":"(anonymous_2)","decl":{"start":{"line":28,"column":26},"end":{"line":28,"column":null}},"loc":{"start":{"line":29,"column":12},"end":{"line":30,"column":null}},"line":29},"3":{"name":"(anonymous_3)","decl":{"start":{"line":36,"column":14},"end":{"line":36,"column":20}},"loc":{"start":{"line":36,"column":20},"end":{"line":41,"column":7}},"line":36},"4":{"name":"(anonymous_4)","decl":{"start":{"line":44,"column":14},"end":{"line":44,"column":20}},"loc":{"start":{"line":44,"column":20},"end":{"line":66,"column":7}},"line":44},"5":{"name":"(anonymous_5)","decl":{"start":{"line":45,"column":30},"end":{"line":45,"column":31}},"loc":{"start":{"line":45,"column":37},"end":{"line":62,"column":null}},"line":45},"6":{"name":"(anonymous_6)","decl":{"start":{"line":48,"column":33},"end":{"line":48,"column":null}},"loc":{"start":{"line":49,"column":20},"end":{"line":49,"column":null}},"line":49},"7":{"name":"(anonymous_7)","decl":{"start":{"line":53,"column":33},"end":{"line":53,"column":41}},"loc":{"start":{"line":53,"column":41},"end":{"line":53,"column":67}},"line":53},"8":{"name":"(anonymous_8)","decl":{"start":{"line":65,"column":15},"end":{"line":65,"column":21}},"loc":{"start":{"line":65,"column":21},"end":{"line":65,"column":null}},"line":65},"9":{"name":"(anonymous_9)","decl":{"start":{"line":69,"column":14},"end":{"line":69,"column":20}},"loc":{"start":{"line":69,"column":20},"end":{"line":78,"column":7}},"line":69},"10":{"name":"(anonymous_10)","decl":{"start":{"line":70,"column":35},"end":{"line":70,"column":36}},"loc":{"start":{"line":70,"column":42},"end":{"line":74,"column":null}},"line":70},"11":{"name":"(anonymous_11)","decl":{"start":{"line":77,"column":15},"end":{"line":77,"column":21}},"loc":{"start":{"line":77,"column":21},"end":{"line":77,"column":null}},"line":77},"12":{"name":"(anonymous_12)","decl":{"start":{"line":81,"column":14},"end":{"line":81,"column":20}},"loc":{"start":{"line":81,"column":20},"end":{"line":86,"column":7}},"line":81},"13":{"name":"(anonymous_13)","decl":{"start":{"line":108,"column":35},"end":{"line":108,"column":36}},"loc":{"start":{"line":108,"column":52},"end":{"line":126,"column":17}},"line":108},"14":{"name":"(anonymous_14)","decl":{"start":{"line":114,"column":37},"end":{"line":114,"column":43}},"loc":{"start":{"line":114,"column":43},"end":{"line":114,"column":null}},"line":114},"15":{"name":"(anonymous_15)","decl":{"start":{"line":115,"column":42},"end":{"line":115,"column":48}},"loc":{"start":{"line":115,"column":48},"end":{"line":115,"column":null}},"line":115}},"branchMap":{"0":{"loc":{"start":{"line":29,"column":12},"end":{"line":30,"column":null}},"type":"binary-expr","locations":[{"start":{"line":29,"column":12},"end":{"line":29,"column":null}},{"start":{"line":30,"column":12},"end":{"line":30,"column":null}}],"line":29},"1":{"loc":{"start":{"line":37,"column":8},"end":{"line":40,"column":null}},"type":"if","locations":[{"start":{"line":37,"column":8},"end":{"line":40,"column":null}},{"start":{},"end":{}}],"line":37},"2":{"loc":{"start":{"line":46,"column":12},"end":{"line":61,"column":null}},"type":"if","locations":[{"start":{"line":46,"column":12},"end":{"line":61,"column":null}},{"start":{"line":51,"column":12},"end":{"line":61,"column":null}}],"line":46},"3":{"loc":{"start":{"line":49,"column":20},"end":{"line":49,"column":null}},"type":"cond-expr","locations":[{"start":{"line":49,"column":54},"end":{"line":49,"column":65}},{"start":{"line":49,"column":65},"end":{"line":49,"column":null}}],"line":49},"4":{"loc":{"start":{"line":51,"column":12},"end":{"line":61,"column":null}},"type":"if","locations":[{"start":{"line":51,"column":12},"end":{"line":61,"column":null}},{"start":{"line":54,"column":12},"end":{"line":61,"column":null}}],"line":51},"5":{"loc":{"start":{"line":53,"column":41},"end":{"line":53,"column":67}},"type":"cond-expr","locations":[{"start":{"line":53,"column":52},"end":{"line":53,"column":63}},{"start":{"line":53,"column":63},"end":{"line":53,"column":67}}],"line":53},"6":{"loc":{"start":{"line":54,"column":12},"end":{"line":61,"column":null}},"type":"if","locations":[{"start":{"line":54,"column":12},"end":{"line":61,"column":null}},{"start":{"line":59,"column":12},"end":{"line":61,"column":null}}],"line":54},"7":{"loc":{"start":{"line":56,"column":16},"end":{"line":58,"column":null}},"type":"if","locations":[{"start":{"line":56,"column":16},"end":{"line":58,"column":null}},{"start":{},"end":{}}],"line":56},"8":{"loc":{"start":{"line":59,"column":12},"end":{"line":61,"column":null}},"type":"if","locations":[{"start":{"line":59,"column":12},"end":{"line":61,"column":null}},{"start":{},"end":{}}],"line":59},"9":{"loc":{"start":{"line":71,"column":12},"end":{"line":73,"column":null}},"type":"if","locations":[{"start":{"line":71,"column":12},"end":{"line":73,"column":null}},{"start":{},"end":{}}],"line":71},"10":{"loc":{"start":{"line":71,"column":16},"end":{"line":71,"column":72}},"type":"binary-expr","locations":[{"start":{"line":71,"column":16},"end":{"line":71,"column":35}},{"start":{"line":71,"column":35},"end":{"line":71,"column":72}}],"line":71},"11":{"loc":{"start":{"line":83,"column":8},"end":{"line":85,"column":null}},"type":"if","locations":[{"start":{"line":83,"column":8},"end":{"line":85,"column":null}},{"start":{},"end":{}}],"line":83},"12":{"loc":{"start":{"line":88,"column":4},"end":{"line":98,"column":null}},"type":"if","locations":[{"start":{"line":88,"column":4},"end":{"line":98,"column":null}},{"start":{},"end":{}}],"line":88},"13":{"loc":{"start":{"line":113,"column":58},"end":{"line":113,"column":99}},"type":"cond-expr","locations":[{"start":{"line":113,"column":84},"end":{"line":113,"column":97}},{"start":{"line":113,"column":97},"end":{"line":113,"column":99}}],"line":113}},"s":{"0":1,"1":1,"2":0,"3":0,"4":0,"5":0,"6":0,"7":0,"8":0,"9":0,"10":0,"11":0,"12":0,"13":0,"14":0,"15":0,"16":0,"17":0,"18":0,"19":0,"20":0,"21":0,"22":0,"23":0,"24":0,"25":0,"26":0,"27":0,"28":0,"29":0,"30":0,"31":0,"32":0,"33":0,"34":0,"35":0,"36":0,"37":0,"38":0,"39":0,"40":0,"41":0,"42":0,"43":0,"44":0,"45":0,"46":0,"47":0,"48":0},"f":{"0":0,"1":0,"2":0,"3":0,"4":0,"5":0,"6":0,"7":0,"8":0,"9":0,"10":0,"11":0,"12":0,"13":0,"14":0,"15":0},"b":{"0":[0,0],"1":[0,0],"2":[0,0],"3":[0,0],"4":[0,0],"5":[0,0],"6":[0,0],"7":[0,0],"8":[0,0],"9":[0,0],"10":[0,0],"11":[0,0],"12":[0,0],"13":[0,0]},"meta":{"lastBranch":14,"lastFunction":16,"lastStatement":49,"seen":{"s:12:19:20:Infinity":0,"s:22:25:130:Infinity":1,"f:22:25:22:26":0,"s:23:42:23:Infinity":2,"s:24:10:24:Infinity":3,"s:27:10:32:Infinity":4,"f:27:34:27:Infinity":1,"s:28:8:31:11":5,"f:28:26:28:Infinity":2,"s:29:12:30:Infinity":6,"b:29:12:29:Infinity:30:12:30:Infinity":0,"s:35:10:35:Infinity":7,"s:36:4:41:Infinity":8,"f:36:14:36:20":3,"b:37:8:40:Infinity:undefined:undefined:undefined:undefined":1,"s:37:8:40:Infinity":9,"s:38:12:38:Infinity":10,"s:39:12:39:Infinity":11,"s:44:4:66:Infinity":12,"f:44:14:44:20":4,"s:45:30:62:Infinity":13,"f:45:30:45:31":5,"b:46:12:61:Infinity:51:12:61:Infinity":2,"s:46:12:61:Infinity":14,"s:47:16:47:Infinity":15,"s:48:16:50:Infinity":16,"f:48:33:48:Infinity":6,"s:49:20:49:Infinity":17,"b:49:54:49:65:49:65:49:Infinity":3,"b:51:12:61:Infinity:54:12:61:Infinity":4,"s:51:12:61:Infinity":18,"s:52:16:52:Infinity":19,"s:53:16:53:Infinity":20,"f:53:33:53:41":7,"s:53:41:53:67":21,"b:53:52:53:63:53:63:53:67":5,"b:54:12:61:Infinity:59:12:61:Infinity":6,"s:54:12:61:Infinity":22,"s:55:16:55:Infinity":23,"b:56:16:58:Infinity:undefined:undefined:undefined:undefined":7,"s:56:16:58:Infinity":24,"s:57:20:57:Infinity":25,"b:59:12:61:Infinity:undefined:undefined:undefined:undefined":8,"s:59:12:61:Infinity":26,"s:60:16:60:Infinity":27,"s:64:8:64:Infinity":28,"s:65:8:65:Infinity":29,"f:65:15:65:21":8,"s:65:21:65:Infinity":30,"s:69:4:78:Infinity":31,"f:69:14:69:20":9,"s:70:35:74:Infinity":32,"f:70:35:70:36":10,"b:71:12:73:Infinity:undefined:undefined:undefined:undefined":9,"s:71:12:73:Infinity":33,"b:71:16:71:35:71:35:71:72":10,"s:72:16:72:Infinity":34,"s:76:8:76:Infinity":35,"s:77:8:77:Infinity":36,"f:77:15:77:21":11,"s:77:21:77:Infinity":37,"s:81:4:86:Infinity":38,"f:81:14:81:20":12,"s:82:27:82:Infinity":39,"b:83:8:85:Infinity:undefined:undefined:undefined:undefined":11,"s:83:8:85:Infinity":40,"s:84:12:84:Infinity":41,"b:88:4:98:Infinity:undefined:undefined:undefined:undefined":12,"s:88:4:98:Infinity":42,"s:89:8:96:Infinity":43,"s:100:4:128:Infinity":44,"f:108:35:108:36":13,"s:109:33:109:Infinity":45,"s:110:20:124:Infinity":46,"b:113:84:113:97:113:97:113:99":13,"f:114:37:114:43":14,"s:114:43:114:Infinity":47,"f:115:42:115:48":15,"s:115:48:115:Infinity":48}}}
,"/Volumes/T9/project3876/frontend/src/components/Editor/UnifiedBlockEditor.jsx": {"path":"/Volumes/T9/project3876/frontend/src/components/Editor/UnifiedBlockEditor.jsx","statementMap":{"0":{"start":{"line":14,"column":27},"end":{"line":22,"column":null}},"1":{"start":{"line":25,"column":24},"end":{"line":33,"column":null}},"2":{"start":{"line":39,"column":27},"end":{"line":1029,"column":null}},"3":{"start":{"line":40,"column":27},"end":{"line":40,"column":null}},"4":{"start":{"line":41,"column":10},"end":{"line":41,"column":null}},"5":{"start":{"line":42,"column":10},"end":{"line":42,"column":null}},"6":{"start":{"line":43,"column":44},"end":{"line":43,"column":null}},"7":{"start":{"line":44,"column":46},"end":{"line":44,"column":null}},"8":{"start":{"line":45,"column":44},"end":{"line":45,"column":null}},"9":{"start":{"line":53,"column":4},"end":{"line":53,"column":null}},"10":{"start":{"line":60,"column":4},"end":{"line":60,"column":null}},"11":{"start":{"line":67,"column":4},"end":{"line":72,"column":null}},"12":{"start":{"line":80,"column":4},"end":{"line":80,"column":null}},"13":{"start":{"line":83,"column":4},"end":{"line":94,"column":null}},"14":{"start":{"line":100,"column":10},"end":{"line":127,"column":null}},"15":{"start":{"line":101,"column":8},"end":{"line":101,"column":null}},"16":{"start":{"line":101,"column":32},"end":{"line":101,"column":null}},"17":{"start":{"line":103,"column":29},"end":{"line":103,"column":null}},"18":{"start":{"line":104,"column":30},"end":{"line":104,"column":null}},"19":{"start":{"line":106,"column":8},"end":{"line":119,"column":null}},"20":{"start":{"line":107,"column":28},"end":{"line":107,"column":null}},"21":{"start":{"line":108,"column":26},"end":{"line":108,"column":null}},"22":{"start":{"line":109,"column":31},"end":{"line":109,"column":null}},"23":{"start":{"line":110,"column":31},"end":{"line":110,"column":null}},"24":{"start":{"line":115,"column":33},"end":{"line":115,"column":null}},"25":{"start":{"line":116,"column":24},"end":{"line":116,"column":null}},"26":{"start":{"line":118,"column":12},"end":{"line":118,"column":null}},"27":{"start":{"line":122,"column":8},"end":{"line":126,"column":null}},"28":{"start":{"line":123,"column":32},"end":{"line":124,"column":null}},"29":{"start":{"line":123,"column":70},"end":{"line":123,"column":101}},"30":{"start":{"line":125,"column":12},"end":{"line":125,"column":null}},"31":{"start":{"line":133,"column":10},"end":{"line":164,"column":null}},"32":{"start":{"line":134,"column":8},"end":{"line":134,"column":null}},"33":{"start":{"line":134,"column":61},"end":{"line":134,"column":null}},"34":{"start":{"line":136,"column":8},"end":{"line":136,"column":null}},"35":{"start":{"line":138,"column":30},"end":{"line":138,"column":null}},"36":{"start":{"line":139,"column":26},"end":{"line":139,"column":null}},"37":{"start":{"line":141,"column":8},"end":{"line":151,"column":null}},"38":{"start":{"line":142,"column":28},"end":{"line":142,"column":null}},"39":{"start":{"line":143,"column":30},"end":{"line":143,"column":null}},"40":{"start":{"line":144,"column":28},"end":{"line":144,"column":null}},"41":{"start":{"line":146,"column":12},"end":{"line":150,"column":null}},"42":{"start":{"line":154,"column":27},"end":{"line":157,"column":null}},"43":{"start":{"line":155,"column":29},"end":{"line":155,"column":null}},"44":{"start":{"line":156,"column":12},"end":{"line":156,"column":null}},"45":{"start":{"line":159,"column":8},"end":{"line":161,"column":null}},"46":{"start":{"line":160,"column":12},"end":{"line":160,"column":null}},"47":{"start":{"line":163,"column":8},"end":{"line":163,"column":null}},"48":{"start":{"line":169,"column":10},"end":{"line":172,"column":null}},"49":{"start":{"line":177,"column":10},"end":{"line":189,"column":null}},"50":{"start":{"line":178,"column":8},"end":{"line":178,"column":null}},"51":{"start":{"line":178,"column":32},"end":{"line":178,"column":null}},"52":{"start":{"line":180,"column":30},"end":{"line":180,"column":null}},"53":{"start":{"line":181,"column":8},"end":{"line":188,"column":null}},"54":{"start":{"line":182,"column":32},"end":{"line":182,"column":null}},"55":{"start":{"line":183,"column":12},"end":{"line":187,"column":null}},"56":{"start":{"line":184,"column":16},"end":{"line":184,"column":null}},"57":{"start":{"line":186,"column":16},"end":{"line":186,"column":null}},"58":{"start":{"line":194,"column":10},"end":{"line":270,"column":null}},"59":{"start":{"line":196,"column":20},"end":{"line":196,"column":null}},"60":{"start":{"line":197,"column":8},"end":{"line":197,"column":null}},"61":{"start":{"line":197,"column":29},"end":{"line":197,"column":null}},"62":{"start":{"line":199,"column":24},"end":{"line":201,"column":null}},"63":{"start":{"line":203,"column":8},"end":{"line":266,"column":null}},"64":{"start":{"line":204,"column":32},"end":{"line":204,"column":null}},"65":{"start":{"line":205,"column":28},"end":{"line":205,"column":null}},"66":{"start":{"line":206,"column":30},"end":{"line":206,"column":null}},"67":{"start":{"line":209,"column":12},"end":{"line":265,"column":null}},"68":{"start":{"line":210,"column":16},"end":{"line":264,"column":null}},"69":{"start":{"line":211,"column":20},"end":{"line":263,"column":null}},"70":{"start":{"line":213,"column":43},"end":{"line":213,"column":null}},"71":{"start":{"line":214,"column":24},"end":{"line":214,"column":null}},"72":{"start":{"line":215,"column":24},"end":{"line":215,"column":null}},"73":{"start":{"line":218,"column":39},"end":{"line":218,"column":null}},"74":{"start":{"line":219,"column":24},"end":{"line":259,"column":null}},"75":{"start":{"line":221,"column":42},"end":{"line":221,"column":null}},"76":{"start":{"line":222,"column":28},"end":{"line":222,"column":null}},"77":{"start":{"line":223,"column":28},"end":{"line":223,"column":null}},"78":{"start":{"line":224,"column":28},"end":{"line":224,"column":null}},"79":{"start":{"line":225,"column":28},"end":{"line":225,"column":null}},"80":{"start":{"line":228,"column":28},"end":{"line":237,"column":null}},"81":{"start":{"line":230,"column":45},"end":{"line":230,"column":null}},"82":{"start":{"line":231,"column":55},"end":{"line":231,"column":null}},"83":{"start":{"line":232,"column":32},"end":{"line":234,"column":null}},"84":{"start":{"line":233,"column":36},"end":{"line":233,"column":null}},"85":{"start":{"line":239,"column":28},"end":{"line":239,"column":null}},"86":{"start":{"line":242,"column":42},"end":{"line":242,"column":null}},"87":{"start":{"line":243,"column":43},"end":{"line":243,"column":null}},"88":{"start":{"line":244,"column":28},"end":{"line":248,"column":null}},"89":{"start":{"line":245,"column":32},"end":{"line":245,"column":null}},"90":{"start":{"line":247,"column":32},"end":{"line":247,"column":null}},"91":{"start":{"line":249,"column":28},"end":{"line":249,"column":null}},"92":{"start":{"line":250,"column":28},"end":{"line":250,"column":null}},"93":{"start":{"line":251,"column":28},"end":{"line":251,"column":null}},"94":{"start":{"line":252,"column":24},"end":{"line":259,"column":null}},"95":{"start":{"line":261,"column":24},"end":{"line":261,"column":null}},"96":{"start":{"line":262,"column":24},"end":{"line":262,"column":null}},"97":{"start":{"line":268,"column":8},"end":{"line":268,"column":null}},"98":{"start":{"line":269,"column":8},"end":{"line":269,"column":null}},"99":{"start":{"line":275,"column":10},"end":{"line":562,"column":null}},"100":{"start":{"line":276,"column":20},"end":{"line":276,"column":null}},"101":{"start":{"line":277,"column":8},"end":{"line":277,"column":null}},"102":{"start":{"line":277,"column":29},"end":{"line":277,"column":null}},"103":{"start":{"line":279,"column":22},"end":{"line":279,"column":null}},"104":{"start":{"line":280,"column":24},"end":{"line":282,"column":null}},"105":{"start":{"line":284,"column":8},"end":{"line":284,"column":null}},"106":{"start":{"line":284,"column":22},"end":{"line":284,"column":null}},"107":{"start":{"line":286,"column":24},"end":{"line":286,"column":null}},"108":{"start":{"line":287,"column":26},"end":{"line":287,"column":null}},"109":{"start":{"line":288,"column":28},"end":{"line":288,"column":null}},"110":{"start":{"line":291,"column":8},"end":{"line":297,"column":null}},"111":{"start":{"line":292,"column":12},"end":{"line":295,"column":null}},"112":{"start":{"line":293,"column":29},"end":{"line":293,"column":null}},"113":{"start":{"line":294,"column":16},"end":{"line":294,"column":null}},"114":{"start":{"line":296,"column":12},"end":{"line":296,"column":null}},"115":{"start":{"line":300,"column":8},"end":{"line":323,"column":null}},"116":{"start":{"line":301,"column":12},"end":{"line":304,"column":null}},"117":{"start":{"line":302,"column":16},"end":{"line":302,"column":null}},"118":{"start":{"line":303,"column":16},"end":{"line":303,"column":null}},"119":{"start":{"line":305,"column":12},"end":{"line":309,"column":null}},"120":{"start":{"line":306,"column":16},"end":{"line":306,"column":null}},"121":{"start":{"line":307,"column":16},"end":{"line":307,"column":null}},"122":{"start":{"line":308,"column":16},"end":{"line":308,"column":null}},"123":{"start":{"line":311,"column":12},"end":{"line":313,"column":null}},"124":{"start":{"line":312,"column":16},"end":{"line":312,"column":null}},"125":{"start":{"line":315,"column":31},"end":{"line":315,"column":null}},"126":{"start":{"line":316,"column":12},"end":{"line":322,"column":null}},"127":{"start":{"line":317,"column":16},"end":{"line":321,"column":null}},"128":{"start":{"line":318,"column":40},"end":{"line":318,"column":null}},"129":{"start":{"line":319,"column":38},"end":{"line":319,"column":null}},"130":{"start":{"line":320,"column":20},"end":{"line":320,"column":null}},"131":{"start":{"line":326,"column":8},"end":{"line":403,"column":null}},"132":{"start":{"line":327,"column":12},"end":{"line":327,"column":null}},"133":{"start":{"line":327,"column":34},"end":{"line":327,"column":null}},"134":{"start":{"line":329,"column":12},"end":{"line":329,"column":null}},"135":{"start":{"line":332,"column":12},"end":{"line":353,"column":null}},"136":{"start":{"line":333,"column":16},"end":{"line":352,"column":null}},"137":{"start":{"line":334,"column":20},"end":{"line":334,"column":null}},"138":{"start":{"line":335,"column":35},"end":{"line":335,"column":null}},"139":{"start":{"line":336,"column":20},"end":{"line":349,"column":null}},"140":{"start":{"line":337,"column":38},"end":{"line":337,"column":null}},"141":{"start":{"line":338,"column":24},"end":{"line":338,"column":null}},"142":{"start":{"line":339,"column":24},"end":{"line":339,"column":null}},"143":{"start":{"line":340,"column":24},"end":{"line":340,"column":null}},"144":{"start":{"line":341,"column":24},"end":{"line":341,"column":null}},"145":{"start":{"line":344,"column":41},"end":{"line":344,"column":null}},"146":{"start":{"line":345,"column":24},"end":{"line":345,"column":null}},"147":{"start":{"line":346,"column":24},"end":{"line":346,"column":null}},"148":{"start":{"line":347,"column":24},"end":{"line":347,"column":null}},"149":{"start":{"line":348,"column":24},"end":{"line":348,"column":null}},"150":{"start":{"line":350,"column":20},"end":{"line":350,"column":null}},"151":{"start":{"line":351,"column":20},"end":{"line":351,"column":null}},"152":{"start":{"line":358,"column":31},"end":{"line":358,"column":null}},"153":{"start":{"line":359,"column":12},"end":{"line":359,"column":null}},"154":{"start":{"line":360,"column":12},"end":{"line":364,"column":null}},"155":{"start":{"line":361,"column":16},"end":{"line":361,"column":null}},"156":{"start":{"line":363,"column":16},"end":{"line":363,"column":null}},"157":{"start":{"line":366,"column":29},"end":{"line":366,"column":null}},"158":{"start":{"line":369,"column":28},"end":{"line":369,"column":null}},"159":{"start":{"line":370,"column":12},"end":{"line":370,"column":null}},"160":{"start":{"line":371,"column":30},"end":{"line":371,"column":null}},"161":{"start":{"line":374,"column":33},"end":{"line":376,"column":null}},"162":{"start":{"line":377,"column":32},"end":{"line":377,"column":null}},"163":{"start":{"line":378,"column":31},"end":{"line":378,"column":null}},"164":{"start":{"line":381,"column":31},"end":{"line":381,"column":null}},"165":{"start":{"line":382,"column":12},"end":{"line":382,"column":null}},"166":{"start":{"line":383,"column":12},"end":{"line":383,"column":null}},"167":{"start":{"line":384,"column":12},"end":{"line":384,"column":null}},"168":{"start":{"line":385,"column":12},"end":{"line":385,"column":null}},"169":{"start":{"line":388,"column":12},"end":{"line":388,"column":null}},"170":{"start":{"line":391,"column":29},"end":{"line":391,"column":null}},"171":{"start":{"line":392,"column":12},"end":{"line":396,"column":null}},"172":{"start":{"line":393,"column":16},"end":{"line":393,"column":null}},"173":{"start":{"line":395,"column":16},"end":{"line":395,"column":null}},"174":{"start":{"line":397,"column":12},"end":{"line":397,"column":null}},"175":{"start":{"line":398,"column":12},"end":{"line":398,"column":null}},"176":{"start":{"line":399,"column":12},"end":{"line":399,"column":null}},"177":{"start":{"line":401,"column":12},"end":{"line":401,"column":null}},"178":{"start":{"line":402,"column":12},"end":{"line":402,"column":null}},"179":{"start":{"line":407,"column":8},"end":{"line":548,"column":null}},"180":{"start":{"line":409,"column":12},"end":{"line":415,"column":null}},"181":{"start":{"line":410,"column":34},"end":{"line":410,"column":null}},"182":{"start":{"line":411,"column":35},"end":{"line":411,"column":null}},"183":{"start":{"line":412,"column":16},"end":{"line":414,"column":null}},"184":{"start":{"line":413,"column":20},"end":{"line":413,"column":null}},"185":{"start":{"line":418,"column":12},"end":{"line":422,"column":null}},"186":{"start":{"line":420,"column":16},"end":{"line":420,"column":null}},"187":{"start":{"line":421,"column":16},"end":{"line":421,"column":null}},"188":{"start":{"line":425,"column":30},"end":{"line":425,"column":null}},"189":{"start":{"line":427,"column":12},"end":{"line":500,"column":null}},"190":{"start":{"line":428,"column":16},"end":{"line":428,"column":null}},"191":{"start":{"line":431,"column":16},"end":{"line":455,"column":null}},"192":{"start":{"line":432,"column":20},"end":{"line":432,"column":null}},"193":{"start":{"line":433,"column":35},"end":{"line":433,"column":null}},"194":{"start":{"line":434,"column":20},"end":{"line":452,"column":null}},"195":{"start":{"line":435,"column":38},"end":{"line":435,"column":null}},"196":{"start":{"line":436,"column":24},"end":{"line":436,"column":null}},"197":{"start":{"line":437,"column":24},"end":{"line":437,"column":null}},"198":{"start":{"line":438,"column":24},"end":{"line":438,"column":null}},"199":{"start":{"line":439,"column":24},"end":{"line":439,"column":null}},"200":{"start":{"line":440,"column":24},"end":{"line":440,"column":null}},"201":{"start":{"line":443,"column":41},"end":{"line":443,"column":null}},"202":{"start":{"line":444,"column":24},"end":{"line":448,"column":null}},"203":{"start":{"line":445,"column":28},"end":{"line":445,"column":null}},"204":{"start":{"line":447,"column":28},"end":{"line":447,"column":null}},"205":{"start":{"line":449,"column":24},"end":{"line":449,"column":null}},"206":{"start":{"line":450,"column":24},"end":{"line":450,"column":null}},"207":{"start":{"line":451,"column":24},"end":{"line":451,"column":null}},"208":{"start":{"line":453,"column":20},"end":{"line":453,"column":null}},"209":{"start":{"line":454,"column":20},"end":{"line":454,"column":null}},"210":{"start":{"line":458,"column":34},"end":{"line":458,"column":null}},"211":{"start":{"line":459,"column":16},"end":{"line":498,"column":null}},"212":{"start":{"line":460,"column":40},"end":{"line":460,"column":null}},"213":{"start":{"line":461,"column":39},"end":{"line":461,"column":null}},"214":{"start":{"line":462,"column":46},"end":{"line":462,"column":null}},"215":{"start":{"line":465,"column":20},"end":{"line":465,"column":null}},"216":{"start":{"line":468,"column":20},"end":{"line":468,"column":null}},"217":{"start":{"line":471,"column":37},"end":{"line":471,"column":null}},"218":{"start":{"line":472,"column":20},"end":{"line":493,"column":null}},"219":{"start":{"line":473,"column":34},"end":{"line":473,"column":null}},"220":{"start":{"line":474,"column":41},"end":{"line":488,"column":null}},"221":{"start":{"line":475,"column":28},"end":{"line":486,"column":null}},"222":{"start":{"line":476,"column":32},"end":{"line":480,"column":null}},"223":{"start":{"line":477,"column":36},"end":{"line":477,"column":null}},"224":{"start":{"line":478,"column":36},"end":{"line":478,"column":null}},"225":{"start":{"line":479,"column":36},"end":{"line":479,"column":null}},"226":{"start":{"line":481,"column":32},"end":{"line":481,"column":null}},"227":{"start":{"line":483,"column":32},"end":{"line":485,"column":null}},"228":{"start":{"line":484,"column":36},"end":{"line":484,"column":null}},"229":{"start":{"line":484,"column":57},"end":{"line":484,"column":null}},"230":{"start":{"line":487,"column":28},"end":{"line":487,"column":null}},"231":{"start":{"line":489,"column":24},"end":{"line":489,"column":null}},"232":{"start":{"line":491,"column":24},"end":{"line":491,"column":null}},"233":{"start":{"line":492,"column":24},"end":{"line":492,"column":null}},"234":{"start":{"line":494,"column":20},"end":{"line":494,"column":null}},"235":{"start":{"line":495,"column":20},"end":{"line":495,"column":null}},"236":{"start":{"line":497,"column":20},"end":{"line":497,"column":null}},"237":{"start":{"line":499,"column":16},"end":{"line":499,"column":null}},"238":{"start":{"line":503,"column":12},"end":{"line":547,"column":null}},"239":{"start":{"line":504,"column":16},"end":{"line":504,"column":null}},"240":{"start":{"line":506,"column":34},"end":{"line":506,"column":null}},"241":{"start":{"line":507,"column":16},"end":{"line":545,"column":null}},"242":{"start":{"line":508,"column":40},"end":{"line":508,"column":null}},"243":{"start":{"line":509,"column":48},"end":{"line":509,"column":null}},"244":{"start":{"line":512,"column":20},"end":{"line":512,"column":null}},"245":{"start":{"line":515,"column":20},"end":{"line":515,"column":null}},"246":{"start":{"line":518,"column":37},"end":{"line":518,"column":null}},"247":{"start":{"line":519,"column":20},"end":{"line":540,"column":null}},"248":{"start":{"line":520,"column":34},"end":{"line":520,"column":null}},"249":{"start":{"line":521,"column":41},"end":{"line":535,"column":null}},"250":{"start":{"line":522,"column":28},"end":{"line":533,"column":null}},"251":{"start":{"line":523,"column":32},"end":{"line":527,"column":null}},"252":{"start":{"line":524,"column":36},"end":{"line":524,"column":null}},"253":{"start":{"line":525,"column":36},"end":{"line":525,"column":null}},"254":{"start":{"line":526,"column":36},"end":{"line":526,"column":null}},"255":{"start":{"line":528,"column":32},"end":{"line":528,"column":null}},"256":{"start":{"line":530,"column":32},"end":{"line":532,"column":null}},"257":{"start":{"line":531,"column":36},"end":{"line":531,"column":null}},"258":{"start":{"line":531,"column":57},"end":{"line":531,"column":null}},"259":{"start":{"line":534,"column":28},"end":{"line":534,"column":null}},"260":{"start":{"line":536,"column":24},"end":{"line":536,"column":null}},"261":{"start":{"line":538,"column":24},"end":{"line":538,"column":null}},"262":{"start":{"line":539,"column":24},"end":{"line":539,"column":null}},"263":{"start":{"line":541,"column":20},"end":{"line":541,"column":null}},"264":{"start":{"line":542,"column":20},"end":{"line":542,"column":null}},"265":{"start":{"line":544,"column":20},"end":{"line":544,"column":null}},"266":{"start":{"line":546,"column":16},"end":{"line":546,"column":null}},"267":{"start":{"line":551,"column":8},"end":{"line":554,"column":null}},"268":{"start":{"line":553,"column":12},"end":{"line":553,"column":null}},"269":{"start":{"line":557,"column":8},"end":{"line":561,"column":null}},"270":{"start":{"line":559,"column":12},"end":{"line":559,"column":null}},"271":{"start":{"line":560,"column":12},"end":{"line":560,"column":null}},"272":{"start":{"line":567,"column":30},"end":{"line":577,"column":null}},"273":{"start":{"line":568,"column":20},"end":{"line":568,"column":null}},"274":{"start":{"line":569,"column":8},"end":{"line":569,"column":null}},"275":{"start":{"line":569,"column":29},"end":{"line":569,"column":null}},"276":{"start":{"line":571,"column":22},"end":{"line":571,"column":null}},"277":{"start":{"line":572,"column":25},"end":{"line":572,"column":null}},"278":{"start":{"line":573,"column":8},"end":{"line":573,"column":null}},"279":{"start":{"line":574,"column":8},"end":{"line":574,"column":null}},"280":{"start":{"line":576,"column":8},"end":{"line":576,"column":null}},"281":{"start":{"line":582,"column":30},"end":{"line":618,"column":null}},"282":{"start":{"line":583,"column":22},"end":{"line":583,"column":null}},"283":{"start":{"line":584,"column":20},"end":{"line":584,"column":null}},"284":{"start":{"line":586,"column":25},"end":{"line":586,"column":null}},"285":{"start":{"line":587,"column":20},"end":{"line":587,"column":null}},"286":{"start":{"line":589,"column":25},"end":{"line":607,"column":null}},"287":{"start":{"line":590,"column":12},"end":{"line":590,"column":null}},"288":{"start":{"line":590,"column":23},"end":{"line":590,"column":null}},"289":{"start":{"line":592,"column":12},"end":{"line":606,"column":null}},"290":{"start":{"line":593,"column":35},"end":{"line":593,"column":null}},"291":{"start":{"line":594,"column":16},"end":{"line":599,"column":null}},"292":{"start":{"line":595,"column":20},"end":{"line":595,"column":null}},"293":{"start":{"line":596,"column":20},"end":{"line":596,"column":null}},"294":{"start":{"line":597,"column":20},"end":{"line":597,"column":null}},"295":{"start":{"line":598,"column":20},"end":{"line":598,"column":null}},"296":{"start":{"line":600,"column":16},"end":{"line":600,"column":null}},"297":{"start":{"line":602,"column":16},"end":{"line":605,"column":null}},"298":{"start":{"line":603,"column":20},"end":{"line":603,"column":null}},"299":{"start":{"line":604,"column":20},"end":{"line":604,"column":null}},"300":{"start":{"line":604,"column":31},"end":{"line":604,"column":null}},"301":{"start":{"line":609,"column":8},"end":{"line":609,"column":null}},"302":{"start":{"line":611,"column":8},"end":{"line":614,"column":null}},"303":{"start":{"line":612,"column":12},"end":{"line":612,"column":null}},"304":{"start":{"line":613,"column":12},"end":{"line":613,"column":null}},"305":{"start":{"line":616,"column":8},"end":{"line":616,"column":null}},"306":{"start":{"line":617,"column":8},"end":{"line":617,"column":null}},"307":{"start":{"line":625,"column":26},"end":{"line":635,"column":null}},"308":{"start":{"line":626,"column":20},"end":{"line":626,"column":null}},"309":{"start":{"line":627,"column":8},"end":{"line":633,"column":null}},"310":{"start":{"line":627,"column":21},"end":{"line":627,"column":24}},"311":{"start":{"line":628,"column":12},"end":{"line":632,"column":null}},"312":{"start":{"line":629,"column":16},"end":{"line":629,"column":null}},"313":{"start":{"line":631,"column":16},"end":{"line":631,"column":null}},"314":{"start":{"line":634,"column":8},"end":{"line":634,"column":null}},"315":{"start":{"line":642,"column":4},"end":{"line":780,"column":null}},"316":{"start":{"line":643,"column":8},"end":{"line":643,"column":null}},"317":{"start":{"line":643,"column":61},"end":{"line":643,"column":null}},"318":{"start":{"line":645,"column":31},"end":{"line":645,"column":null}},"319":{"start":{"line":646,"column":28},"end":{"line":646,"column":null}},"320":{"start":{"line":646,"column":65},"end":{"line":646,"column":97}},"321":{"start":{"line":647,"column":25},"end":{"line":647,"column":null}},"322":{"start":{"line":647,"column":47},"end":{"line":647,"column":51}},"323":{"start":{"line":651,"column":12},"end":{"line":652,"column":null}},"324":{"start":{"line":652,"column":40},"end":{"line":652,"column":58}},"325":{"start":{"line":655,"column":28},"end":{"line":660,"column":null}},"326":{"start":{"line":656,"column":26},"end":{"line":656,"column":null}},"327":{"start":{"line":657,"column":12},"end":{"line":657,"column":null}},"328":{"start":{"line":657,"column":24},"end":{"line":657,"column":null}},"329":{"start":{"line":658,"column":32},"end":{"line":658,"column":null}},"330":{"start":{"line":659,"column":12},"end":{"line":659,"column":null}},"331":{"start":{"line":662,"column":8},"end":{"line":774,"column":null}},"332":{"start":{"line":664,"column":24},"end":{"line":664,"column":null}},"333":{"start":{"line":665,"column":31},"end":{"line":665,"column":null}},"334":{"start":{"line":666,"column":30},"end":{"line":666,"column":null}},"335":{"start":{"line":668,"column":12},"end":{"line":680,"column":null}},"336":{"start":{"line":669,"column":30},"end":{"line":669,"column":null}},"337":{"start":{"line":671,"column":34},"end":{"line":671,"column":null}},"338":{"start":{"line":672,"column":32},"end":{"line":674,"column":null}},"339":{"start":{"line":676,"column":16},"end":{"line":679,"column":null}},"340":{"start":{"line":677,"column":20},"end":{"line":677,"column":null}},"341":{"start":{"line":678,"column":20},"end":{"line":678,"column":null}},"342":{"start":{"line":683,"column":12},"end":{"line":683,"column":null}},"343":{"start":{"line":686,"column":33},"end":{"line":686,"column":null}},"344":{"start":{"line":688,"column":12},"end":{"line":709,"column":null}},"345":{"start":{"line":689,"column":28},"end":{"line":689,"column":null}},"346":{"start":{"line":690,"column":27},"end":{"line":690,"column":null}},"347":{"start":{"line":691,"column":16},"end":{"line":691,"column":null}},"348":{"start":{"line":692,"column":16},"end":{"line":692,"column":null}},"349":{"start":{"line":693,"column":16},"end":{"line":693,"column":null}},"350":{"start":{"line":694,"column":16},"end":{"line":694,"column":null}},"351":{"start":{"line":695,"column":16},"end":{"line":695,"column":null}},"352":{"start":{"line":696,"column":16},"end":{"line":696,"column":null}},"353":{"start":{"line":699,"column":16},"end":{"line":706,"column":null}},"354":{"start":{"line":700,"column":20},"end":{"line":702,"column":null}},"355":{"start":{"line":701,"column":24},"end":{"line":701,"column":null}},"356":{"start":{"line":703,"column":20},"end":{"line":703,"column":null}},"357":{"start":{"line":705,"column":20},"end":{"line":705,"column":null}},"358":{"start":{"line":708,"column":16},"end":{"line":708,"column":null}},"359":{"start":{"line":712,"column":32},"end":{"line":712,"column":null}},"360":{"start":{"line":713,"column":31},"end":{"line":713,"column":null}},"361":{"start":{"line":716,"column":12},"end":{"line":721,"column":null}},"362":{"start":{"line":717,"column":16},"end":{"line":717,"column":null}},"363":{"start":{"line":719,"column":30},"end":{"line":719,"column":null}},"364":{"start":{"line":719,"column":53},"end":{"line":719,"column":75}},"365":{"start":{"line":720,"column":16},"end":{"line":720,"column":null}},"366":{"start":{"line":723,"column":12},"end":{"line":731,"column":null}},"367":{"start":{"line":724,"column":36},"end":{"line":724,"column":null}},"368":{"start":{"line":725,"column":16},"end":{"line":730,"column":null}},"369":{"start":{"line":726,"column":20},"end":{"line":729,"column":null}},"370":{"start":{"line":727,"column":24},"end":{"line":727,"column":null}},"371":{"start":{"line":728,"column":24},"end":{"line":728,"column":null}},"372":{"start":{"line":734,"column":33},"end":{"line":734,"column":null}},"373":{"start":{"line":736,"column":12},"end":{"line":773,"column":null}},"374":{"start":{"line":737,"column":30},"end":{"line":737,"column":null}},"375":{"start":{"line":738,"column":16},"end":{"line":738,"column":null}},"376":{"start":{"line":738,"column":28},"end":{"line":738,"column":null}},"377":{"start":{"line":740,"column":16},"end":{"line":742,"column":null}},"378":{"start":{"line":741,"column":20},"end":{"line":741,"column":null}},"379":{"start":{"line":743,"column":16},"end":{"line":745,"column":null}},"380":{"start":{"line":744,"column":20},"end":{"line":744,"column":null}},"381":{"start":{"line":746,"column":16},"end":{"line":748,"column":null}},"382":{"start":{"line":747,"column":20},"end":{"line":747,"column":null}},"383":{"start":{"line":751,"column":16},"end":{"line":772,"column":null}},"384":{"start":{"line":752,"column":20},"end":{"line":762,"column":null}},"385":{"start":{"line":754,"column":24},"end":{"line":756,"column":null}},"386":{"start":{"line":755,"column":28},"end":{"line":755,"column":null}},"387":{"start":{"line":759,"column":24},"end":{"line":761,"column":null}},"388":{"start":{"line":760,"column":28},"end":{"line":760,"column":null}},"389":{"start":{"line":763,"column":20},"end":{"line":765,"column":null}},"390":{"start":{"line":764,"column":24},"end":{"line":764,"column":null}},"391":{"start":{"line":766,"column":20},"end":{"line":766,"column":null}},"392":{"start":{"line":768,"column":20},"end":{"line":768,"column":null}},"393":{"start":{"line":769,"column":20},"end":{"line":771,"column":null}},"394":{"start":{"line":770,"column":24},"end":{"line":770,"column":null}},"395":{"start":{"line":777,"column":8},"end":{"line":777,"column":null}},"396":{"start":{"line":779,"column":8},"end":{"line":779,"column":null}},"397":{"start":{"line":783,"column":4},"end":{"line":796,"column":null}},"398":{"start":{"line":784,"column":35},"end":{"line":792,"column":null}},"399":{"start":{"line":785,"column":12},"end":{"line":791,"column":null}},"400":{"start":{"line":789,"column":16},"end":{"line":789,"column":null}},"401":{"start":{"line":790,"column":16},"end":{"line":790,"column":null}},"402":{"start":{"line":794,"column":8},"end":{"line":794,"column":null}},"403":{"start":{"line":795,"column":8},"end":{"line":795,"column":null}},"404":{"start":{"line":795,"column":21},"end":{"line":795,"column":null}},"405":{"start":{"line":799,"column":4},"end":{"line":834,"column":null}},"406":{"start":{"line":800,"column":38},"end":{"line":824,"column":null}},"407":{"start":{"line":801,"column":12},"end":{"line":801,"column":null}},"408":{"start":{"line":801,"column":36},"end":{"line":801,"column":null}},"409":{"start":{"line":803,"column":24},"end":{"line":803,"column":null}},"410":{"start":{"line":804,"column":12},"end":{"line":807,"column":null}},"411":{"start":{"line":805,"column":16},"end":{"line":805,"column":null}},"412":{"start":{"line":806,"column":16},"end":{"line":806,"column":null}},"413":{"start":{"line":809,"column":26},"end":{"line":809,"column":null}},"414":{"start":{"line":810,"column":30},"end":{"line":810,"column":null}},"415":{"start":{"line":811,"column":28},"end":{"line":813,"column":null}},"416":{"start":{"line":815,"column":12},"end":{"line":820,"column":null}},"417":{"start":{"line":816,"column":32},"end":{"line":816,"column":null}},"418":{"start":{"line":817,"column":16},"end":{"line":817,"column":null}},"419":{"start":{"line":819,"column":16},"end":{"line":819,"column":null}},"420":{"start":{"line":823,"column":12},"end":{"line":823,"column":null}},"421":{"start":{"line":826,"column":14},"end":{"line":826,"column":null}},"422":{"start":{"line":827,"column":8},"end":{"line":827,"column":null}},"423":{"start":{"line":829,"column":8},"end":{"line":833,"column":null}},"424":{"start":{"line":830,"column":12},"end":{"line":830,"column":null}},"425":{"start":{"line":832,"column":12},"end":{"line":832,"column":null}},"426":{"start":{"line":837,"column":4},"end":{"line":865,"column":null}},"427":{"start":{"line":838,"column":8},"end":{"line":838,"column":null}},"428":{"start":{"line":838,"column":32},"end":{"line":838,"column":null}},"429":{"start":{"line":840,"column":30},"end":{"line":840,"column":null}},"430":{"start":{"line":841,"column":8},"end":{"line":864,"column":null}},"431":{"start":{"line":842,"column":28},"end":{"line":842,"column":null}},"432":{"start":{"line":845,"column":12},"end":{"line":849,"column":null}},"433":{"start":{"line":846,"column":16},"end":{"line":846,"column":null}},"434":{"start":{"line":848,"column":16},"end":{"line":848,"column":null}},"435":{"start":{"line":852,"column":12},"end":{"line":856,"column":null}},"436":{"start":{"line":853,"column":16},"end":{"line":853,"column":null}},"437":{"start":{"line":855,"column":16},"end":{"line":855,"column":null}},"438":{"start":{"line":859,"column":12},"end":{"line":863,"column":null}},"439":{"start":{"line":860,"column":16},"end":{"line":860,"column":null}},"440":{"start":{"line":862,"column":16},"end":{"line":862,"column":null}},"441":{"start":{"line":870,"column":4},"end":{"line":872,"column":null}},"442":{"start":{"line":871,"column":8},"end":{"line":871,"column":null}},"443":{"start":{"line":875,"column":4},"end":{"line":888,"column":null}},"444":{"start":{"line":876,"column":8},"end":{"line":876,"column":null}},"445":{"start":{"line":876,"column":32},"end":{"line":876,"column":null}},"446":{"start":{"line":878,"column":31},"end":{"line":880,"column":null}},"447":{"start":{"line":879,"column":12},"end":{"line":879,"column":null}},"448":{"start":{"line":882,"column":8},"end":{"line":882,"column":null}},"449":{"start":{"line":887,"column":8},"end":{"line":887,"column":null}},"450":{"start":{"line":887,"column":21},"end":{"line":887,"column":null}},"451":{"start":{"line":891,"column":4},"end":{"line":916,"column":null}},"452":{"start":{"line":892,"column":8},"end":{"line":892,"column":null}},"453":{"start":{"line":892,"column":32},"end":{"line":892,"column":null}},"454":{"start":{"line":895,"column":8},"end":{"line":915,"column":null}},"455":{"start":{"line":896,"column":31},"end":{"line":896,"column":null}},"456":{"start":{"line":897,"column":12},"end":{"line":914,"column":null}},"457":{"start":{"line":898,"column":16},"end":{"line":898,"column":null}},"458":{"start":{"line":900,"column":30},"end":{"line":900,"column":null}},"459":{"start":{"line":901,"column":28},"end":{"line":901,"column":null}},"460":{"start":{"line":902,"column":16},"end":{"line":902,"column":null}},"461":{"start":{"line":903,"column":16},"end":{"line":903,"column":null}},"462":{"start":{"line":904,"column":16},"end":{"line":904,"column":null}},"463":{"start":{"line":905,"column":16},"end":{"line":905,"column":null}},"464":{"start":{"line":908,"column":32},"end":{"line":908,"column":null}},"465":{"start":{"line":909,"column":16},"end":{"line":909,"column":null}},"466":{"start":{"line":910,"column":16},"end":{"line":910,"column":null}},"467":{"start":{"line":913,"column":16},"end":{"line":913,"column":null}},"468":{"start":{"line":919,"column":26},"end":{"line":919,"column":null}},"469":{"start":{"line":922,"column":28},"end":{"line":926,"column":null}},"470":{"start":{"line":928,"column":4},"end":{"line":1027,"column":null}},"471":{"start":{"line":933,"column":20},"end":{"line":945,"column":null}},"472":{"start":{"line":941,"column":48},"end":{"line":941,"column":null}},"473":{"start":{"line":960,"column":20},"end":{"line":968,"column":null}},"474":{"start":{"line":967,"column":24},"end":{"line":967,"column":null}},"475":{"start":{"line":971,"column":36},"end":{"line":971,"column":null}},"476":{"start":{"line":972,"column":20},"end":{"line":979,"column":null}},"477":{"start":{"line":973,"column":40},"end":{"line":973,"column":null}},"478":{"start":{"line":974,"column":24},"end":{"line":976,"column":null}},"479":{"start":{"line":975,"column":28},"end":{"line":975,"column":null}},"480":{"start":{"line":978,"column":24},"end":{"line":978,"column":null}},"481":{"start":{"line":981,"column":36},"end":{"line":981,"column":null}},"482":{"start":{"line":1003,"column":24},"end":{"line":1008,"column":null}}},"fnMap":{"0":{"name":"(anonymous_0)","decl":{"start":{"line":39,"column":27},"end":{"line":39,"column":33}},"loc":{"start":{"line":39,"column":33},"end":{"line":1029,"column":null}},"line":39},"1":{"name":"(anonymous_1)","decl":{"start":{"line":100,"column":46},"end":{"line":100,"column":52}},"loc":{"start":{"line":100,"column":52},"end":{"line":127,"column":7}},"line":100},"2":{"name":"(anonymous_2)","decl":{"start":{"line":106,"column":30},"end":{"line":106,"column":31}},"loc":{"start":{"line":106,"column":38},"end":{"line":119,"column":9}},"line":106},"3":{"name":"(anonymous_3)","decl":{"start":{"line":122,"column":27},"end":{"line":122,"column":35}},"loc":{"start":{"line":122,"column":35},"end":{"line":126,"column":9}},"line":122},"4":{"name":"(anonymous_4)","decl":{"start":{"line":123,"column":63},"end":{"line":123,"column":70}},"loc":{"start":{"line":123,"column":70},"end":{"line":123,"column":101}},"line":123},"5":{"name":"(anonymous_5)","decl":{"start":{"line":133,"column":39},"end":{"line":133,"column":45}},"loc":{"start":{"line":133,"column":45},"end":{"line":164,"column":7}},"line":133},"6":{"name":"(anonymous_6)","decl":{"start":{"line":141,"column":30},"end":{"line":141,"column":31}},"loc":{"start":{"line":141,"column":38},"end":{"line":151,"column":9}},"line":141},"7":{"name":"(anonymous_7)","decl":{"start":{"line":154,"column":42},"end":{"line":154,"column":43}},"loc":{"start":{"line":154,"column":59},"end":{"line":157,"column":9}},"line":154},"8":{"name":"(anonymous_8)","decl":{"start":{"line":177,"column":41},"end":{"line":177,"column":47}},"loc":{"start":{"line":177,"column":47},"end":{"line":189,"column":7}},"line":177},"9":{"name":"(anonymous_9)","decl":{"start":{"line":181,"column":30},"end":{"line":181,"column":31}},"loc":{"start":{"line":181,"column":38},"end":{"line":188,"column":9}},"line":181},"10":{"name":"(anonymous_10)","decl":{"start":{"line":194,"column":36},"end":{"line":194,"column":37}},"loc":{"start":{"line":194,"column":43},"end":{"line":270,"column":7}},"line":194},"11":{"name":"(anonymous_11)","decl":{"start":{"line":275,"column":38},"end":{"line":275,"column":39}},"loc":{"start":{"line":275,"column":45},"end":{"line":562,"column":7}},"line":275},"12":{"name":"(anonymous_12)","decl":{"start":{"line":292,"column":23},"end":{"line":292,"column":29}},"loc":{"start":{"line":292,"column":29},"end":{"line":295,"column":15}},"line":292},"13":{"name":"(anonymous_13)","decl":{"start":{"line":317,"column":27},"end":{"line":317,"column":33}},"loc":{"start":{"line":317,"column":33},"end":{"line":321,"column":19}},"line":317},"14":{"name":"(anonymous_14)","decl":{"start":{"line":474,"column":41},"end":{"line":474,"column":42}},"loc":{"start":{"line":474,"column":51},"end":{"line":488,"column":null}},"line":474},"15":{"name":"(anonymous_15)","decl":{"start":{"line":521,"column":41},"end":{"line":521,"column":42}},"loc":{"start":{"line":521,"column":51},"end":{"line":535,"column":null}},"line":521},"16":{"name":"(anonymous_16)","decl":{"start":{"line":567,"column":30},"end":{"line":567,"column":31}},"loc":{"start":{"line":567,"column":43},"end":{"line":577,"column":null}},"line":567},"17":{"name":"(anonymous_17)","decl":{"start":{"line":582,"column":30},"end":{"line":582,"column":31}},"loc":{"start":{"line":582,"column":53},"end":{"line":618,"column":null}},"line":582},"18":{"name":"(anonymous_18)","decl":{"start":{"line":589,"column":25},"end":{"line":589,"column":26}},"loc":{"start":{"line":589,"column":35},"end":{"line":607,"column":null}},"line":589},"19":{"name":"(anonymous_19)","decl":{"start":{"line":625,"column":26},"end":{"line":625,"column":27}},"loc":{"start":{"line":625,"column":37},"end":{"line":635,"column":null}},"line":625},"20":{"name":"(anonymous_20)","decl":{"start":{"line":642,"column":20},"end":{"line":642,"column":26}},"loc":{"start":{"line":642,"column":26},"end":{"line":780,"column":7}},"line":642},"21":{"name":"(anonymous_21)","decl":{"start":{"line":646,"column":59},"end":{"line":646,"column":65}},"loc":{"start":{"line":646,"column":65},"end":{"line":646,"column":97}},"line":646},"22":{"name":"(anonymous_22)","decl":{"start":{"line":647,"column":42},"end":{"line":647,"column":47}},"loc":{"start":{"line":647,"column":47},"end":{"line":647,"column":51}},"line":647},"23":{"name":"(anonymous_23)","decl":{"start":{"line":652,"column":29},"end":{"line":652,"column":30}},"loc":{"start":{"line":652,"column":40},"end":{"line":652,"column":58}},"line":652},"24":{"name":"(anonymous_24)","decl":{"start":{"line":655,"column":81},"end":{"line":655,"column":82}},"loc":{"start":{"line":655,"column":92},"end":{"line":660,"column":9}},"line":655},"25":{"name":"(anonymous_25)","decl":{"start":{"line":688,"column":33},"end":{"line":688,"column":34}},"loc":{"start":{"line":688,"column":51},"end":{"line":709,"column":13}},"line":688},"26":{"name":"(anonymous_26)","decl":{"start":{"line":719,"column":48},"end":{"line":719,"column":53}},"loc":{"start":{"line":719,"column":53},"end":{"line":719,"column":75}},"line":719},"27":{"name":"(anonymous_27)","decl":{"start":{"line":726,"column":42},"end":{"line":726,"column":48}},"loc":{"start":{"line":726,"column":48},"end":{"line":729,"column":21}},"line":726},"28":{"name":"(anonymous_28)","decl":{"start":{"line":736,"column":35},"end":{"line":736,"column":36}},"loc":{"start":{"line":736,"column":46},"end":{"line":773,"column":13}},"line":736},"29":{"name":"(anonymous_29)","decl":{"start":{"line":783,"column":14},"end":{"line":783,"column":20}},"loc":{"start":{"line":783,"column":20},"end":{"line":796,"column":7}},"line":783},"30":{"name":"(anonymous_30)","decl":{"start":{"line":784,"column":35},"end":{"line":784,"column":36}},"loc":{"start":{"line":784,"column":42},"end":{"line":792,"column":null}},"line":784},"31":{"name":"(anonymous_31)","decl":{"start":{"line":795,"column":15},"end":{"line":795,"column":21}},"loc":{"start":{"line":795,"column":21},"end":{"line":795,"column":null}},"line":795},"32":{"name":"(anonymous_32)","decl":{"start":{"line":799,"column":14},"end":{"line":799,"column":20}},"loc":{"start":{"line":799,"column":20},"end":{"line":834,"column":7}},"line":799},"33":{"name":"(anonymous_33)","decl":{"start":{"line":800,"column":38},"end":{"line":800,"column":44}},"loc":{"start":{"line":800,"column":44},"end":{"line":824,"column":null}},"line":800},"34":{"name":"(anonymous_34)","decl":{"start":{"line":829,"column":15},"end":{"line":829,"column":21}},"loc":{"start":{"line":829,"column":21},"end":{"line":833,"column":null}},"line":829},"35":{"name":"(anonymous_35)","decl":{"start":{"line":837,"column":14},"end":{"line":837,"column":20}},"loc":{"start":{"line":837,"column":20},"end":{"line":865,"column":7}},"line":837},"36":{"name":"(anonymous_36)","decl":{"start":{"line":841,"column":30},"end":{"line":841,"column":31}},"loc":{"start":{"line":841,"column":38},"end":{"line":864,"column":9}},"line":841},"37":{"name":"(anonymous_37)","decl":{"start":{"line":870,"column":20},"end":{"line":870,"column":26}},"loc":{"start":{"line":870,"column":26},"end":{"line":872,"column":7}},"line":870},"38":{"name":"(anonymous_38)","decl":{"start":{"line":875,"column":14},"end":{"line":875,"column":20}},"loc":{"start":{"line":875,"column":20},"end":{"line":888,"column":7}},"line":875},"39":{"name":"(anonymous_39)","decl":{"start":{"line":878,"column":50},"end":{"line":878,"column":56}},"loc":{"start":{"line":878,"column":56},"end":{"line":880,"column":9}},"line":878},"40":{"name":"(anonymous_40)","decl":{"start":{"line":887,"column":15},"end":{"line":887,"column":21}},"loc":{"start":{"line":887,"column":21},"end":{"line":887,"column":null}},"line":887},"41":{"name":"(anonymous_41)","decl":{"start":{"line":891,"column":14},"end":{"line":891,"column":20}},"loc":{"start":{"line":891,"column":20},"end":{"line":916,"column":7}},"line":891},"42":{"name":"(anonymous_42)","decl":{"start":{"line":895,"column":30},"end":{"line":895,"column":36}},"loc":{"start":{"line":895,"column":36},"end":{"line":915,"column":9}},"line":895},"43":{"name":"(anonymous_43)","decl":{"start":{"line":932,"column":34},"end":{"line":932,"column":35}},"loc":{"start":{"line":933,"column":20},"end":{"line":945,"column":null}},"line":933},"44":{"name":"(anonymous_44)","decl":{"start":{"line":941,"column":41},"end":{"line":941,"column":42}},"loc":{"start":{"line":941,"column":48},"end":{"line":941,"column":null}},"line":941},"45":{"name":"(anonymous_45)","decl":{"start":{"line":957,"column":29},"end":{"line":957,"column":30}},"loc":{"start":{"line":957,"column":36},"end":{"line":969,"column":null}},"line":957},"46":{"name":"(anonymous_46)","decl":{"start":{"line":970,"column":29},"end":{"line":970,"column":30}},"loc":{"start":{"line":970,"column":36},"end":{"line":980,"column":null}},"line":970},"47":{"name":"(anonymous_47)","decl":{"start":{"line":981,"column":30},"end":{"line":981,"column":36}},"loc":{"start":{"line":981,"column":36},"end":{"line":981,"column":null}},"line":981},"48":{"name":"(anonymous_48)","decl":{"start":{"line":1002,"column":51},"end":{"line":1002,"column":52}},"loc":{"start":{"line":1003,"column":24},"end":{"line":1008,"column":null}},"line":1003}},"branchMap":{"0":{"loc":{"start":{"line":101,"column":8},"end":{"line":101,"column":null}},"type":"if","locations":[{"start":{"line":101,"column":8},"end":{"line":101,"column":null}},{"start":{},"end":{}}],"line":101},"1":{"loc":{"start":{"line":109,"column":31},"end":{"line":109,"column":null}},"type":"binary-expr","locations":[{"start":{"line":109,"column":31},"end":{"line":109,"column":61}},{"start":{"line":109,"column":61},"end":{"line":109,"column":null}}],"line":109},"2":{"loc":{"start":{"line":110,"column":31},"end":{"line":110,"column":null}},"type":"binary-expr","locations":[{"start":{"line":110,"column":31},"end":{"line":110,"column":61}},{"start":{"line":110,"column":61},"end":{"line":110,"column":null}}],"line":110},"3":{"loc":{"start":{"line":123,"column":32},"end":{"line":124,"column":null}},"type":"binary-expr","locations":[{"start":{"line":123,"column":32},"end":{"line":123,"column":null}},{"start":{"line":124,"column":16},"end":{"line":124,"column":null}}],"line":123},"4":{"loc":{"start":{"line":125,"column":19},"end":{"line":125,"column":null}},"type":"cond-expr","locations":[{"start":{"line":125,"column":33},"end":{"line":125,"column":48}},{"start":{"line":125,"column":48},"end":{"line":125,"column":null}}],"line":125},"5":{"loc":{"start":{"line":134,"column":8},"end":{"line":134,"column":null}},"type":"if","locations":[{"start":{"line":134,"column":8},"end":{"line":134,"column":null}},{"start":{},"end":{}}],"line":134},"6":{"loc":{"start":{"line":134,"column":12},"end":{"line":134,"column":61}},"type":"binary-expr","locations":[{"start":{"line":134,"column":12},"end":{"line":134,"column":34}},{"start":{"line":134,"column":34},"end":{"line":134,"column":61}}],"line":134},"7":{"loc":{"start":{"line":143,"column":30},"end":{"line":143,"column":null}},"type":"binary-expr","locations":[{"start":{"line":143,"column":30},"end":{"line":143,"column":68}},{"start":{"line":143,"column":68},"end":{"line":143,"column":null}}],"line":143},"8":{"loc":{"start":{"line":154,"column":27},"end":{"line":157,"column":null}},"type":"binary-expr","locations":[{"start":{"line":154,"column":27},"end":{"line":157,"column":14}},{"start":{"line":157,"column":14},"end":{"line":157,"column":null}}],"line":154},"9":{"loc":{"start":{"line":156,"column":19},"end":{"line":156,"column":null}},"type":"binary-expr","locations":[{"start":{"line":156,"column":19},"end":{"line":156,"column":32}},{"start":{"line":156,"column":32},"end":{"line":156,"column":73}},{"start":{"line":156,"column":73},"end":{"line":156,"column":null}}],"line":156},"10":{"loc":{"start":{"line":159,"column":8},"end":{"line":161,"column":null}},"type":"if","locations":[{"start":{"line":159,"column":8},"end":{"line":161,"column":null}},{"start":{},"end":{}}],"line":159},"11":{"loc":{"start":{"line":159,"column":12},"end":{"line":159,"column":48}},"type":"binary-expr","locations":[{"start":{"line":159,"column":12},"end":{"line":159,"column":26}},{"start":{"line":159,"column":26},"end":{"line":159,"column":48}}],"line":159},"12":{"loc":{"start":{"line":178,"column":8},"end":{"line":178,"column":null}},"type":"if","locations":[{"start":{"line":178,"column":8},"end":{"line":178,"column":null}},{"start":{},"end":{}}],"line":178},"13":{"loc":{"start":{"line":182,"column":32},"end":{"line":182,"column":null}},"type":"binary-expr","locations":[{"start":{"line":182,"column":32},"end":{"line":182,"column":58}},{"start":{"line":182,"column":58},"end":{"line":182,"column":null}}],"line":182},"14":{"loc":{"start":{"line":183,"column":12},"end":{"line":187,"column":null}},"type":"if","locations":[{"start":{"line":183,"column":12},"end":{"line":187,"column":null}},{"start":{"line":185,"column":19},"end":{"line":187,"column":null}}],"line":183},"15":{"loc":{"start":{"line":197,"column":8},"end":{"line":197,"column":null}},"type":"if","locations":[{"start":{"line":197,"column":8},"end":{"line":197,"column":null}},{"start":{},"end":{}}],"line":197},"16":{"loc":{"start":{"line":199,"column":24},"end":{"line":201,"column":null}},"type":"cond-expr","locations":[{"start":{"line":200,"column":14},"end":{"line":200,"column":null}},{"start":{"line":201,"column":14},"end":{"line":201,"column":null}}],"line":199},"17":{"loc":{"start":{"line":203,"column":8},"end":{"line":266,"column":null}},"type":"if","locations":[{"start":{"line":203,"column":8},"end":{"line":266,"column":null}},{"start":{},"end":{}}],"line":203},"18":{"loc":{"start":{"line":204,"column":32},"end":{"line":204,"column":null}},"type":"binary-expr","locations":[{"start":{"line":204,"column":32},"end":{"line":204,"column":55}},{"start":{"line":204,"column":55},"end":{"line":204,"column":null}}],"line":204},"19":{"loc":{"start":{"line":209,"column":12},"end":{"line":265,"column":null}},"type":"if","locations":[{"start":{"line":209,"column":12},"end":{"line":265,"column":null}},{"start":{},"end":{}}],"line":209},"20":{"loc":{"start":{"line":211,"column":20},"end":{"line":263,"column":null}},"type":"if","locations":[{"start":{"line":211,"column":20},"end":{"line":263,"column":null}},{"start":{},"end":{}}],"line":211},"21":{"loc":{"start":{"line":219,"column":24},"end":{"line":259,"column":null}},"type":"if","locations":[{"start":{"line":219,"column":24},"end":{"line":259,"column":null}},{"start":{"line":252,"column":24},"end":{"line":259,"column":null}}],"line":219},"22":{"loc":{"start":{"line":228,"column":28},"end":{"line":237,"column":null}},"type":"if","locations":[{"start":{"line":228,"column":28},"end":{"line":237,"column":null}},{"start":{},"end":{}}],"line":228},"23":{"loc":{"start":{"line":231,"column":55},"end":{"line":231,"column":null}},"type":"binary-expr","locations":[{"start":{"line":231,"column":55},"end":{"line":231,"column":63}},{"start":{"line":231,"column":63},"end":{"line":231,"column":null}}],"line":231},"24":{"loc":{"start":{"line":232,"column":32},"end":{"line":234,"column":null}},"type":"if","locations":[{"start":{"line":232,"column":32},"end":{"line":234,"column":null}},{"start":{},"end":{}}],"line":232},"25":{"loc":{"start":{"line":244,"column":28},"end":{"line":248,"column":null}},"type":"if","locations":[{"start":{"line":244,"column":28},"end":{"line":248,"column":null}},{"start":{"line":246,"column":35},"end":{"line":248,"column":null}}],"line":244},"26":{"loc":{"start":{"line":252,"column":24},"end":{"line":259,"column":null}},"type":"if","locations":[{"start":{"line":252,"column":24},"end":{"line":259,"column":null}},{"start":{},"end":{}}],"line":252},"27":{"loc":{"start":{"line":277,"column":8},"end":{"line":277,"column":null}},"type":"if","locations":[{"start":{"line":277,"column":8},"end":{"line":277,"column":null}},{"start":{},"end":{}}],"line":277},"28":{"loc":{"start":{"line":280,"column":24},"end":{"line":282,"column":null}},"type":"cond-expr","locations":[{"start":{"line":281,"column":14},"end":{"line":281,"column":null}},{"start":{"line":282,"column":14},"end":{"line":282,"column":null}}],"line":280},"29":{"loc":{"start":{"line":284,"column":8},"end":{"line":284,"column":null}},"type":"if","locations":[{"start":{"line":284,"column":8},"end":{"line":284,"column":null}},{"start":{},"end":{}}],"line":284},"30":{"loc":{"start":{"line":287,"column":26},"end":{"line":287,"column":null}},"type":"binary-expr","locations":[{"start":{"line":287,"column":26},"end":{"line":287,"column":69}},{"start":{"line":287,"column":69},"end":{"line":287,"column":null}}],"line":287},"31":{"loc":{"start":{"line":288,"column":28},"end":{"line":288,"column":null}},"type":"binary-expr","locations":[{"start":{"line":288,"column":28},"end":{"line":288,"column":51}},{"start":{"line":288,"column":51},"end":{"line":288,"column":null}}],"line":288},"32":{"loc":{"start":{"line":291,"column":8},"end":{"line":297,"column":null}},"type":"if","locations":[{"start":{"line":291,"column":8},"end":{"line":297,"column":null}},{"start":{},"end":{}}],"line":291},"33":{"loc":{"start":{"line":291,"column":12},"end":{"line":291,"column":48}},"type":"binary-expr","locations":[{"start":{"line":291,"column":12},"end":{"line":291,"column":29}},{"start":{"line":291,"column":29},"end":{"line":291,"column":48}}],"line":291},"34":{"loc":{"start":{"line":300,"column":8},"end":{"line":323,"column":null}},"type":"if","locations":[{"start":{"line":300,"column":8},"end":{"line":323,"column":null}},{"start":{},"end":{}}],"line":300},"35":{"loc":{"start":{"line":300,"column":12},"end":{"line":300,"column":63}},"type":"binary-expr","locations":[{"start":{"line":300,"column":12},"end":{"line":300,"column":32}},{"start":{"line":300,"column":32},"end":{"line":300,"column":63}}],"line":300},"36":{"loc":{"start":{"line":301,"column":12},"end":{"line":304,"column":null}},"type":"if","locations":[{"start":{"line":301,"column":12},"end":{"line":304,"column":null}},{"start":{},"end":{}}],"line":301},"37":{"loc":{"start":{"line":305,"column":12},"end":{"line":309,"column":null}},"type":"if","locations":[{"start":{"line":305,"column":12},"end":{"line":309,"column":null}},{"start":{},"end":{}}],"line":305},"38":{"loc":{"start":{"line":311,"column":12},"end":{"line":313,"column":null}},"type":"if","locations":[{"start":{"line":311,"column":12},"end":{"line":313,"column":null}},{"start":{},"end":{}}],"line":311},"39":{"loc":{"start":{"line":311,"column":16},"end":{"line":311,"column":83}},"type":"binary-expr","locations":[{"start":{"line":311,"column":16},"end":{"line":311,"column":39}},{"start":{"line":311,"column":39},"end":{"line":311,"column":64}},{"start":{"line":311,"column":64},"end":{"line":311,"column":83}}],"line":311},"40":{"loc":{"start":{"line":316,"column":12},"end":{"line":322,"column":null}},"type":"if","locations":[{"start":{"line":316,"column":12},"end":{"line":322,"column":null}},{"start":{},"end":{}}],"line":316},"41":{"loc":{"start":{"line":318,"column":40},"end":{"line":318,"column":null}},"type":"binary-expr","locations":[{"start":{"line":318,"column":40},"end":{"line":318,"column":63}},{"start":{"line":318,"column":63},"end":{"line":318,"column":null}}],"line":318},"42":{"loc":{"start":{"line":326,"column":8},"end":{"line":403,"column":null}},"type":"if","locations":[{"start":{"line":326,"column":8},"end":{"line":403,"column":null}},{"start":{},"end":{}}],"line":326},"43":{"loc":{"start":{"line":326,"column":12},"end":{"line":326,"column":46}},"type":"binary-expr","locations":[{"start":{"line":326,"column":12},"end":{"line":326,"column":33}},{"start":{"line":326,"column":33},"end":{"line":326,"column":46}}],"line":326},"44":{"loc":{"start":{"line":327,"column":12},"end":{"line":327,"column":null}},"type":"if","locations":[{"start":{"line":327,"column":12},"end":{"line":327,"column":null}},{"start":{},"end":{}}],"line":327},"45":{"loc":{"start":{"line":332,"column":12},"end":{"line":353,"column":null}},"type":"if","locations":[{"start":{"line":332,"column":12},"end":{"line":353,"column":null}},{"start":{},"end":{}}],"line":332},"46":{"loc":{"start":{"line":333,"column":16},"end":{"line":352,"column":null}},"type":"if","locations":[{"start":{"line":333,"column":16},"end":{"line":352,"column":null}},{"start":{},"end":{}}],"line":333},"47":{"loc":{"start":{"line":336,"column":20},"end":{"line":349,"column":null}},"type":"if","locations":[{"start":{"line":336,"column":20},"end":{"line":349,"column":null}},{"start":{},"end":{}}],"line":336},"48":{"loc":{"start":{"line":360,"column":12},"end":{"line":364,"column":null}},"type":"if","locations":[{"start":{"line":360,"column":12},"end":{"line":364,"column":null}},{"start":{"line":362,"column":19},"end":{"line":364,"column":null}}],"line":360},"49":{"loc":{"start":{"line":374,"column":33},"end":{"line":376,"column":null}},"type":"cond-expr","locations":[{"start":{"line":375,"column":18},"end":{"line":375,"column":null}},{"start":{"line":376,"column":18},"end":{"line":376,"column":null}}],"line":374},"50":{"loc":{"start":{"line":392,"column":12},"end":{"line":396,"column":null}},"type":"if","locations":[{"start":{"line":392,"column":12},"end":{"line":396,"column":null}},{"start":{"line":394,"column":19},"end":{"line":396,"column":null}}],"line":392},"51":{"loc":{"start":{"line":407,"column":8},"end":{"line":548,"column":null}},"type":"if","locations":[{"start":{"line":407,"column":8},"end":{"line":548,"column":null}},{"start":{},"end":{}}],"line":407},"52":{"loc":{"start":{"line":407,"column":12},"end":{"line":407,"column":57}},"type":"binary-expr","locations":[{"start":{"line":407,"column":12},"end":{"line":407,"column":37}},{"start":{"line":407,"column":37},"end":{"line":407,"column":57}}],"line":407},"53":{"loc":{"start":{"line":409,"column":12},"end":{"line":415,"column":null}},"type":"if","locations":[{"start":{"line":409,"column":12},"end":{"line":415,"column":null}},{"start":{},"end":{}}],"line":409},"54":{"loc":{"start":{"line":409,"column":16},"end":{"line":409,"column":59}},"type":"binary-expr","locations":[{"start":{"line":409,"column":16},"end":{"line":409,"column":36}},{"start":{"line":409,"column":36},"end":{"line":409,"column":59}}],"line":409},"55":{"loc":{"start":{"line":412,"column":16},"end":{"line":414,"column":null}},"type":"if","locations":[{"start":{"line":412,"column":16},"end":{"line":414,"column":null}},{"start":{},"end":{}}],"line":412},"56":{"loc":{"start":{"line":412,"column":20},"end":{"line":412,"column":66}},"type":"binary-expr","locations":[{"start":{"line":412,"column":20},"end":{"line":412,"column":41}},{"start":{"line":412,"column":41},"end":{"line":412,"column":66}}],"line":412},"57":{"loc":{"start":{"line":418,"column":12},"end":{"line":422,"column":null}},"type":"if","locations":[{"start":{"line":418,"column":12},"end":{"line":422,"column":null}},{"start":{},"end":{}}],"line":418},"58":{"loc":{"start":{"line":427,"column":12},"end":{"line":500,"column":null}},"type":"if","locations":[{"start":{"line":427,"column":12},"end":{"line":500,"column":null}},{"start":{},"end":{}}],"line":427},"59":{"loc":{"start":{"line":427,"column":16},"end":{"line":427,"column":58}},"type":"binary-expr","locations":[{"start":{"line":427,"column":16},"end":{"line":427,"column":41}},{"start":{"line":427,"column":41},"end":{"line":427,"column":58}}],"line":427},"60":{"loc":{"start":{"line":431,"column":16},"end":{"line":455,"column":null}},"type":"if","locations":[{"start":{"line":431,"column":16},"end":{"line":455,"column":null}},{"start":{},"end":{}}],"line":431},"61":{"loc":{"start":{"line":434,"column":20},"end":{"line":452,"column":null}},"type":"if","locations":[{"start":{"line":434,"column":20},"end":{"line":452,"column":null}},{"start":{},"end":{}}],"line":434},"62":{"loc":{"start":{"line":444,"column":24},"end":{"line":448,"column":null}},"type":"if","locations":[{"start":{"line":444,"column":24},"end":{"line":448,"column":null}},{"start":{"line":446,"column":31},"end":{"line":448,"column":null}}],"line":444},"63":{"loc":{"start":{"line":459,"column":16},"end":{"line":498,"column":null}},"type":"if","locations":[{"start":{"line":459,"column":16},"end":{"line":498,"column":null}},{"start":{},"end":{}}],"line":459},"64":{"loc":{"start":{"line":459,"column":20},"end":{"line":459,"column":74}},"type":"binary-expr","locations":[{"start":{"line":459,"column":20},"end":{"line":459,"column":33}},{"start":{"line":459,"column":33},"end":{"line":459,"column":74}}],"line":459},"65":{"loc":{"start":{"line":460,"column":40},"end":{"line":460,"column":null}},"type":"binary-expr","locations":[{"start":{"line":460,"column":40},"end":{"line":460,"column":65}},{"start":{"line":460,"column":65},"end":{"line":460,"column":null}}],"line":460},"66":{"loc":{"start":{"line":472,"column":20},"end":{"line":493,"column":null}},"type":"if","locations":[{"start":{"line":472,"column":20},"end":{"line":493,"column":null}},{"start":{"line":490,"column":27},"end":{"line":493,"column":null}}],"line":472},"67":{"loc":{"start":{"line":475,"column":28},"end":{"line":486,"column":null}},"type":"if","locations":[{"start":{"line":475,"column":28},"end":{"line":486,"column":null}},{"start":{"line":482,"column":35},"end":{"line":486,"column":null}}],"line":475},"68":{"loc":{"start":{"line":476,"column":32},"end":{"line":480,"column":null}},"type":"if","locations":[{"start":{"line":476,"column":32},"end":{"line":480,"column":null}},{"start":{},"end":{}}],"line":476},"69":{"loc":{"start":{"line":484,"column":36},"end":{"line":484,"column":null}},"type":"if","locations":[{"start":{"line":484,"column":36},"end":{"line":484,"column":null}},{"start":{},"end":{}}],"line":484},"70":{"loc":{"start":{"line":503,"column":12},"end":{"line":547,"column":null}},"type":"if","locations":[{"start":{"line":503,"column":12},"end":{"line":547,"column":null}},{"start":{},"end":{}}],"line":503},"71":{"loc":{"start":{"line":503,"column":16},"end":{"line":503,"column":72}},"type":"binary-expr","locations":[{"start":{"line":503,"column":16},"end":{"line":503,"column":38}},{"start":{"line":503,"column":38},"end":{"line":503,"column":72}}],"line":503},"72":{"loc":{"start":{"line":507,"column":16},"end":{"line":545,"column":null}},"type":"if","locations":[{"start":{"line":507,"column":16},"end":{"line":545,"column":null}},{"start":{},"end":{}}],"line":507},"73":{"loc":{"start":{"line":507,"column":20},"end":{"line":507,"column":74}},"type":"binary-expr","locations":[{"start":{"line":507,"column":20},"end":{"line":507,"column":33}},{"start":{"line":507,"column":33},"end":{"line":507,"column":74}}],"line":507},"74":{"loc":{"start":{"line":508,"column":40},"end":{"line":508,"column":null}},"type":"binary-expr","locations":[{"start":{"line":508,"column":40},"end":{"line":508,"column":65}},{"start":{"line":508,"column":65},"end":{"line":508,"column":null}}],"line":508},"75":{"loc":{"start":{"line":519,"column":20},"end":{"line":540,"column":null}},"type":"if","locations":[{"start":{"line":519,"column":20},"end":{"line":540,"column":null}},{"start":{"line":537,"column":27},"end":{"line":540,"column":null}}],"line":519},"76":{"loc":{"start":{"line":522,"column":28},"end":{"line":533,"column":null}},"type":"if","locations":[{"start":{"line":522,"column":28},"end":{"line":533,"column":null}},{"start":{"line":529,"column":35},"end":{"line":533,"column":null}}],"line":522},"77":{"loc":{"start":{"line":523,"column":32},"end":{"line":527,"column":null}},"type":"if","locations":[{"start":{"line":523,"column":32},"end":{"line":527,"column":null}},{"start":{},"end":{}}],"line":523},"78":{"loc":{"start":{"line":531,"column":36},"end":{"line":531,"column":null}},"type":"if","locations":[{"start":{"line":531,"column":36},"end":{"line":531,"column":null}},{"start":{},"end":{}}],"line":531},"79":{"loc":{"start":{"line":551,"column":8},"end":{"line":554,"column":null}},"type":"if","locations":[{"start":{"line":551,"column":8},"end":{"line":554,"column":null}},{"start":{},"end":{}}],"line":551},"80":{"loc":{"start":{"line":551,"column":8},"end":{"line":551,"column":55}},"type":"binary-expr","locations":[{"start":{"line":551,"column":13},"end":{"line":551,"column":26}},{"start":{"line":551,"column":26},"end":{"line":551,"column":40}},{"start":{"line":551,"column":40},"end":{"line":551,"column":55}}],"line":551},"81":{"loc":{"start":{"line":557,"column":8},"end":{"line":561,"column":null}},"type":"if","locations":[{"start":{"line":557,"column":8},"end":{"line":561,"column":null}},{"start":{},"end":{}}],"line":557},"82":{"loc":{"start":{"line":557,"column":8},"end":{"line":557,"column":55}},"type":"binary-expr","locations":[{"start":{"line":557,"column":13},"end":{"line":557,"column":26}},{"start":{"line":557,"column":26},"end":{"line":557,"column":40}},{"start":{"line":557,"column":40},"end":{"line":557,"column":55}}],"line":557},"83":{"loc":{"start":{"line":569,"column":8},"end":{"line":569,"column":null}},"type":"if","locations":[{"start":{"line":569,"column":8},"end":{"line":569,"column":null}},{"start":{},"end":{}}],"line":569},"84":{"loc":{"start":{"line":590,"column":12},"end":{"line":590,"column":null}},"type":"if","locations":[{"start":{"line":590,"column":12},"end":{"line":590,"column":null}},{"start":{},"end":{}}],"line":590},"85":{"loc":{"start":{"line":592,"column":12},"end":{"line":606,"column":null}},"type":"if","locations":[{"start":{"line":592,"column":12},"end":{"line":606,"column":null}},{"start":{"line":601,"column":19},"end":{"line":606,"column":null}}],"line":592},"86":{"loc":{"start":{"line":594,"column":16},"end":{"line":599,"column":null}},"type":"if","locations":[{"start":{"line":594,"column":16},"end":{"line":599,"column":null}},{"start":{},"end":{}}],"line":594},"87":{"loc":{"start":{"line":604,"column":20},"end":{"line":604,"column":null}},"type":"if","locations":[{"start":{"line":604,"column":20},"end":{"line":604,"column":null}},{"start":{},"end":{}}],"line":604},"88":{"loc":{"start":{"line":611,"column":8},"end":{"line":614,"column":null}},"type":"if","locations":[{"start":{"line":611,"column":8},"end":{"line":614,"column":null}},{"start":{},"end":{}}],"line":611},"89":{"loc":{"start":{"line":628,"column":12},"end":{"line":632,"column":null}},"type":"if","locations":[{"start":{"line":628,"column":12},"end":{"line":632,"column":null}},{"start":{"line":630,"column":19},"end":{"line":632,"column":null}}],"line":628},"90":{"loc":{"start":{"line":643,"column":8},"end":{"line":643,"column":null}},"type":"if","locations":[{"start":{"line":643,"column":8},"end":{"line":643,"column":null}},{"start":{},"end":{}}],"line":643},"91":{"loc":{"start":{"line":643,"column":12},"end":{"line":643,"column":61}},"type":"binary-expr","locations":[{"start":{"line":643,"column":12},"end":{"line":643,"column":34}},{"start":{"line":643,"column":34},"end":{"line":643,"column":61}}],"line":643},"92":{"loc":{"start":{"line":651,"column":12},"end":{"line":652,"column":null}},"type":"binary-expr","locations":[{"start":{"line":651,"column":12},"end":{"line":651,"column":null}},{"start":{"line":652,"column":12},"end":{"line":652,"column":null}}],"line":651},"93":{"loc":{"start":{"line":655,"column":28},"end":{"line":660,"column":null}},"type":"binary-expr","locations":[{"start":{"line":655,"column":28},"end":{"line":655,"column":49}},{"start":{"line":655,"column":49},"end":{"li
[...]
,"/Volumes/T9/project3876/frontend/src/components/Editor/hooks/useKeyboardNavigation.js": {"path":"/Volumes/T9/project3876/frontend/src/components/Editor/hooks/useKeyboardNavigation.js","statementMap":{"0":{"start":{"line":22,"column":31},"end":{"line":160,"column":6}},"1":{"start":{"line":23,"column":34},"end":{"line":23,"column":67}},"2":{"start":{"line":24,"column":33},"end":{"line":24,"column":71}},"3":{"start":{"line":27,"column":20},"end":{"line":27,"column":41}},"4":{"start":{"line":28,"column":39},"end":{"line":28,"column":91}},"5":{"start":{"line":31,"column":8},"end":{"line":35,"column":null}},"6":{"start":{"line":32,"column":12},"end":{"line":34,"column":null}},"7":{"start":{"line":33,"column":16},"end":{"line":33,"column":null}},"8":{"start":{"line":38,"column":8},"end":{"line":55,"column":null}},"9":{"start":{"line":40,"column":12},"end":{"line":44,"column":null}},"10":{"start":{"line":41,"column":16},"end":{"line":41,"column":null}},"11":{"start":{"line":42,"column":16},"end":{"line":42,"column":null}},"12":{"start":{"line":43,"column":16},"end":{"line":43,"column":null}},"13":{"start":{"line":46,"column":12},"end":{"line":50,"column":null}},"14":{"start":{"line":47,"column":16},"end":{"line":47,"column":null}},"15":{"start":{"line":48,"column":16},"end":{"line":48,"column":null}},"16":{"start":{"line":49,"column":16},"end":{"line":49,"column":null}},"17":{"start":{"line":52,"column":12},"end":{"line":54,"column":null}},"18":{"start":{"line":53,"column":16},"end":{"line":53,"column":23}},"19":{"start":{"line":58,"column":8},"end":{"line":75,"column":null}},"20":{"start":{"line":60,"column":12},"end":{"line":64,"column":null}},"21":{"start":{"line":61,"column":16},"end":{"line":61,"column":null}},"22":{"start":{"line":62,"column":16},"end":{"line":62,"column":null}},"23":{"start":{"line":63,"column":16},"end":{"line":63,"column":null}},"24":{"start":{"line":66,"column":12},"end":{"line":70,"column":null}},"25":{"start":{"line":67,"column":16},"end":{"line":67,"column":null}},"26":{"start":{"line":68,"column":16},"end":{"line":68,"column":null}},"27":{"start":{"line":69,"column":16},"end":{"line":69,"column":null}},"28":{"start":{"line":72,"column":12},"end":{"line":74,"column":null}},"29":{"start":{"line":73,"column":16},"end":{"line":73,"column":23}},"30":{"start":{"line":78,"column":8},"end":{"line":102,"column":null}},"31":{"start":{"line":79,"column":29},"end":{"line":79,"column":51}},"32":{"start":{"line":80,"column":40},"end":{"line":80,"column":77}},"33":{"start":{"line":83,"column":12},"end":{"line":87,"column":null}},"34":{"start":{"line":84,"column":16},"end":{"line":84,"column":null}},"35":{"start":{"line":85,"column":16},"end":{"line":85,"column":null}},"36":{"start":{"line":86,"column":16},"end":{"line":86,"column":null}},"37":{"start":{"line":90,"column":12},"end":{"line":94,"column":null}},"38":{"start":{"line":91,"column":16},"end":{"line":91,"column":null}},"39":{"start":{"line":92,"column":16},"end":{"line":92,"column":null}},"40":{"start":{"line":93,"column":16},"end":{"line":93,"column":null}},"41":{"start":{"line":97,"column":12},"end":{"line":100,"column":null}},"42":{"start":{"line":98,"column":16},"end":{"line":98,"column":null}},"43":{"start":{"line":99,"column":16},"end":{"line":99,"column":null}},"44":{"start":{"line":101,"column":12},"end":{"line":101,"column":null}},"45":{"start":{"line":105,"column":8},"end":{"line":111,"column":null}},"46":{"start":{"line":106,"column":12},"end":{"line":110,"column":null}},"47":{"start":{"line":107,"column":16},"end":{"line":107,"column":null}},"48":{"start":{"line":108,"column":16},"end":{"line":108,"column":null}},"49":{"start":{"line":109,"column":16},"end":{"line":109,"column":null}},"50":{"start":{"line":114,"column":8},"end":{"line":128,"column":null}},"51":{"start":{"line":115,"column":12},"end":{"line":115,"column":null}},"52":{"start":{"line":116,"column":34},"end":{"line":116,"column":61}},"53":{"start":{"line":117,"column":12},"end":{"line":126,"column":null}},"54":{"start":{"line":118,"column":16},"end":{"line":123,"column":null}},"55":{"start":{"line":124,"column":16},"end":{"line":124,"column":null}},"56":{"start":{"line":125,"column":16},"end":{"line":125,"column":null}},"57":{"start":{"line":127,"column":12},"end":{"line":127,"column":null}},"58":{"start":{"line":131,"column":8},"end":{"line":135,"column":null}},"59":{"start":{"line":132,"column":12},"end":{"line":132,"column":null}},"60":{"start":{"line":133,"column":12},"end":{"line":133,"column":null}},"61":{"start":{"line":134,"column":12},"end":{"line":134,"column":null}},"62":{"start":{"line":138,"column":8},"end":{"line":147,"column":null}},"63":{"start":{"line":139,"column":12},"end":{"line":146,"column":null}},"64":{"start":{"line":140,"column":16},"end":{"line":140,"column":null}},"65":{"start":{"line":141,"column":19},"end":{"line":146,"column":null}},"66":{"start":{"line":142,"column":16},"end":{"line":142,"column":null}},"67":{"start":{"line":143,"column":19},"end":{"line":146,"column":null}},"68":{"start":{"line":144,"column":16},"end":{"line":144,"column":null}},"69":{"start":{"line":145,"column":16},"end":{"line":145,"column":null}},"70":{"start":{"line":163,"column":3},"end":{"line":166,"column":null}},"71":{"start":{"line":164,"column":8},"end":{"line":164,"column":null}},"72":{"start":{"line":165,"column":8},"end":{"line":165,"column":null}},"73":{"start":{"line":165,"column":21},"end":{"line":165,"column":81}}},"fnMap":{"0":{"name":"useKeyboardNavigation","decl":{"start":{"line":7,"column":16},"end":{"line":7,"column":37}},"loc":{"start":{"line":18,"column":3},"end":{"line":167,"column":null}},"line":18},"1":{"name":"(anonymous_1)","decl":{"start":{"line":22,"column":44},"end":{"line":22,"column":45}},"loc":{"start":{"line":22,"column":51},"end":{"line":148,"column":5}},"line":22},"2":{"name":"(anonymous_2)","decl":{"start":{"line":163,"column":14},"end":{"line":163,"column":15}},"loc":{"start":{"line":163,"column":20},"end":{"line":166,"column":5}},"line":163},"3":{"name":"(anonymous_3)","decl":{"start":{"line":165,"column":15},"end":{"line":165,"column":16}},"loc":{"start":{"line":165,"column":21},"end":{"line":165,"column":81}},"line":165}},"branchMap":{"0":{"loc":{"start":{"line":28,"column":39},"end":{"line":28,"column":91}},"type":"binary-expr","locations":[{"start":{"line":28,"column":39},"end":{"line":28,"column":42}},{"start":{"line":28,"column":46},"end":{"line":28,"column":62}},{"start":{"line":28,"column":66},"end":{"line":28,"column":91}}],"line":28},"1":{"loc":{"start":{"line":31,"column":8},"end":{"line":35,"column":null}},"type":"if","locations":[{"start":{"line":31,"column":8},"end":{"line":35,"column":null}},{"start":{},"end":{}}],"line":31},"2":{"loc":{"start":{"line":31,"column":12},"end":{"line":31,"column":81}},"type":"binary-expr","locations":[{"start":{"line":31,"column":12},"end":{"line":31,"column":22}},{"start":{"line":31,"column":26},"end":{"line":31,"column":81}}],"line":31},"3":{"loc":{"start":{"line":32,"column":12},"end":{"line":34,"column":null}},"type":"if","locations":[{"start":{"line":32,"column":12},"end":{"line":34,"column":null}},{"start":{},"end":{}}],"line":32},"4":{"loc":{"start":{"line":38,"column":8},"end":{"line":55,"column":null}},"type":"if","locations":[{"start":{"line":38,"column":8},"end":{"line":55,"column":null}},{"start":{},"end":{}}],"line":38},"5":{"loc":{"start":{"line":38,"column":12},"end":{"line":38,"column":53}},"type":"binary-expr","locations":[{"start":{"line":38,"column":13},"end":{"line":38,"column":22}},{"start":{"line":38,"column":26},"end":{"line":38,"column":35}},{"start":{"line":38,"column":40},"end":{"line":38,"column":53}}],"line":38},"6":{"loc":{"start":{"line":40,"column":12},"end":{"line":44,"column":null}},"type":"if","locations":[{"start":{"line":40,"column":12},"end":{"line":44,"column":null}},{"start":{},"end":{}}],"line":40},"7":{"loc":{"start":{"line":40,"column":16},"end":{"line":40,"column":58}},"type":"binary-expr","locations":[{"start":{"line":40,"column":16},"end":{"line":40,"column":38}},{"start":{"line":40,"column":42},"end":{"line":40,"column":58}}],"line":40},"8":{"loc":{"start":{"line":46,"column":12},"end":{"line":50,"column":null}},"type":"if","locations":[{"start":{"line":46,"column":12},"end":{"line":50,"column":null}},{"start":{},"end":{}}],"line":46},"9":{"loc":{"start":{"line":52,"column":12},"end":{"line":54,"column":null}},"type":"if","locations":[{"start":{"line":52,"column":12},"end":{"line":54,"column":null}},{"start":{},"end":{}}],"line":52},"10":{"loc":{"start":{"line":58,"column":8},"end":{"line":75,"column":null}},"type":"if","locations":[{"start":{"line":58,"column":8},"end":{"line":75,"column":null}},{"start":{},"end":{}}],"line":58},"11":{"loc":{"start":{"line":58,"column":12},"end":{"line":58,"column":53}},"type":"binary-expr","locations":[{"start":{"line":58,"column":13},"end":{"line":58,"column":22}},{"start":{"line":58,"column":26},"end":{"line":58,"column":35}},{"start":{"line":58,"column":40},"end":{"line":58,"column":53}}],"line":58},"12":{"loc":{"start":{"line":60,"column":12},"end":{"line":64,"column":null}},"type":"if","locations":[{"start":{"line":60,"column":12},"end":{"line":64,"column":null}},{"start":{},"end":{}}],"line":60},"13":{"loc":{"start":{"line":60,"column":16},"end":{"line":60,"column":58}},"type":"binary-expr","locations":[{"start":{"line":60,"column":16},"end":{"line":60,"column":38}},{"start":{"line":60,"column":42},"end":{"line":60,"column":58}}],"line":60},"14":{"loc":{"start":{"line":66,"column":12},"end":{"line":70,"column":null}},"type":"if","locations":[{"start":{"line":66,"column":12},"end":{"line":70,"column":null}},{"start":{},"end":{}}],"line":66},"15":{"loc":{"start":{"line":72,"column":12},"end":{"line":74,"column":null}},"type":"if","locations":[{"start":{"line":72,"column":12},"end":{"line":74,"column":null}},{"start":{},"end":{}}],"line":72},"16":{"loc":{"start":{"line":78,"column":8},"end":{"line":102,"column":null}},"type":"if","locations":[{"start":{"line":78,"column":8},"end":{"line":102,"column":null}},{"start":{},"end":{}}],"line":78},"17":{"loc":{"start":{"line":78,"column":12},"end":{"line":78,"column":53}},"type":"binary-expr","locations":[{"start":{"line":78,"column":13},"end":{"line":78,"column":22}},{"start":{"line":78,"column":26},"end":{"line":78,"column":35}},{"start":{"line":78,"column":40},"end":{"line":78,"column":53}}],"line":78},"18":{"loc":{"start":{"line":83,"column":12},"end":{"line":87,"column":null}},"type":"if","locations":[{"start":{"line":83,"column":12},"end":{"line":87,"column":null}},{"start":{},"end":{}}],"line":83},"19":{"loc":{"start":{"line":90,"column":12},"end":{"line":94,"column":null}},"type":"if","locations":[{"start":{"line":90,"column":12},"end":{"line":94,"column":null}},{"start":{},"end":{}}],"line":90},"20":{"loc":{"start":{"line":97,"column":12},"end":{"line":100,"column":null}},"type":"if","locations":[{"start":{"line":97,"column":12},"end":{"line":100,"column":null}},{"start":{},"end":{}}],"line":97},"21":{"loc":{"start":{"line":97,"column":16},"end":{"line":97,"column":53}},"type":"binary-expr","locations":[{"start":{"line":97,"column":16},"end":{"line":97,"column":33}},{"start":{"line":97,"column":37},"end":{"line":97,"column":53}}],"line":97},"22":{"loc":{"start":{"line":105,"column":8},"end":{"line":111,"column":null}},"type":"if","locations":[{"start":{"line":105,"column":8},"end":{"line":111,"column":null}},{"start":{},"end":{}}],"line":105},"23":{"loc":{"start":{"line":105,"column":12},"end":{"line":105,"column":53}},"type":"binary-expr","locations":[{"start":{"line":105,"column":13},"end":{"line":105,"column":22}},{"start":{"line":105,"column":26},"end":{"line":105,"column":35}},{"start":{"line":105,"column":40},"end":{"line":105,"column":53}}],"line":105},"24":{"loc":{"start":{"line":106,"column":12},"end":{"line":110,"column":null}},"type":"if","locations":[{"start":{"line":106,"column":12},"end":{"line":110,"column":null}},{"start":{},"end":{}}],"line":106},"25":{"loc":{"start":{"line":114,"column":8},"end":{"line":128,"column":null}},"type":"if","locations":[{"start":{"line":114,"column":8},"end":{"line":128,"column":null}},{"start":{},"end":{}}],"line":114},"26":{"loc":{"start":{"line":114,"column":12},"end":{"line":114,"column":103}},"type":"binary-expr","locations":[{"start":{"line":114,"column":13},"end":{"line":114,"column":31}},{"start":{"line":114,"column":35},"end":{"line":114,"column":56}},{"start":{"line":114,"column":61},"end":{"line":114,"column":83}},{"start":{"line":114,"column":87},"end":{"line":114,"column":103}}],"line":114},"27":{"loc":{"start":{"line":117,"column":12},"end":{"line":126,"column":null}},"type":"if","locations":[{"start":{"line":117,"column":12},"end":{"line":126,"column":null}},{"start":{},"end":{}}],"line":117},"28":{"loc":{"start":{"line":117,"column":16},"end":{"line":117,"column":61}},"type":"binary-expr","locations":[{"start":{"line":117,"column":16},"end":{"line":117,"column":29}},{"start":{"line":117,"column":33},"end":{"line":117,"column":61}}],"line":117},"29":{"loc":{"start":{"line":131,"column":8},"end":{"line":135,"column":null}},"type":"if","locations":[{"start":{"line":131,"column":8},"end":{"line":135,"column":null}},{"start":{},"end":{}}],"line":131},"30":{"loc":{"start":{"line":131,"column":12},"end":{"line":131,"column":78}},"type":"binary-expr","locations":[{"start":{"line":131,"column":13},"end":{"line":131,"column":31}},{"start":{"line":131,"column":35},"end":{"line":131,"column":56}},{"start":{"line":131,"column":61},"end":{"line":131,"column":78}}],"line":131},"31":{"loc":{"start":{"line":138,"column":8},"end":{"line":147,"column":null}},"type":"if","locations":[{"start":{"line":138,"column":8},"end":{"line":147,"column":null}},{"start":{},"end":{}}],"line":138},"32":{"loc":{"start":{"line":139,"column":12},"end":{"line":146,"column":null}},"type":"if","locations":[{"start":{"line":139,"column":12},"end":{"line":146,"column":null}},{"start":{"line":141,"column":19},"end":{"line":146,"column":null}}],"line":139},"33":{"loc":{"start":{"line":141,"column":19},"end":{"line":146,"column":null}},"type":"if","locations":[{"start":{"line":141,"column":19},"end":{"line":146,"column":null}},{"start":{"line":143,"column":19},"end":{"line":146,"column":null}}],"line":141},"34":{"loc":{"start":{"line":143,"column":19},"end":{"line":146,"column":null}},"type":"if","locations":[{"start":{"line":143,"column":19},"end":{"line":146,"column":null}},{"start":{},"end":{}}],"line":143}},"s":{"0":40,"1":1,"2":1,"3":1,"4":1,"5":1,"6":0,"7":0,"8":1,"9":0,"10":0,"11":0,"12":0,"13":0,"14":0,"15":0,"16":0,"17":0,"18":0,"19":1,"20":0,"21":0,"22":0,"23":0,"24":0,"25":0,"26":0,"27":0,"28":0,"29":0,"30":1,"31":0,"32":0,"33":0,"34":0,"35":0,"36":0,"37":0,"38":0,"39":0,"40":0,"41":0,"42":0,"43":0,"44":0,"45":1,"46":0,"47":0,"48":0,"49":0,"50":1,"51":0,"52":0,"53":0,"54":0,"55":0,"56":0,"57":0,"58":1,"59":0,"60":0,"61":0,"62":1,"63":0,"64":0,"65":0,"66":0,"67":0,"68":0,"69":0,"70":40,"71":38,"72":38,"73":38},"f":{"0":40,"1":1,"2":38,"3":38},"b":{"0":[1,1,1],"1":[0,1],"2":[1,0],"3":[0,0],"4":[0,1],"5":[1,1,0],"6":[0,0],"7":[0,0],"8":[0,0],"9":[0,0],"10":[0,1],"11":[1,1,0],"12":[0,0],"13":[0,0],"14":[0,0],"15":[0,0],"16":[0,1],"17":[1,1,0],"18":[0,0],"19":[0,0],"20":[0,0],"21":[0,0],"22":[0,1],"23":[1,1,0],"24":[0,0],"25":[0,1],"26":[1,1,0,0],"27":[0,0],"28":[0,0],"29":[0,1],"30":[1,1,0],"31":[0,1],"32":[0,0],"33":[0,0],"34":[0,0]},"meta":{"lastBranch":35,"lastFunction":4,"lastStatement":74,"seen":{"f:7:16:7:37":0,"s:22:31:160:6":0,"f:22:44:22:45":1,"s:23:34:23:67":1,"s:24:33:24:71":2,"s:27:20:27:41":3,"s:28:39:28:91":4,"b:28:39:28:42:28:46:28:62:28:66:28:91":0,"b:31:8:35:Infinity:undefined:undefined:undefined:undefined":1,"s:31:8:35:Infinity":5,"b:31:12:31:22:31:26:31:81":2,"b:32:12:34:Infinity:undefined:undefined:undefined:undefined":3,"s:32:12:34:Infinity":6,"s:33:16:33:Infinity":7,"b:38:8:55:Infinity:undefined:undefined:undefined:undefined":4,"s:38:8:55:Infinity":8,"b:38:13:38:22:38:26:38:35:38:40:38:53":5,"b:40:12:44:Infinity:undefined:undefined:undefined:undefined":6,"s:40:12:44:Infinity":9,"b:40:16:40:38:40:42:40:58":7,"s:41:16:41:Infinity":10,"s:42:16:42:Infinity":11,"s:43:16:43:Infinity":12,"b:46:12:50:Infinity:undefined:undefined:undefined:undefined":8,"s:46:12:50:Infinity":13,"s:47:16:47:Infinity":14,"s:48:16:48:Infinity":15,"s:49:16:49:Infinity":16,"b:52:12:54:Infinity:undefined:undefined:undefined:undefined":9,"s:52:12:54:Infinity":17,"s:53:16:53:23":18,"b:58:8:75:Infinity:undefined:undefined:undefined:undefined":10,"s:58:8:75:Infinity":19,"b:58:13:58:22:58:26:58:35:58:40:58:53":11,"b:60:12:64:Infinity:undefined:undefined:undefined:undefined":12,"s:60:12:64:Infinity":20,"b:60:16:60:38:60:42:60:58":13,"s:61:16:61:Infinity":21,"s:62:16:62:Infinity":22,"s:63:16:63:Infinity":23,"b:66:12:70:Infinity:undefined:undefined:undefined:undefined":14,"s:66:12:70:Infinity":24,"s:67:16:67:Infinity":25,"s:68:16:68:Infinity":26,"s:69:16:69:Infinity":27,"b:72:12:74:Infinity:undefined:undefined:undefined:undefined":15,"s:72:12:74:Infinity":28,"s:73:16:73:23":29,"b:78:8:102:Infinity:undefined:undefined:undefined:undefined":16,"s:78:8:102:Infinity":30,"b:78:13:78:22:78:26:78:35:78:40:78:53":17,"s:79:29:79:51":31,"s:80:40:80:77":32,"b:83:12:87:Infinity:undefined:undefined:undefined:undefined":18,"s:83:12:87:Infinity":33,"s:84:16:84:Infinity":34,"s:85:16:85:Infinity":35,"s:86:16:86:Infinity":36,"b:90:12:94:Infinity:undefined:undefined:undefined:undefined":19,"s:90:12:94:Infinity":37,"s:91:16:91:Infinity":38,"s:92:16:92:Infinity":39,"s:93:16:93:Infinity":40,"b:97:12:100:Infinity:undefined:undefined:undefined:undefined":20,"s:97:12:100:Infinity":41,"b:97:16:97:33:97:37:97:53":21,"s:98:16:98:Infinity":42,"s:99:16:99:Infinity":43,"s:101:12:101:Infinity":44,"b:105:8:111:Infinity:undefined:undefined:undefined:undefined":22,"s:105:8:111:Infinity":45,"b:105:13:105:22:105:26:105:35:105:40:105:53":23,"b:106:12:110:Infinity:undefined:undefined:undefined:undefined":24,"s:106:12:110:Infinity":46,"s:107:16:107:Infinity":47,"s:108:16:108:Infinity":48,"s:109:16:109:Infinity":49,"b:114:8:128:Infinity:undefined:undefined:undefined:undefined":25,"s:114:8:128:Infinity":50,"b:114:13:114:31:114:35:114:56:114:61:114:83:114:87:114:103":26,"s:115:12:115:Infinity":51,"s:116:34:116:61":52,"b:117:12:126:Infinity:undefined:undefined:undefined:undefined":27,"s:117:12:126:Infinity":53,"b:117:16:117:29:117:33:117:61":28,"s:118:16:123:Infinity":54,"s:124:16:124:Infinity":55,"s:125:16:125:Infinity":56,"s:127:12:127:Infinity":57,"b:131:8:135:Infinity:undefined:undefined:undefined:undefined":29,"s:131:8:135:Infinity":58,"b:131:13:131:31:131:35:131:56:131:61:131:78":30,"s:132:12:132:Infinity":59,"s:133:12:133:Infinity":60,"s:134:12:134:Infinity":61,"b:138:8:147:Infinity:undefined:undefined:undefined:undefined":31,"s:138:8:147:Infinity":62,"b:139:12:146:Infinity:141:19:146:Infinity":32,"s:139:12:146:Infinity":63,"s:140:16:140:Infinity":64,"b:141:19:146:Infinity:143:19:146:Infinity":33,"s:141:19:146:Infinity":65,"s:142:16:142:Infinity":66,"b:143:19:146:Infinity:undefined:undefined:undefined:undefined":34,"s:143:19:146:Infinity":67,"s:144:16:144:Infinity":68,"s:145:16:145:Infinity":69,"s:163:3:166:Infinity":70,"f:163:14:163:15":2,"s:164:8:164:Infinity":71,"s:165:8:165:Infinity":72,"f:165:15:165:16":3,"s:165:21:165:81":73}}}
}
