{"/Volumes/T9/project3876/frontend/src/components/Editor/BlockEditor.css": {"path":"/Volumes/T9/project3876/frontend/src/components/Editor/BlockEditor.css","statementMap":{},"fnMap":{},"branchMap":{},"s":{},"f":{},"b":{},"meta":{"lastBranch":0,"lastFunction":0,"lastStatement":0,"seen":{}}}
,"/Volumes/T9/project3876/frontend/src/components/Editor/SlashCommandMenu.jsx": {"path":"/Volumes/T9/project3876/frontend/src/components/Editor/SlashCommandMenu.jsx","statementMap":{"0":{"start":{"line":12,"column":19},"end":{"line":20,"column":null}},"1":{"start":{"line":22,"column":25},"end":{"line":130,"column":null}},"2":{"start":{"line":23,"column":42},"end":{"line":23,"column":null}},"3":{"start":{"line":24,"column":10},"end":{"line":24,"column":null}},"4":{"start":{"line":27,"column":10},"end":{"line":32,"column":null}},"5":{"start":{"line":28,"column":8},"end":{"line":31,"column":11}},"6":{"start":{"line":29,"column":12},"end":{"line":30,"column":null}},"7":{"start":{"line":35,"column":10},"end":{"line":35,"column":null}},"8":{"start":{"line":36,"column":4},"end":{"line":41,"column":null}},"9":{"start":{"line":37,"column":8},"end":{"line":40,"column":null}},"10":{"start":{"line":38,"column":12},"end":{"line":38,"column":null}},"11":{"start":{"line":39,"column":12},"end":{"line":39,"column":null}},"12":{"start":{"line":44,"column":4},"end":{"line":66,"column":null}},"13":{"start":{"line":45,"column":30},"end":{"line":62,"column":null}},"14":{"start":{"line":46,"column":12},"end":{"line":61,"column":null}},"15":{"start":{"line":47,"column":16},"end":{"line":47,"column":null}},"16":{"start":{"line":48,"column":16},"end":{"line":50,"column":null}},"17":{"start":{"line":49,"column":20},"end":{"line":49,"column":null}},"18":{"start":{"line":51,"column":12},"end":{"line":61,"column":null}},"19":{"start":{"line":52,"column":16},"end":{"line":52,"column":null}},"20":{"start":{"line":53,"column":16},"end":{"line":53,"column":null}},"21":{"start":{"line":53,"column":41},"end":{"line":53,"column":67}},"22":{"start":{"line":54,"column":12},"end":{"line":61,"column":null}},"23":{"start":{"line":55,"column":16},"end":{"line":55,"column":null}},"24":{"start":{"line":56,"column":16},"end":{"line":58,"column":null}},"25":{"start":{"line":57,"column":20},"end":{"line":57,"column":null}},"26":{"start":{"line":59,"column":12},"end":{"line":61,"column":null}},"27":{"start":{"line":60,"column":16},"end":{"line":60,"column":null}},"28":{"start":{"line":64,"column":8},"end":{"line":64,"column":null}},"29":{"start":{"line":65,"column":8},"end":{"line":65,"column":null}},"30":{"start":{"line":65,"column":21},"end":{"line":65,"column":null}},"31":{"start":{"line":69,"column":4},"end":{"line":78,"column":null}},"32":{"start":{"line":70,"column":35},"end":{"line":74,"column":null}},"33":{"start":{"line":71,"column":12},"end":{"line":73,"column":null}},"34":{"start":{"line":72,"column":16},"end":{"line":72,"column":null}},"35":{"start":{"line":76,"column":8},"end":{"line":76,"column":null}},"36":{"start":{"line":77,"column":8},"end":{"line":77,"column":null}},"37":{"start":{"line":77,"column":21},"end":{"line":77,"column":null}},"38":{"start":{"line":81,"column":4},"end":{"line":86,"column":null}},"39":{"start":{"line":82,"column":27},"end":{"line":82,"column":null}},"40":{"start":{"line":83,"column":8},"end":{"line":85,"column":null}},"41":{"start":{"line":84,"column":12},"end":{"line":84,"column":null}},"42":{"start":{"line":88,"column":4},"end":{"line":98,"column":null}},"43":{"start":{"line":89,"column":8},"end":{"line":96,"column":null}},"44":{"start":{"line":100,"column":4},"end":{"line":128,"column":null}},"45":{"start":{"line":109,"column":33},"end":{"line":109,"column":null}},"46":{"start":{"line":110,"column":20},"end":{"line":124,"column":null}},"47":{"start":{"line":114,"column":43},"end":{"line":114,"column":null}},"48":{"start":{"line":115,"column":48},"end":{"line":115,"column":null}}},"fnMap":{"0":{"name":"(anonymous_0)","decl":{"start":{"line":22,"column":25},"end":{"line":22,"column":26}},"loc":{"start":{"line":22,"column":70},"end":{"line":130,"column":null}},"line":22},"1":{"name":"(anonymous_1)","decl":{"start":{"line":27,"column":34},"end":{"line":27,"column":null}},"loc":{"start":{"line":28,"column":8},"end":{"line":31,"column":11}},"line":28},"2":{"name":"(anonymous_2)","decl":{"start":{"line":28,"column":26},"end":{"line":28,"column":null}},"loc":{"start":{"line":29,"column":12},"end":{"line":30,"column":null}},"line":29},"3":{"name":"(anonymous_3)","decl":{"start":{"line":36,"column":14},"end":{"line":36,"column":20}},"loc":{"start":{"line":36,"column":20},"end":{"line":41,"column":7}},"line":36},"4":{"name":"(anonymous_4)","decl":{"start":{"line":44,"column":14},"end":{"line":44,"column":20}},"loc":{"start":{"line":44,"column":20},"end":{"line":66,"column":7}},"line":44},"5":{"name":"(anonymous_5)","decl":{"start":{"line":45,"column":30},"end":{"line":45,"column":31}},"loc":{"start":{"line":45,"column":37},"end":{"line":62,"column":null}},"line":45},"6":{"name":"(anonymous_6)","decl":{"start":{"line":48,"column":33},"end":{"line":48,"column":null}},"loc":{"start":{"line":49,"column":20},"end":{"line":49,"column":null}},"line":49},"7":{"name":"(anonymous_7)","decl":{"start":{"line":53,"column":33},"end":{"line":53,"column":41}},"loc":{"start":{"line":53,"column":41},"end":{"line":53,"column":67}},"line":53},"8":{"name":"(anonymous_8)","decl":{"start":{"line":65,"column":15},"end":{"line":65,"column":21}},"loc":{"start":{"line":65,"column":21},"end":{"line":65,"column":null}},"line":65},"9":{"name":"(anonymous_9)","decl":{"start":{"line":69,"column":14},"end":{"line":69,"column":20}},"loc":{"start":{"line":69,"column":20},"end":{"line":78,"column":7}},"line":69},"10":{"name":"(anonymous_10)","decl":{"start":{"line":70,"column":35},"end":{"line":70,"column":36}},"loc":{"start":{"line":70,"column":42},"end":{"line":74,"column":null}},"line":70},"11":{"name":"(anonymous_11)","decl":{"start":{"line":77,"column":15},"end":{"line":77,"column":21}},"loc":{"start":{"line":77,"column":21},"end":{"line":77,"column":null}},"line":77},"12":{"name":"(anonymous_12)","decl":{"start":{"line":81,"column":14},"end":{"line":81,"column":20}},"loc":{"start":{"line":81,"column":20},"end":{"line":86,"column":7}},"line":81},"13":{"name":"(anonymous_13)","decl":{"start":{"line":108,"column":35},"end":{"line":108,"column":36}},"loc":{"start":{"line":108,"column":52},"end":{"line":126,"column":17}},"line":108},"14":{"name":"(anonymous_14)","decl":{"start":{"line":114,"column":37},"end":{"line":114,"column":43}},"loc":{"start":{"line":114,"column":43},"end":{"line":114,"column":null}},"line":114},"15":{"name":"(anonymous_15)","decl":{"start":{"line":115,"column":42},"end":{"line":115,"column":48}},"loc":{"start":{"line":115,"column":48},"end":{"line":115,"column":null}},"line":115}},"branchMap":{"0":{"loc":{"start":{"line":29,"column":12},"end":{"line":30,"column":null}},"type":"binary-expr","locations":[{"start":{"line":29,"column":12},"end":{"line":29,"column":null}},{"start":{"line":30,"column":12},"end":{"line":30,"column":null}}],"line":29},"1":{"loc":{"start":{"line":37,"column":8},"end":{"line":40,"column":null}},"type":"if","locations":[{"start":{"line":37,"column":8},"end":{"line":40,"column":null}},{"start":{},"end":{}}],"line":37},"2":{"loc":{"start":{"line":46,"column":12},"end":{"line":61,"column":null}},"type":"if","locations":[{"start":{"line":46,"column":12},"end":{"line":61,"column":null}},{"start":{"line":51,"column":12},"end":{"line":61,"column":null}}],"line":46},"3":{"loc":{"start":{"line":49,"column":20},"end":{"line":49,"column":null}},"type":"cond-expr","locations":[{"start":{"line":49,"column":54},"end":{"line":49,"column":65}},{"start":{"line":49,"column":65},"end":{"line":49,"column":null}}],"line":49},"4":{"loc":{"start":{"line":51,"column":12},"end":{"line":61,"column":null}},"type":"if","locations":[{"start":{"line":51,"column":12},"end":{"line":61,"column":null}},{"start":{"line":54,"column":12},"end":{"line":61,"column":null}}],"line":51},"5":{"loc":{"start":{"line":53,"column":41},"end":{"line":53,"column":67}},"type":"cond-expr","locations":[{"start":{"line":53,"column":52},"end":{"line":53,"column":63}},{"start":{"line":53,"column":63},"end":{"line":53,"column":67}}],"line":53},"6":{"loc":{"start":{"line":54,"column":12},"end":{"line":61,"column":null}},"type":"if","locations":[{"start":{"line":54,"column":12},"end":{"line":61,"column":null}},{"start":{"line":59,"column":12},"end":{"line":61,"column":null}}],"line":54},"7":{"loc":{"start":{"line":56,"column":16},"end":{"line":58,"column":null}},"type":"if","locations":[{"start":{"line":56,"column":16},"end":{"line":58,"column":null}},{"start":{},"end":{}}],"line":56},"8":{"loc":{"start":{"line":59,"column":12},"end":{"line":61,"column":null}},"type":"if","locations":[{"start":{"line":59,"column":12},"end":{"line":61,"column":null}},{"start":{},"end":{}}],"line":59},"9":{"loc":{"start":{"line":71,"column":12},"end":{"line":73,"column":null}},"type":"if","locations":[{"start":{"line":71,"column":12},"end":{"line":73,"column":null}},{"start":{},"end":{}}],"line":71},"10":{"loc":{"start":{"line":71,"column":16},"end":{"line":71,"column":72}},"type":"binary-expr","locations":[{"start":{"line":71,"column":16},"end":{"line":71,"column":35}},{"start":{"line":71,"column":35},"end":{"line":71,"column":72}}],"line":71},"11":{"loc":{"start":{"line":83,"column":8},"end":{"line":85,"column":null}},"type":"if","locations":[{"start":{"line":83,"column":8},"end":{"line":85,"column":null}},{"start":{},"end":{}}],"line":83},"12":{"loc":{"start":{"line":88,"column":4},"end":{"line":98,"column":null}},"type":"if","locations":[{"start":{"line":88,"column":4},"end":{"line":98,"column":null}},{"start":{},"end":{}}],"line":88},"13":{"loc":{"start":{"line":113,"column":58},"end":{"line":113,"column":99}},"type":"cond-expr","locations":[{"start":{"line":113,"column":84},"end":{"line":113,"column":97}},{"start":{"line":113,"column":97},"end":{"line":113,"column":99}}],"line":113}},"s":{"0":1,"1":1,"2":0,"3":0,"4":0,"5":0,"6":0,"7":0,"8":0,"9":0,"10":0,"11":0,"12":0,"13":0,"14":0,"15":0,"16":0,"17":0,"18":0,"19":0,"20":0,"21":0,"22":0,"23":0,"24":0,"25":0,"26":0,"27":0,"28":0,"29":0,"30":0,"31":0,"32":0,"33":0,"34":0,"35":0,"36":0,"37":0,"38":0,"39":0,"40":0,"41":0,"42":0,"43":0,"44":0,"45":0,"46":0,"47":0,"48":0},"f":{"0":0,"1":0,"2":0,"3":0,"4":0,"5":0,"6":0,"7":0,"8":0,"9":0,"10":0,"11":0,"12":0,"13":0,"14":0,"15":0},"b":{"0":[0,0],"1":[0,0],"2":[0,0],"3":[0,0],"4":[0,0],"5":[0,0],"6":[0,0],"7":[0,0],"8":[0,0],"9":[0,0],"10":[0,0],"11":[0,0],"12":[0,0],"13":[0,0]},"meta":{"lastBranch":14,"lastFunction":16,"lastStatement":49,"seen":{"s:12:19:20:Infinity":0,"s:22:25:130:Infinity":1,"f:22:25:22:26":0,"s:23:42:23:Infinity":2,"s:24:10:24:Infinity":3,"s:27:10:32:Infinity":4,"f:27:34:27:Infinity":1,"s:28:8:31:11":5,"f:28:26:28:Infinity":2,"s:29:12:30:Infinity":6,"b:29:12:29:Infinity:30:12:30:Infinity":0,"s:35:10:35:Infinity":7,"s:36:4:41:Infinity":8,"f:36:14:36:20":3,"b:37:8:40:Infinity:undefined:undefined:undefined:undefined":1,"s:37:8:40:Infinity":9,"s:38:12:38:Infinity":10,"s:39:12:39:Infinity":11,"s:44:4:66:Infinity":12,"f:44:14:44:20":4,"s:45:30:62:Infinity":13,"f:45:30:45:31":5,"b:46:12:61:Infinity:51:12:61:Infinity":2,"s:46:12:61:Infinity":14,"s:47:16:47:Infinity":15,"s:48:16:50:Infinity":16,"f:48:33:48:Infinity":6,"s:49:20:49:Infinity":17,"b:49:54:49:65:49:65:49:Infinity":3,"b:51:12:61:Infinity:54:12:61:Infinity":4,"s:51:12:61:Infinity":18,"s:52:16:52:Infinity":19,"s:53:16:53:Infinity":20,"f:53:33:53:41":7,"s:53:41:53:67":21,"b:53:52:53:63:53:63:53:67":5,"b:54:12:61:Infinity:59:12:61:Infinity":6,"s:54:12:61:Infinity":22,"s:55:16:55:Infinity":23,"b:56:16:58:Infinity:undefined:undefined:undefined:undefined":7,"s:56:16:58:Infinity":24,"s:57:20:57:Infinity":25,"b:59:12:61:Infinity:undefined:undefined:undefined:undefined":8,"s:59:12:61:Infinity":26,"s:60:16:60:Infinity":27,"s:64:8:64:Infinity":28,"s:65:8:65:Infinity":29,"f:65:15:65:21":8,"s:65:21:65:Infinity":30,"s:69:4:78:Infinity":31,"f:69:14:69:20":9,"s:70:35:74:Infinity":32,"f:70:35:70:36":10,"b:71:12:73:Infinity:undefined:undefined:undefined:undefined":9,"s:71:12:73:Infinity":33,"b:71:16:71:35:71:35:71:72":10,"s:72:16:72:Infinity":34,"s:76:8:76:Infinity":35,"s:77:8:77:Infinity":36,"f:77:15:77:21":11,"s:77:21:77:Infinity":37,"s:81:4:86:Infinity":38,"f:81:14:81:20":12,"s:82:27:82:Infinity":39,"b:83:8:85:Infinity:undefined:undefined:undefined:undefined":11,"s:83:8:85:Infinity":40,"s:84:12:84:Infinity":41,"b:88:4:98:Infinity:undefined:undefined:undefined:undefined":12,"s:88:4:98:Infinity":42,"s:89:8:96:Infinity":43,"s:100:4:128:Infinity":44,"f:108:35:108:36":13,"s:109:33:109:Infinity":45,"s:110:20:124:Infinity":46,"b:113:84:113:97:113:97:113:99":13,"f:114:37:114:43":14,"s:114:43:114:Infinity":47,"f:115:42:115:48":15,"s:115:48:115:Infinity":48}}}
,"/Volumes/T9/project3876/frontend/src/components/Editor/UnifiedBlockEditor.jsx": {"path":"/Volumes/T9/project3876/frontend/src/components/Editor/UnifiedBlockEditor.jsx","statementMap":{"0":{"start":{"line":14,"column":27},"end":{"line":22,"column":null}},"1":{"start":{"line":25,"column":24},"end":{"line":33,"column":null}},"2":{"start":{"line":39,"column":27},"end":{"line":935,"column":null}},"3":{"start":{"line":40,"column":27},"end":{"line":40,"column":null}},"4":{"start":{"line":41,"column":10},"end":{"line":41,"column":null}},"5":{"start":{"line":42,"column":10},"end":{"line":42,"column":null}},"6":{"start":{"line":43,"column":44},"end":{"line":43,"column":null}},"7":{"start":{"line":44,"column":46},"end":{"line":44,"column":null}},"8":{"start":{"line":52,"column":4},"end":{"line":52,"column":null}},"9":{"start":{"line":59,"column":4},"end":{"line":59,"column":null}},"10":{"start":{"line":66,"column":4},"end":{"line":71,"column":null}},"11":{"start":{"line":79,"column":4},"end":{"line":79,"column":null}},"12":{"start":{"line":82,"column":4},"end":{"line":93,"column":null}},"13":{"start":{"line":99,"column":10},"end":{"line":126,"column":null}},"14":{"start":{"line":100,"column":8},"end":{"line":100,"column":null}},"15":{"start":{"line":100,"column":32},"end":{"line":100,"column":null}},"16":{"start":{"line":102,"column":29},"end":{"line":102,"column":null}},"17":{"start":{"line":103,"column":30},"end":{"line":103,"column":null}},"18":{"start":{"line":105,"column":8},"end":{"line":118,"column":null}},"19":{"start":{"line":106,"column":28},"end":{"line":106,"column":null}},"20":{"start":{"line":107,"column":26},"end":{"line":107,"column":null}},"21":{"start":{"line":108,"column":31},"end":{"line":108,"column":null}},"22":{"start":{"line":109,"column":31},"end":{"line":109,"column":null}},"23":{"start":{"line":114,"column":33},"end":{"line":114,"column":null}},"24":{"start":{"line":115,"column":24},"end":{"line":115,"column":null}},"25":{"start":{"line":117,"column":12},"end":{"line":117,"column":null}},"26":{"start":{"line":121,"column":8},"end":{"line":125,"column":null}},"27":{"start":{"line":122,"column":32},"end":{"line":123,"column":null}},"28":{"start":{"line":122,"column":70},"end":{"line":122,"column":101}},"29":{"start":{"line":124,"column":12},"end":{"line":124,"column":null}},"30":{"start":{"line":132,"column":10},"end":{"line":163,"column":null}},"31":{"start":{"line":133,"column":8},"end":{"line":133,"column":null}},"32":{"start":{"line":133,"column":61},"end":{"line":133,"column":null}},"33":{"start":{"line":135,"column":8},"end":{"line":135,"column":null}},"34":{"start":{"line":137,"column":30},"end":{"line":137,"column":null}},"35":{"start":{"line":138,"column":26},"end":{"line":138,"column":null}},"36":{"start":{"line":140,"column":8},"end":{"line":150,"column":null}},"37":{"start":{"line":141,"column":28},"end":{"line":141,"column":null}},"38":{"start":{"line":142,"column":30},"end":{"line":142,"column":null}},"39":{"start":{"line":143,"column":28},"end":{"line":143,"column":null}},"40":{"start":{"line":145,"column":12},"end":{"line":149,"column":null}},"41":{"start":{"line":153,"column":27},"end":{"line":156,"column":null}},"42":{"start":{"line":154,"column":29},"end":{"line":154,"column":null}},"43":{"start":{"line":155,"column":12},"end":{"line":155,"column":null}},"44":{"start":{"line":158,"column":8},"end":{"line":160,"column":null}},"45":{"start":{"line":159,"column":12},"end":{"line":159,"column":null}},"46":{"start":{"line":162,"column":8},"end":{"line":162,"column":null}},"47":{"start":{"line":168,"column":10},"end":{"line":171,"column":null}},"48":{"start":{"line":176,"column":10},"end":{"line":251,"column":null}},"49":{"start":{"line":178,"column":20},"end":{"line":178,"column":null}},"50":{"start":{"line":179,"column":8},"end":{"line":179,"column":null}},"51":{"start":{"line":179,"column":29},"end":{"line":179,"column":null}},"52":{"start":{"line":181,"column":24},"end":{"line":183,"column":null}},"53":{"start":{"line":185,"column":8},"end":{"line":248,"column":null}},"54":{"start":{"line":186,"column":32},"end":{"line":186,"column":null}},"55":{"start":{"line":187,"column":28},"end":{"line":187,"column":null}},"56":{"start":{"line":188,"column":30},"end":{"line":188,"column":null}},"57":{"start":{"line":191,"column":12},"end":{"line":247,"column":null}},"58":{"start":{"line":192,"column":16},"end":{"line":246,"column":null}},"59":{"start":{"line":193,"column":20},"end":{"line":245,"column":null}},"60":{"start":{"line":195,"column":43},"end":{"line":195,"column":null}},"61":{"start":{"line":196,"column":24},"end":{"line":196,"column":null}},"62":{"start":{"line":197,"column":24},"end":{"line":197,"column":null}},"63":{"start":{"line":200,"column":39},"end":{"line":200,"column":null}},"64":{"start":{"line":201,"column":24},"end":{"line":241,"column":null}},"65":{"start":{"line":203,"column":42},"end":{"line":203,"column":null}},"66":{"start":{"line":204,"column":28},"end":{"line":204,"column":null}},"67":{"start":{"line":205,"column":28},"end":{"line":205,"column":null}},"68":{"start":{"line":206,"column":28},"end":{"line":206,"column":null}},"69":{"start":{"line":207,"column":28},"end":{"line":207,"column":null}},"70":{"start":{"line":210,"column":28},"end":{"line":219,"column":null}},"71":{"start":{"line":212,"column":45},"end":{"line":212,"column":null}},"72":{"start":{"line":213,"column":55},"end":{"line":213,"column":null}},"73":{"start":{"line":214,"column":32},"end":{"line":216,"column":null}},"74":{"start":{"line":215,"column":36},"end":{"line":215,"column":null}},"75":{"start":{"line":221,"column":28},"end":{"line":221,"column":null}},"76":{"start":{"line":224,"column":42},"end":{"line":224,"column":null}},"77":{"start":{"line":225,"column":43},"end":{"line":225,"column":null}},"78":{"start":{"line":226,"column":28},"end":{"line":230,"column":null}},"79":{"start":{"line":227,"column":32},"end":{"line":227,"column":null}},"80":{"start":{"line":229,"column":32},"end":{"line":229,"column":null}},"81":{"start":{"line":231,"column":28},"end":{"line":231,"column":null}},"82":{"start":{"line":232,"column":28},"end":{"line":232,"column":null}},"83":{"start":{"line":233,"column":28},"end":{"line":233,"column":null}},"84":{"start":{"line":234,"column":24},"end":{"line":241,"column":null}},"85":{"start":{"line":243,"column":24},"end":{"line":243,"column":null}},"86":{"start":{"line":244,"column":24},"end":{"line":244,"column":null}},"87":{"start":{"line":250,"column":8},"end":{"line":250,"column":null}},"88":{"start":{"line":256,"column":10},"end":{"line":543,"column":null}},"89":{"start":{"line":257,"column":20},"end":{"line":257,"column":null}},"90":{"start":{"line":258,"column":8},"end":{"line":258,"column":null}},"91":{"start":{"line":258,"column":29},"end":{"line":258,"column":null}},"92":{"start":{"line":260,"column":22},"end":{"line":260,"column":null}},"93":{"start":{"line":261,"column":24},"end":{"line":263,"column":null}},"94":{"start":{"line":265,"column":8},"end":{"line":265,"column":null}},"95":{"start":{"line":265,"column":22},"end":{"line":265,"column":null}},"96":{"start":{"line":267,"column":24},"end":{"line":267,"column":null}},"97":{"start":{"line":268,"column":26},"end":{"line":268,"column":null}},"98":{"start":{"line":269,"column":28},"end":{"line":269,"column":null}},"99":{"start":{"line":272,"column":8},"end":{"line":278,"column":null}},"100":{"start":{"line":273,"column":12},"end":{"line":276,"column":null}},"101":{"start":{"line":274,"column":29},"end":{"line":274,"column":null}},"102":{"start":{"line":275,"column":16},"end":{"line":275,"column":null}},"103":{"start":{"line":277,"column":12},"end":{"line":277,"column":null}},"104":{"start":{"line":281,"column":8},"end":{"line":304,"column":null}},"105":{"start":{"line":282,"column":12},"end":{"line":285,"column":null}},"106":{"start":{"line":283,"column":16},"end":{"line":283,"column":null}},"107":{"start":{"line":284,"column":16},"end":{"line":284,"column":null}},"108":{"start":{"line":286,"column":12},"end":{"line":290,"column":null}},"109":{"start":{"line":287,"column":16},"end":{"line":287,"column":null}},"110":{"start":{"line":288,"column":16},"end":{"line":288,"column":null}},"111":{"start":{"line":289,"column":16},"end":{"line":289,"column":null}},"112":{"start":{"line":292,"column":12},"end":{"line":294,"column":null}},"113":{"start":{"line":293,"column":16},"end":{"line":293,"column":null}},"114":{"start":{"line":296,"column":31},"end":{"line":296,"column":null}},"115":{"start":{"line":297,"column":12},"end":{"line":303,"column":null}},"116":{"start":{"line":298,"column":16},"end":{"line":302,"column":null}},"117":{"start":{"line":299,"column":40},"end":{"line":299,"column":null}},"118":{"start":{"line":300,"column":38},"end":{"line":300,"column":null}},"119":{"start":{"line":301,"column":20},"end":{"line":301,"column":null}},"120":{"start":{"line":307,"column":8},"end":{"line":384,"column":null}},"121":{"start":{"line":308,"column":12},"end":{"line":308,"column":null}},"122":{"start":{"line":308,"column":34},"end":{"line":308,"column":null}},"123":{"start":{"line":310,"column":12},"end":{"line":310,"column":null}},"124":{"start":{"line":313,"column":12},"end":{"line":334,"column":null}},"125":{"start":{"line":314,"column":16},"end":{"line":333,"column":null}},"126":{"start":{"line":315,"column":20},"end":{"line":315,"column":null}},"127":{"start":{"line":316,"column":35},"end":{"line":316,"column":null}},"128":{"start":{"line":317,"column":20},"end":{"line":330,"column":null}},"129":{"start":{"line":318,"column":38},"end":{"line":318,"column":null}},"130":{"start":{"line":319,"column":24},"end":{"line":319,"column":null}},"131":{"start":{"line":320,"column":24},"end":{"line":320,"column":null}},"132":{"start":{"line":321,"column":24},"end":{"line":321,"column":null}},"133":{"start":{"line":322,"column":24},"end":{"line":322,"column":null}},"134":{"start":{"line":325,"column":41},"end":{"line":325,"column":null}},"135":{"start":{"line":326,"column":24},"end":{"line":326,"column":null}},"136":{"start":{"line":327,"column":24},"end":{"line":327,"column":null}},"137":{"start":{"line":328,"column":24},"end":{"line":328,"column":null}},"138":{"start":{"line":329,"column":24},"end":{"line":329,"column":null}},"139":{"start":{"line":331,"column":20},"end":{"line":331,"column":null}},"140":{"start":{"line":332,"column":20},"end":{"line":332,"column":null}},"141":{"start":{"line":339,"column":31},"end":{"line":339,"column":null}},"142":{"start":{"line":340,"column":12},"end":{"line":340,"column":null}},"143":{"start":{"line":341,"column":12},"end":{"line":345,"column":null}},"144":{"start":{"line":342,"column":16},"end":{"line":342,"column":null}},"145":{"start":{"line":344,"column":16},"end":{"line":344,"column":null}},"146":{"start":{"line":347,"column":29},"end":{"line":347,"column":null}},"147":{"start":{"line":350,"column":28},"end":{"line":350,"column":null}},"148":{"start":{"line":351,"column":12},"end":{"line":351,"column":null}},"149":{"start":{"line":352,"column":30},"end":{"line":352,"column":null}},"150":{"start":{"line":355,"column":33},"end":{"line":357,"column":null}},"151":{"start":{"line":358,"column":32},"end":{"line":358,"column":null}},"152":{"start":{"line":359,"column":31},"end":{"line":359,"column":null}},"153":{"start":{"line":362,"column":31},"end":{"line":362,"column":null}},"154":{"start":{"line":363,"column":12},"end":{"line":363,"column":null}},"155":{"start":{"line":364,"column":12},"end":{"line":364,"column":null}},"156":{"start":{"line":365,"column":12},"end":{"line":365,"column":null}},"157":{"start":{"line":366,"column":12},"end":{"line":366,"column":null}},"158":{"start":{"line":369,"column":12},"end":{"line":369,"column":null}},"159":{"start":{"line":372,"column":29},"end":{"line":372,"column":null}},"160":{"start":{"line":373,"column":12},"end":{"line":377,"column":null}},"161":{"start":{"line":374,"column":16},"end":{"line":374,"column":null}},"162":{"start":{"line":376,"column":16},"end":{"line":376,"column":null}},"163":{"start":{"line":378,"column":12},"end":{"line":378,"column":null}},"164":{"start":{"line":379,"column":12},"end":{"line":379,"column":null}},"165":{"start":{"line":380,"column":12},"end":{"line":380,"column":null}},"166":{"start":{"line":382,"column":12},"end":{"line":382,"column":null}},"167":{"start":{"line":383,"column":12},"end":{"line":383,"column":null}},"168":{"start":{"line":388,"column":8},"end":{"line":529,"column":null}},"169":{"start":{"line":390,"column":12},"end":{"line":396,"column":null}},"170":{"start":{"line":391,"column":34},"end":{"line":391,"column":null}},"171":{"start":{"line":392,"column":35},"end":{"line":392,"column":null}},"172":{"start":{"line":393,"column":16},"end":{"line":395,"column":null}},"173":{"start":{"line":394,"column":20},"end":{"line":394,"column":null}},"174":{"start":{"line":399,"column":12},"end":{"line":403,"column":null}},"175":{"start":{"line":401,"column":16},"end":{"line":401,"column":null}},"176":{"start":{"line":402,"column":16},"end":{"line":402,"column":null}},"177":{"start":{"line":406,"column":30},"end":{"line":406,"column":null}},"178":{"start":{"line":408,"column":12},"end":{"line":481,"column":null}},"179":{"start":{"line":409,"column":16},"end":{"line":409,"column":null}},"180":{"start":{"line":412,"column":16},"end":{"line":436,"column":null}},"181":{"start":{"line":413,"column":20},"end":{"line":413,"column":null}},"182":{"start":{"line":414,"column":35},"end":{"line":414,"column":null}},"183":{"start":{"line":415,"column":20},"end":{"line":433,"column":null}},"184":{"start":{"line":416,"column":38},"end":{"line":416,"column":null}},"185":{"start":{"line":417,"column":24},"end":{"line":417,"column":null}},"186":{"start":{"line":418,"column":24},"end":{"line":418,"column":null}},"187":{"start":{"line":419,"column":24},"end":{"line":419,"column":null}},"188":{"start":{"line":420,"column":24},"end":{"line":420,"column":null}},"189":{"start":{"line":421,"column":24},"end":{"line":421,"column":null}},"190":{"start":{"line":424,"column":41},"end":{"line":424,"column":null}},"191":{"start":{"line":425,"column":24},"end":{"line":429,"column":null}},"192":{"start":{"line":426,"column":28},"end":{"line":426,"column":null}},"193":{"start":{"line":428,"column":28},"end":{"line":428,"column":null}},"194":{"start":{"line":430,"column":24},"end":{"line":430,"column":null}},"195":{"start":{"line":431,"column":24},"end":{"line":431,"column":null}},"196":{"start":{"line":432,"column":24},"end":{"line":432,"column":null}},"197":{"start":{"line":434,"column":20},"end":{"line":434,"column":null}},"198":{"start":{"line":435,"column":20},"end":{"line":435,"column":null}},"199":{"start":{"line":439,"column":34},"end":{"line":439,"column":null}},"200":{"start":{"line":440,"column":16},"end":{"line":479,"column":null}},"201":{"start":{"line":441,"column":40},"end":{"line":441,"column":null}},"202":{"start":{"line":442,"column":39},"end":{"line":442,"column":null}},"203":{"start":{"line":443,"column":46},"end":{"line":443,"column":null}},"204":{"start":{"line":446,"column":20},"end":{"line":446,"column":null}},"205":{"start":{"line":449,"column":20},"end":{"line":449,"column":null}},"206":{"start":{"line":452,"column":37},"end":{"line":452,"column":null}},"207":{"start":{"line":453,"column":20},"end":{"line":474,"column":null}},"208":{"start":{"line":454,"column":34},"end":{"line":454,"column":null}},"209":{"start":{"line":455,"column":41},"end":{"line":469,"column":null}},"210":{"start":{"line":456,"column":28},"end":{"line":467,"column":null}},"211":{"start":{"line":457,"column":32},"end":{"line":461,"column":null}},"212":{"start":{"line":458,"column":36},"end":{"line":458,"column":null}},"213":{"start":{"line":459,"column":36},"end":{"line":459,"column":null}},"214":{"start":{"line":460,"column":36},"end":{"line":460,"column":null}},"215":{"start":{"line":462,"column":32},"end":{"line":462,"column":null}},"216":{"start":{"line":464,"column":32},"end":{"line":466,"column":null}},"217":{"start":{"line":465,"column":36},"end":{"line":465,"column":null}},"218":{"start":{"line":465,"column":57},"end":{"line":465,"column":null}},"219":{"start":{"line":468,"column":28},"end":{"line":468,"column":null}},"220":{"start":{"line":470,"column":24},"end":{"line":470,"column":null}},"221":{"start":{"line":472,"column":24},"end":{"line":472,"column":null}},"222":{"start":{"line":473,"column":24},"end":{"line":473,"column":null}},"223":{"start":{"line":475,"column":20},"end":{"line":475,"column":null}},"224":{"start":{"line":476,"column":20},"end":{"line":476,"column":null}},"225":{"start":{"line":478,"column":20},"end":{"line":478,"column":null}},"226":{"start":{"line":480,"column":16},"end":{"line":480,"column":null}},"227":{"start":{"line":484,"column":12},"end":{"line":528,"column":null}},"228":{"start":{"line":485,"column":16},"end":{"line":485,"column":null}},"229":{"start":{"line":487,"column":34},"end":{"line":487,"column":null}},"230":{"start":{"line":488,"column":16},"end":{"line":526,"column":null}},"231":{"start":{"line":489,"column":40},"end":{"line":489,"column":null}},"232":{"start":{"line":490,"column":48},"end":{"line":490,"column":null}},"233":{"start":{"line":493,"column":20},"end":{"line":493,"column":null}},"234":{"start":{"line":496,"column":20},"end":{"line":496,"column":null}},"235":{"start":{"line":499,"column":37},"end":{"line":499,"column":null}},"236":{"start":{"line":500,"column":20},"end":{"line":521,"column":null}},"237":{"start":{"line":501,"column":34},"end":{"line":501,"column":null}},"238":{"start":{"line":502,"column":41},"end":{"line":516,"column":null}},"239":{"start":{"line":503,"column":28},"end":{"line":514,"column":null}},"240":{"start":{"line":504,"column":32},"end":{"line":508,"column":null}},"241":{"start":{"line":505,"column":36},"end":{"line":505,"column":null}},"242":{"start":{"line":506,"column":36},"end":{"line":506,"column":null}},"243":{"start":{"line":507,"column":36},"end":{"line":507,"column":null}},"244":{"start":{"line":509,"column":32},"end":{"line":509,"column":null}},"245":{"start":{"line":511,"column":32},"end":{"line":513,"column":null}},"246":{"start":{"line":512,"column":36},"end":{"line":512,"column":null}},"247":{"start":{"line":512,"column":57},"end":{"line":512,"column":null}},"248":{"start":{"line":515,"column":28},"end":{"line":515,"column":null}},"249":{"start":{"line":517,"column":24},"end":{"line":517,"column":null}},"250":{"start":{"line":519,"column":24},"end":{"line":519,"column":null}},"251":{"start":{"line":520,"column":24},"end":{"line":520,"column":null}},"252":{"start":{"line":522,"column":20},"end":{"line":522,"column":null}},"253":{"start":{"line":523,"column":20},"end":{"line":523,"column":null}},"254":{"start":{"line":525,"column":20},"end":{"line":525,"column":null}},"255":{"start":{"line":527,"column":16},"end":{"line":527,"column":null}},"256":{"start":{"line":532,"column":8},"end":{"line":535,"column":null}},"257":{"start":{"line":534,"column":12},"end":{"line":534,"column":null}},"258":{"start":{"line":538,"column":8},"end":{"line":542,"column":null}},"259":{"start":{"line":540,"column":12},"end":{"line":540,"column":null}},"260":{"start":{"line":541,"column":12},"end":{"line":541,"column":null}},"261":{"start":{"line":548,"column":30},"end":{"line":558,"column":null}},"262":{"start":{"line":549,"column":20},"end":{"line":549,"column":null}},"263":{"start":{"line":550,"column":8},"end":{"line":550,"column":null}},"264":{"start":{"line":550,"column":29},"end":{"line":550,"column":null}},"265":{"start":{"line":552,"column":22},"end":{"line":552,"column":null}},"266":{"start":{"line":553,"column":25},"end":{"line":553,"column":null}},"267":{"start":{"line":554,"column":8},"end":{"line":554,"column":null}},"268":{"start":{"line":555,"column":8},"end":{"line":555,"column":null}},"269":{"start":{"line":557,"column":8},"end":{"line":557,"column":null}},"270":{"start":{"line":563,"column":30},"end":{"line":599,"column":null}},"271":{"start":{"line":564,"column":22},"end":{"line":564,"column":null}},"272":{"start":{"line":565,"column":20},"end":{"line":565,"column":null}},"273":{"start":{"line":567,"column":25},"end":{"line":567,"column":null}},"274":{"start":{"line":568,"column":20},"end":{"line":568,"column":null}},"275":{"start":{"line":570,"column":25},"end":{"line":588,"column":null}},"276":{"start":{"line":571,"column":12},"end":{"line":571,"column":null}},"277":{"start":{"line":571,"column":23},"end":{"line":571,"column":null}},"278":{"start":{"line":573,"column":12},"end":{"line":587,"column":null}},"279":{"start":{"line":574,"column":35},"end":{"line":574,"column":null}},"280":{"start":{"line":575,"column":16},"end":{"line":580,"column":null}},"281":{"start":{"line":576,"column":20},"end":{"line":576,"column":null}},"282":{"start":{"line":577,"column":20},"end":{"line":577,"column":null}},"283":{"start":{"line":578,"column":20},"end":{"line":578,"column":null}},"284":{"start":{"line":579,"column":20},"end":{"line":579,"column":null}},"285":{"start":{"line":581,"column":16},"end":{"line":581,"column":null}},"286":{"start":{"line":583,"column":16},"end":{"line":586,"column":null}},"287":{"start":{"line":584,"column":20},"end":{"line":584,"column":null}},"288":{"start":{"line":585,"column":20},"end":{"line":585,"column":null}},"289":{"start":{"line":585,"column":31},"end":{"line":585,"column":null}},"290":{"start":{"line":590,"column":8},"end":{"line":590,"column":null}},"291":{"start":{"line":592,"column":8},"end":{"line":595,"column":null}},"292":{"start":{"line":593,"column":12},"end":{"line":593,"column":null}},"293":{"start":{"line":594,"column":12},"end":{"line":594,"column":null}},"294":{"start":{"line":597,"column":8},"end":{"line":597,"column":null}},"295":{"start":{"line":598,"column":8},"end":{"line":598,"column":null}},"296":{"start":{"line":606,"column":26},"end":{"line":616,"column":null}},"297":{"start":{"line":607,"column":20},"end":{"line":607,"column":null}},"298":{"start":{"line":608,"column":8},"end":{"line":614,"column":null}},"299":{"start":{"line":608,"column":21},"end":{"line":608,"column":24}},"300":{"start":{"line":609,"column":12},"end":{"line":613,"column":null}},"301":{"start":{"line":610,"column":16},"end":{"line":610,"column":null}},"302":{"start":{"line":612,"column":16},"end":{"line":612,"column":null}},"303":{"start":{"line":615,"column":8},"end":{"line":615,"column":null}},"304":{"start":{"line":623,"column":4},"end":{"line":759,"column":null}},"305":{"start":{"line":624,"column":8},"end":{"line":624,"column":null}},"306":{"start":{"line":624,"column":61},"end":{"line":624,"column":null}},"307":{"start":{"line":626,"column":31},"end":{"line":626,"column":null}},"308":{"start":{"line":627,"column":28},"end":{"line":627,"column":null}},"309":{"start":{"line":627,"column":65},"end":{"line":627,"column":97}},"310":{"start":{"line":628,"column":25},"end":{"line":628,"column":null}},"311":{"start":{"line":628,"column":47},"end":{"line":628,"column":51}},"312":{"start":{"line":632,"column":12},"end":{"line":633,"column":null}},"313":{"start":{"line":633,"column":40},"end":{"line":633,"column":58}},"314":{"start":{"line":636,"column":28},"end":{"line":641,"column":null}},"315":{"start":{"line":637,"column":26},"end":{"line":637,"column":null}},"316":{"start":{"line":638,"column":12},"end":{"line":638,"column":null}},"317":{"start":{"line":638,"column":24},"end":{"line":638,"column":null}},"318":{"start":{"line":639,"column":32},"end":{"line":639,"column":null}},"319":{"start":{"line":640,"column":12},"end":{"line":640,"column":null}},"320":{"start":{"line":643,"column":8},"end":{"line":755,"column":null}},"321":{"start":{"line":645,"column":24},"end":{"line":645,"column":null}},"322":{"start":{"line":646,"column":31},"end":{"line":646,"column":null}},"323":{"start":{"line":647,"column":30},"end":{"line":647,"column":null}},"324":{"start":{"line":649,"column":12},"end":{"line":661,"column":null}},"325":{"start":{"line":650,"column":30},"end":{"line":650,"column":null}},"326":{"start":{"line":652,"column":34},"end":{"line":652,"column":null}},"327":{"start":{"line":653,"column":32},"end":{"line":655,"column":null}},"328":{"start":{"line":657,"column":16},"end":{"line":660,"column":null}},"329":{"start":{"line":658,"column":20},"end":{"line":658,"column":null}},"330":{"start":{"line":659,"column":20},"end":{"line":659,"column":null}},"331":{"start":{"line":664,"column":12},"end":{"line":664,"column":null}},"332":{"start":{"line":667,"column":33},"end":{"line":667,"column":null}},"333":{"start":{"line":669,"column":12},"end":{"line":690,"column":null}},"334":{"start":{"line":670,"column":28},"end":{"line":670,"column":null}},"335":{"start":{"line":671,"column":27},"end":{"line":671,"column":null}},"336":{"start":{"line":672,"column":16},"end":{"line":672,"column":null}},"337":{"start":{"line":673,"column":16},"end":{"line":673,"column":null}},"338":{"start":{"line":674,"column":16},"end":{"line":674,"column":null}},"339":{"start":{"line":675,"column":16},"end":{"line":675,"column":null}},"340":{"start":{"line":676,"column":16},"end":{"line":676,"column":null}},"341":{"start":{"line":677,"column":16},"end":{"line":677,"column":null}},"342":{"start":{"line":680,"column":16},"end":{"line":687,"column":null}},"343":{"start":{"line":681,"column":20},"end":{"line":683,"column":null}},"344":{"start":{"line":682,"column":24},"end":{"line":682,"column":null}},"345":{"start":{"line":684,"column":20},"end":{"line":684,"column":null}},"346":{"start":{"line":686,"column":20},"end":{"line":686,"column":null}},"347":{"start":{"line":689,"column":16},"end":{"line":689,"column":null}},"348":{"start":{"line":693,"column":32},"end":{"line":693,"column":null}},"349":{"start":{"line":694,"column":31},"end":{"line":694,"column":null}},"350":{"start":{"line":697,"column":12},"end":{"line":702,"column":null}},"351":{"start":{"line":698,"column":16},"end":{"line":698,"column":null}},"352":{"start":{"line":700,"column":30},"end":{"line":700,"column":null}},"353":{"start":{"line":700,"column":53},"end":{"line":700,"column":75}},"354":{"start":{"line":701,"column":16},"end":{"line":701,"column":null}},"355":{"start":{"line":704,"column":12},"end":{"line":712,"column":null}},"356":{"start":{"line":705,"column":36},"end":{"line":705,"column":null}},"357":{"start":{"line":706,"column":16},"end":{"line":711,"column":null}},"358":{"start":{"line":707,"column":20},"end":{"line":710,"column":null}},"359":{"start":{"line":708,"column":24},"end":{"line":708,"column":null}},"360":{"start":{"line":709,"column":24},"end":{"line":709,"column":null}},"361":{"start":{"line":715,"column":33},"end":{"line":715,"column":null}},"362":{"start":{"line":717,"column":12},"end":{"line":754,"column":null}},"363":{"start":{"line":718,"column":30},"end":{"line":718,"column":null}},"364":{"start":{"line":719,"column":16},"end":{"line":719,"column":null}},"365":{"start":{"line":719,"column":28},"end":{"line":719,"column":null}},"366":{"start":{"line":721,"column":16},"end":{"line":723,"column":null}},"367":{"start":{"line":722,"column":20},"end":{"line":722,"column":null}},"368":{"start":{"line":724,"column":16},"end":{"line":726,"column":null}},"369":{"start":{"line":725,"column":20},"end":{"line":725,"column":null}},"370":{"start":{"line":727,"column":16},"end":{"line":729,"column":null}},"371":{"start":{"line":728,"column":20},"end":{"line":728,"column":null}},"372":{"start":{"line":732,"column":16},"end":{"line":753,"column":null}},"373":{"start":{"line":733,"column":20},"end":{"line":743,"column":null}},"374":{"start":{"line":735,"column":24},"end":{"line":737,"column":null}},"375":{"start":{"line":736,"column":28},"end":{"line":736,"column":null}},"376":{"start":{"line":740,"column":24},"end":{"line":742,"column":null}},"377":{"start":{"line":741,"column":28},"end":{"line":741,"column":null}},"378":{"start":{"line":744,"column":20},"end":{"line":746,"column":null}},"379":{"start":{"line":745,"column":24},"end":{"line":745,"column":null}},"380":{"start":{"line":747,"column":20},"end":{"line":747,"column":null}},"381":{"start":{"line":749,"column":20},"end":{"line":749,"column":null}},"382":{"start":{"line":750,"column":20},"end":{"line":752,"column":null}},"383":{"start":{"line":751,"column":24},"end":{"line":751,"column":null}},"384":{"start":{"line":758,"column":8},"end":{"line":758,"column":null}},"385":{"start":{"line":762,"column":4},"end":{"line":775,"column":null}},"386":{"start":{"line":763,"column":35},"end":{"line":771,"column":null}},"387":{"start":{"line":764,"column":12},"end":{"line":770,"column":null}},"388":{"start":{"line":768,"column":16},"end":{"line":768,"column":null}},"389":{"start":{"line":769,"column":16},"end":{"line":769,"column":null}},"390":{"start":{"line":773,"column":8},"end":{"line":773,"column":null}},"391":{"start":{"line":774,"column":8},"end":{"line":774,"column":null}},"392":{"start":{"line":774,"column":21},"end":{"line":774,"column":null}},"393":{"start":{"line":778,"column":4},"end":{"line":799,"column":null}},"394":{"start":{"line":779,"column":8},"end":{"line":779,"column":null}},"395":{"start":{"line":779,"column":32},"end":{"line":779,"column":null}},"396":{"start":{"line":781,"column":30},"end":{"line":781,"column":null}},"397":{"start":{"line":782,"column":8},"end":{"line":798,"column":null}},"398":{"start":{"line":783,"column":28},"end":{"line":783,"column":null}},"399":{"start":{"line":786,"column":12},"end":{"line":790,"column":null}},"400":{"start":{"line":787,"column":16},"end":{"line":787,"column":null}},"401":{"start":{"line":789,"column":16},"end":{"line":789,"column":null}},"402":{"start":{"line":793,"column":12},"end":{"line":797,"column":null}},"403":{"start":{"line":794,"column":16},"end":{"line":794,"column":null}},"404":{"start":{"line":796,"column":16},"end":{"line":796,"column":null}},"405":{"start":{"line":804,"column":4},"end":{"line":806,"column":null}},"406":{"start":{"line":805,"column":8},"end":{"line":805,"column":null}},"407":{"start":{"line":809,"column":4},"end":{"line":822,"column":null}},"408":{"start":{"line":810,"column":8},"end":{"line":810,"column":null}},"409":{"start":{"line":810,"column":32},"end":{"line":810,"column":null}},"410":{"start":{"line":812,"column":31},"end":{"line":814,"column":null}},"411":{"start":{"line":813,"column":12},"end":{"line":813,"column":null}},"412":{"start":{"line":816,"column":8},"end":{"line":816,"column":null}},"413":{"start":{"line":821,"column":8},"end":{"line":821,"column":null}},"414":{"start":{"line":821,"column":21},"end":{"line":821,"column":null}},"415":{"start":{"line":825,"column":26},"end":{"line":825,"column":null}},"416":{"start":{"line":828,"column":28},"end":{"line":832,"column":null}},"417":{"start":{"line":834,"column":4},"end":{"line":933,"column":null}},"418":{"start":{"line":839,"column":20},"end":{"line":851,"column":null}},"419":{"start":{"line":847,"column":48},"end":{"line":847,"column":null}},"420":{"start":{"line":866,"column":20},"end":{"line":874,"column":null}},"421":{"start":{"line":873,"column":24},"end":{"line":873,"column":null}},"422":{"start":{"line":877,"column":36},"end":{"line":877,"column":null}},"423":{"start":{"line":878,"column":20},"end":{"line":885,"column":null}},"424":{"start":{"line":879,"column":40},"end":{"line":879,"column":null}},"425":{"start":{"line":880,"column":24},"end":{"line":882,"column":null}},"426":{"start":{"line":881,"column":28},"end":{"line":881,"column":null}},"427":{"start":{"line":884,"column":24},"end":{"line":884,"column":null}},"428":{"start":{"line":887,"column":36},"end":{"line":887,"column":null}},"429":{"start":{"line":909,"column":24},"end":{"line":914,"column":null}}},"fnMap":{"0":{"name":"(anonymous_0)","decl":{"start":{"line":39,"column":27},"end":{"line":39,"column":33}},"loc":{"start":{"line":39,"column":33},"end":{"line":935,"column":null}},"line":39},"1":{"name":"(anonymous_1)","decl":{"start":{"line":99,"column":46},"end":{"line":99,"column":52}},"loc":{"start":{"line":99,"column":52},"end":{"line":126,"column":7}},"line":99},"2":{"name":"(anonymous_2)","decl":{"start":{"line":105,"column":30},"end":{"line":105,"column":31}},"loc":{"start":{"line":105,"column":38},"end":{"line":118,"column":9}},"line":105},"3":{"name":"(anonymous_3)","decl":{"start":{"line":121,"column":27},"end":{"line":121,"column":35}},"loc":{"start":{"line":121,"column":35},"end":{"line":125,"column":9}},"line":121},"4":{"name":"(anonymous_4)","decl":{"start":{"line":122,"column":63},"end":{"line":122,"column":70}},"loc":{"start":{"line":122,"column":70},"end":{"line":122,"column":101}},"line":122},"5":{"name":"(anonymous_5)","decl":{"start":{"line":132,"column":39},"end":{"line":132,"column":45}},"loc":{"start":{"line":132,"column":45},"end":{"line":163,"column":7}},"line":132},"6":{"name":"(anonymous_6)","decl":{"start":{"line":140,"column":30},"end":{"line":140,"column":31}},"loc":{"start":{"line":140,"column":38},"end":{"line":150,"column":9}},"line":140},"7":{"name":"(anonymous_7)","decl":{"start":{"line":153,"column":42},"end":{"line":153,"column":43}},"loc":{"start":{"line":153,"column":59},"end":{"line":156,"column":9}},"line":153},"8":{"name":"(anonymous_8)","decl":{"start":{"line":176,"column":36},"end":{"line":176,"column":37}},"loc":{"start":{"line":176,"column":43},"end":{"line":251,"column":7}},"line":176},"9":{"name":"(anonymous_9)","decl":{"start":{"line":256,"column":38},"end":{"line":256,"column":39}},"loc":{"start":{"line":256,"column":45},"end":{"line":543,"column":7}},"line":256},"10":{"name":"(anonymous_10)","decl":{"start":{"line":273,"column":23},"end":{"line":273,"column":29}},"loc":{"start":{"line":273,"column":29},"end":{"line":276,"column":15}},"line":273},"11":{"name":"(anonymous_11)","decl":{"start":{"line":298,"column":27},"end":{"line":298,"column":33}},"loc":{"start":{"line":298,"column":33},"end":{"line":302,"column":19}},"line":298},"12":{"name":"(anonymous_12)","decl":{"start":{"line":455,"column":41},"end":{"line":455,"column":42}},"loc":{"start":{"line":455,"column":51},"end":{"line":469,"column":null}},"line":455},"13":{"name":"(anonymous_13)","decl":{"start":{"line":502,"column":41},"end":{"line":502,"column":42}},"loc":{"start":{"line":502,"column":51},"end":{"line":516,"column":null}},"line":502},"14":{"name":"(anonymous_14)","decl":{"start":{"line":548,"column":30},"end":{"line":548,"column":31}},"loc":{"start":{"line":548,"column":43},"end":{"line":558,"column":null}},"line":548},"15":{"name":"(anonymous_15)","decl":{"start":{"line":563,"column":30},"end":{"line":563,"column":31}},"loc":{"start":{"line":563,"column":53},"end":{"line":599,"column":null}},"line":563},"16":{"name":"(anonymous_16)","decl":{"start":{"line":570,"column":25},"end":{"line":570,"column":26}},"loc":{"start":{"line":570,"column":35},"end":{"line":588,"column":null}},"line":570},"17":{"name":"(anonymous_17)","decl":{"start":{"line":606,"column":26},"end":{"line":606,"column":27}},"loc":{"start":{"line":606,"column":37},"end":{"line":616,"column":null}},"line":606},"18":{"name":"(anonymous_18)","decl":{"start":{"line":623,"column":20},"end":{"line":623,"column":26}},"loc":{"start":{"line":623,"column":26},"end":{"line":759,"column":7}},"line":623},"19":{"name":"(anonymous_19)","decl":{"start":{"line":627,"column":59},"end":{"line":627,"column":65}},"loc":{"start":{"line":627,"column":65},"end":{"line":627,"column":97}},"line":627},"20":{"name":"(anonymous_20)","decl":{"start":{"line":628,"column":42},"end":{"line":628,"column":47}},"loc":{"start":{"line":628,"column":47},"end":{"line":628,"column":51}},"line":628},"21":{"name":"(anonymous_21)","decl":{"start":{"line":633,"column":29},"end":{"line":633,"column":30}},"loc":{"start":{"line":633,"column":40},"end":{"line":633,"column":58}},"line":633},"22":{"name":"(anonymous_22)","decl":{"start":{"line":636,"column":81},"end":{"line":636,"column":82}},"loc":{"start":{"line":636,"column":92},"end":{"line":641,"column":9}},"line":636},"23":{"name":"(anonymous_23)","decl":{"start":{"line":669,"column":33},"end":{"line":669,"column":34}},"loc":{"start":{"line":669,"column":51},"end":{"line":690,"column":13}},"line":669},"24":{"name":"(anonymous_24)","decl":{"start":{"line":700,"column":48},"end":{"line":700,"column":53}},"loc":{"start":{"line":700,"column":53},"end":{"line":700,"column":75}},"line":700},"25":{"name":"(anonymous_25)","decl":{"start":{"line":707,"column":42},"end":{"line":707,"column":48}},"loc":{"start":{"line":707,"column":48},"end":{"line":710,"column":21}},"line":707},"26":{"name":"(anonymous_26)","decl":{"start":{"line":717,"column":35},"end":{"line":717,"column":36}},"loc":{"start":{"line":717,"column":46},"end":{"line":754,"column":13}},"line":717},"27":{"name":"(anonymous_27)","decl":{"start":{"line":762,"column":14},"end":{"line":762,"column":20}},"loc":{"start":{"line":762,"column":20},"end":{"line":775,"column":7}},"line":762},"28":{"name":"(anonymous_28)","decl":{"start":{"line":763,"column":35},"end":{"line":763,"column":36}},"loc":{"start":{"line":763,"column":42},"end":{"line":771,"column":null}},"line":763},"29":{"name":"(anonymous_29)","decl":{"start":{"line":774,"column":15},"end":{"line":774,"column":21}},"loc":{"start":{"line":774,"column":21},"end":{"line":774,"column":null}},"line":774},"30":{"name":"(anonymous_30)","decl":{"start":{"line":778,"column":14},"end":{"line":778,"column":20}},"loc":{"start":{"line":778,"column":20},"end":{"line":799,"column":7}},"line":778},"31":{"name":"(anonymous_31)","decl":{"start":{"line":782,"column":30},"end":{"line":782,"column":31}},"loc":{"start":{"line":782,"column":38},"end":{"line":798,"column":9}},"line":782},"32":{"name":"(anonymous_32)","decl":{"start":{"line":804,"column":20},"end":{"line":804,"column":26}},"loc":{"start":{"line":804,"column":26},"end":{"line":806,"column":7}},"line":804},"33":{"name":"(anonymous_33)","decl":{"start":{"line":809,"column":14},"end":{"line":809,"column":20}},"loc":{"start":{"line":809,"column":20},"end":{"line":822,"column":7}},"line":809},"34":{"name":"(anonymous_34)","decl":{"start":{"line":812,"column":50},"end":{"line":812,"column":56}},"loc":{"start":{"line":812,"column":56},"end":{"line":814,"column":9}},"line":812},"35":{"name":"(anonymous_35)","decl":{"start":{"line":821,"column":15},"end":{"line":821,"column":21}},"loc":{"start":{"line":821,"column":21},"end":{"line":821,"column":null}},"line":821},"36":{"name":"(anonymous_36)","decl":{"start":{"line":838,"column":34},"end":{"line":838,"column":35}},"loc":{"start":{"line":839,"column":20},"end":{"line":851,"column":null}},"line":839},"37":{"name":"(anonymous_37)","decl":{"start":{"line":847,"column":41},"end":{"line":847,"column":42}},"loc":{"start":{"line":847,"column":48},"end":{"line":847,"column":null}},"line":847},"38":{"name":"(anonymous_38)","decl":{"start":{"line":863,"column":29},"end":{"line":863,"column":30}},"loc":{"start":{"line":863,"column":36},"end":{"line":875,"column":null}},"line":863},"39":{"name":"(anonymous_39)","decl":{"start":{"line":876,"column":29},"end":{"line":876,"column":30}},"loc":{"start":{"line":876,"column":36},"end":{"line":886,"column":null}},"line":876},"40":{"name":"(anonymous_40)","decl":{"start":{"line":887,"column":30},"end":{"line":887,"column":36}},"loc":{"start":{"line":887,"column":36},"end":{"line":887,"column":null}},"line":887},"41":{"name":"(anonymous_41)","decl":{"start":{"line":908,"column":51},"end":{"line":908,"column":52}},"loc":{"start":{"line":909,"column":24},"end":{"line":914,"column":null}},"line":909}},"branchMap":{"0":{"loc":{"start":{"line":100,"column":8},"end":{"line":100,"column":null}},"type":"if","locations":[{"start":{"line":100,"column":8},"end":{"line":100,"column":null}},{"start":{},"end":{}}],"line":100},"1":{"loc":{"start":{"line":108,"column":31},"end":{"line":108,"column":null}},"type":"binary-expr","locations":[{"start":{"line":108,"column":31},"end":{"line":108,"column":61}},{"start":{"line":108,"column":61},"end":{"line":108,"column":null}}],"line":108},"2":{"loc":{"start":{"line":109,"column":31},"end":{"line":109,"column":null}},"type":"binary-expr","locations":[{"start":{"line":109,"column":31},"end":{"line":109,"column":61}},{"start":{"line":109,"column":61},"end":{"line":109,"column":null}}],"line":109},"3":{"loc":{"start":{"line":122,"column":32},"end":{"line":123,"column":null}},"type":"binary-expr","locations":[{"start":{"line":122,"column":32},"end":{"line":122,"column":null}},{"start":{"line":123,"column":16},"end":{"line":123,"column":null}}],"line":122},"4":{"loc":{"start":{"line":124,"column":19},"end":{"line":124,"column":null}},"type":"cond-expr","locations":[{"start":{"line":124,"column":33},"end":{"line":124,"column":48}},{"start":{"line":124,"column":48},"end":{"line":124,"column":null}}],"line":124},"5":{"loc":{"start":{"line":133,"column":8},"end":{"line":133,"column":null}},"type":"if","locations":[{"start":{"line":133,"column":8},"end":{"line":133,"column":null}},{"start":{},"end":{}}],"line":133},"6":{"loc":{"start":{"line":133,"column":12},"end":{"line":133,"column":61}},"type":"binary-expr","locations":[{"start":{"line":133,"column":12},"end":{"line":133,"column":34}},{"start":{"line":133,"column":34},"end":{"line":133,"column":61}}],"line":133},"7":{"loc":{"start":{"line":142,"column":30},"end":{"line":142,"column":null}},"type":"binary-expr","locations":[{"start":{"line":142,"column":30},"end":{"line":142,"column":68}},{"start":{"line":142,"column":68},"end":{"line":142,"column":null}}],"line":142},"8":{"loc":{"start":{"line":153,"column":27},"end":{"line":156,"column":null}},"type":"binary-expr","locations":[{"start":{"line":153,"column":27},"end":{"line":156,"column":14}},{"start":{"line":156,"column":14},"end":{"line":156,"column":null}}],"line":153},"9":{"loc":{"start":{"line":155,"column":19},"end":{"line":155,"column":null}},"type":"binary-expr","locations":[{"start":{"line":155,"column":19},"end":{"line":155,"column":32}},{"start":{"line":155,"column":32},"end":{"line":155,"column":73}},{"start":{"line":155,"column":73},"end":{"line":155,"column":null}}],"line":155},"10":{"loc":{"start":{"line":158,"column":8},"end":{"line":160,"column":null}},"type":"if","locations":[{"start":{"line":158,"column":8},"end":{"line":160,"column":null}},{"start":{},"end":{}}],"line":158},"11":{"loc":{"start":{"line":158,"column":12},"end":{"line":158,"column":48}},"type":"binary-expr","locations":[{"start":{"line":158,"column":12},"end":{"line":158,"column":26}},{"start":{"line":158,"column":26},"end":{"line":158,"column":48}}],"line":158},"12":{"loc":{"start":{"line":179,"column":8},"end":{"line":179,"column":null}},"type":"if","locations":[{"start":{"line":179,"column":8},"end":{"line":179,"column":null}},{"start":{},"end":{}}],"line":179},"13":{"loc":{"start":{"line":181,"column":24},"end":{"line":183,"column":null}},"type":"cond-expr","locations":[{"start":{"line":182,"column":14},"end":{"line":182,"column":null}},{"start":{"line":183,"column":14},"end":{"line":183,"column":null}}],"line":181},"14":{"loc":{"start":{"line":185,"column":8},"end":{"line":248,"column":null}},"type":"if","locations":[{"start":{"line":185,"column":8},"end":{"line":248,"column":null}},{"start":{},"end":{}}],"line":185},"15":{"loc":{"start":{"line":186,"column":32},"end":{"line":186,"column":null}},"type":"binary-expr","locations":[{"start":{"line":186,"column":32},"end":{"line":186,"column":55}},{"start":{"line":186,"column":55},"end":{"line":186,"column":null}}],"line":186},"16":{"loc":{"start":{"line":191,"column":12},"end":{"line":247,"column":null}},"type":"if","locations":[{"start":{"line":191,"column":12},"end":{"line":247,"column":null}},{"start":{},"end":{}}],"line":191},"17":{"loc":{"start":{"line":193,"column":20},"end":{"line":245,"column":null}},"type":"if","locations":[{"start":{"line":193,"column":20},"end":{"line":245,"column":null}},{"start":{},"end":{}}],"line":193},"18":{"loc":{"start":{"line":201,"column":24},"end":{"line":241,"column":null}},"type":"if","locations":[{"start":{"line":201,"column":24},"end":{"line":241,"column":null}},{"start":{"line":234,"column":24},"end":{"line":241,"column":null}}],"line":201},"19":{"loc":{"start":{"line":210,"column":28},"end":{"line":219,"column":null}},"type":"if","locations":[{"start":{"line":210,"column":28},"end":{"line":219,"column":null}},{"start":{},"end":{}}],"line":210},"20":{"loc":{"start":{"line":213,"column":55},"end":{"line":213,"column":null}},"type":"binary-expr","locations":[{"start":{"line":213,"column":55},"end":{"line":213,"column":63}},{"start":{"line":213,"column":63},"end":{"line":213,"column":null}}],"line":213},"21":{"loc":{"start":{"line":214,"column":32},"end":{"line":216,"column":null}},"type":"if","locations":[{"start":{"line":214,"column":32},"end":{"line":216,"column":null}},{"start":{},"end":{}}],"line":214},"22":{"loc":{"start":{"line":226,"column":28},"end":{"line":230,"column":null}},"type":"if","locations":[{"start":{"line":226,"column":28},"end":{"line":230,"column":null}},{"start":{"line":228,"column":35},"end":{"line":230,"column":null}}],"line":226},"23":{"loc":{"start":{"line":234,"column":24},"end":{"line":241,"column":null}},"type":"if","locations":[{"start":{"line":234,"column":24},"end":{"line":241,"column":null}},{"start":{},"end":{}}],"line":234},"24":{"loc":{"start":{"line":258,"column":8},"end":{"line":258,"column":null}},"type":"if","locations":[{"start":{"line":258,"column":8},"end":{"line":258,"column":null}},{"start":{},"end":{}}],"line":258},"25":{"loc":{"start":{"line":261,"column":24},"end":{"line":263,"column":null}},"type":"cond-expr","locations":[{"start":{"line":262,"column":14},"end":{"line":262,"column":null}},{"start":{"line":263,"column":14},"end":{"line":263,"column":null}}],"line":261},"26":{"loc":{"start":{"line":265,"column":8},"end":{"line":265,"column":null}},"type":"if","locations":[{"start":{"line":265,"column":8},"end":{"line":265,"column":null}},{"start":{},"end":{}}],"line":265},"27":{"loc":{"start":{"line":268,"column":26},"end":{"line":268,"column":null}},"type":"binary-expr","locations":[{"start":{"line":268,"column":26},"end":{"line":268,"column":69}},{"start":{"line":268,"column":69},"end":{"line":268,"column":null}}],"line":268},"28":{"loc":{"start":{"line":269,"column":28},"end":{"line":269,"column":null}},"type":"binary-expr","locations":[{"start":{"line":269,"column":28},"end":{"line":269,"column":51}},{"start":{"line":269,"column":51},"end":{"line":269,"column":null}}],"line":269},"29":{"loc":{"start":{"line":272,"column":8},"end":{"line":278,"column":null}},"type":"if","locations":[{"start":{"line":272,"column":8},"end":{"line":278,"column":null}},{"start":{},"end":{}}],"line":272},"30":{"loc":{"start":{"line":272,"column":12},"end":{"line":272,"column":48}},"type":"binary-expr","locations":[{"start":{"line":272,"column":12},"end":{"line":272,"column":29}},{"start":{"line":272,"column":29},"end":{"line":272,"column":48}}],"line":272},"31":{"loc":{"start":{"line":281,"column":8},"end":{"line":304,"column":null}},"type":"if","locations":[{"start":{"line":281,"column":8},"end":{"line":304,"column":null}},{"start":{},"end":{}}],"line":281},"32":{"loc":{"start":{"line":281,"column":12},"end":{"line":281,"column":63}},"type":"binary-expr","locations":[{"start":{"line":281,"column":12},"end":{"line":281,"column":32}},{"start":{"line":281,"column":32},"end":{"line":281,"column":63}}],"line":281},"33":{"loc":{"start":{"line":282,"column":12},"end":{"line":285,"column":null}},"type":"if","locations":[{"start":{"line":282,"column":12},"end":{"line":285,"column":null}},{"start":{},"end":{}}],"line":282},"34":{"loc":{"start":{"line":286,"column":12},"end":{"line":290,"column":null}},"type":"if","locations":[{"start":{"line":286,"column":12},"end":{"line":290,"column":null}},{"start":{},"end":{}}],"line":286},"35":{"loc":{"start":{"line":292,"column":12},"end":{"line":294,"column":null}},"type":"if","locations":[{"start":{"line":292,"column":12},"end":{"line":294,"column":null}},{"start":{},"end":{}}],"line":292},"36":{"loc":{"start":{"line":292,"column":16},"end":{"line":292,"column":83}},"type":"binary-expr","locations":[{"start":{"line":292,"column":16},"end":{"line":292,"column":39}},{"start":{"line":292,"column":39},"end":{"line":292,"column":64}},{"start":{"line":292,"column":64},"end":{"line":292,"column":83}}],"line":292},"37":{"loc":{"start":{"line":297,"column":12},"end":{"line":303,"column":null}},"type":"if","locations":[{"start":{"line":297,"column":12},"end":{"line":303,"column":null}},{"start":{},"end":{}}],"line":297},"38":{"loc":{"start":{"line":299,"column":40},"end":{"line":299,"column":null}},"type":"binary-expr","locations":[{"start":{"line":299,"column":40},"end":{"line":299,"column":63}},{"start":{"line":299,"column":63},"end":{"line":299,"column":null}}],"line":299},"39":{"loc":{"start":{"line":307,"column":8},"end":{"line":384,"column":null}},"type":"if","locations":[{"start":{"line":307,"column":8},"end":{"line":384,"column":null}},{"start":{},"end":{}}],"line":307},"40":{"loc":{"start":{"line":307,"column":12},"end":{"line":307,"column":46}},"type":"binary-expr","locations":[{"start":{"line":307,"column":12},"end":{"line":307,"column":33}},{"start":{"line":307,"column":33},"end":{"line":307,"column":46}}],"line":307},"41":{"loc":{"start":{"line":308,"column":12},"end":{"line":308,"column":null}},"type":"if","locations":[{"start":{"line":308,"column":12},"end":{"line":308,"column":null}},{"start":{},"end":{}}],"line":308},"42":{"loc":{"start":{"line":313,"column":12},"end":{"line":334,"column":null}},"type":"if","locations":[{"start":{"line":313,"column":12},"end":{"line":334,"column":null}},{"start":{},"end":{}}],"line":313},"43":{"loc":{"start":{"line":314,"column":16},"end":{"line":333,"column":null}},"type":"if","locations":[{"start":{"line":314,"column":16},"end":{"line":333,"column":null}},{"start":{},"end":{}}],"line":314},"44":{"loc":{"start":{"line":317,"column":20},"end":{"line":330,"column":null}},"type":"if","locations":[{"start":{"line":317,"column":20},"end":{"line":330,"column":null}},{"start":{},"end":{}}],"line":317},"45":{"loc":{"start":{"line":341,"column":12},"end":{"line":345,"column":null}},"type":"if","locations":[{"start":{"line":341,"column":12},"end":{"line":345,"column":null}},{"start":{"line":343,"column":19},"end":{"line":345,"column":null}}],"line":341},"46":{"loc":{"start":{"line":355,"column":33},"end":{"line":357,"column":null}},"type":"cond-expr","locations":[{"start":{"line":356,"column":18},"end":{"line":356,"column":null}},{"start":{"line":357,"column":18},"end":{"line":357,"column":null}}],"line":355},"47":{"loc":{"start":{"line":373,"column":12},"end":{"line":377,"column":null}},"type":"if","locations":[{"start":{"line":373,"column":12},"end":{"line":377,"column":null}},{"start":{"line":375,"column":19},"end":{"line":377,"column":null}}],"line":373},"48":{"loc":{"start":{"line":388,"column":8},"end":{"line":529,"column":null}},"type":"if","locations":[{"start":{"line":388,"column":8},"end":{"line":529,"column":null}},{"start":{},"end":{}}],"line":388},"49":{"loc":{"start":{"line":388,"column":12},"end":{"line":388,"column":57}},"type":"binary-expr","locations":[{"start":{"line":388,"column":12},"end":{"line":388,"column":37}},{"start":{"line":388,"column":37},"end":{"line":388,"column":57}}],"line":388},"50":{"loc":{"start":{"line":390,"column":12},"end":{"line":396,"column":null}},"type":"if","locations":[{"start":{"line":390,"column":12},"end":{"line":396,"column":null}},{"start":{},"end":{}}],"line":390},"51":{"loc":{"start":{"line":390,"column":16},"end":{"line":390,"column":59}},"type":"binary-expr","locations":[{"start":{"line":390,"column":16},"end":{"line":390,"column":36}},{"start":{"line":390,"column":36},"end":{"line":390,"column":59}}],"line":390},"52":{"loc":{"start":{"line":393,"column":16},"end":{"line":395,"column":null}},"type":"if","locations":[{"start":{"line":393,"column":16},"end":{"line":395,"column":null}},{"start":{},"end":{}}],"line":393},"53":{"loc":{"start":{"line":393,"column":20},"end":{"line":393,"column":66}},"type":"binary-expr","locations":[{"start":{"line":393,"column":20},"end":{"line":393,"column":41}},{"start":{"line":393,"column":41},"end":{"line":393,"column":66}}],"line":393},"54":{"loc":{"start":{"line":399,"column":12},"end":{"line":403,"column":null}},"type":"if","locations":[{"start":{"line":399,"column":12},"end":{"line":403,"column":null}},{"start":{},"end":{}}],"line":399},"55":{"loc":{"start":{"line":408,"column":12},"end":{"line":481,"column":null}},"type":"if","locations":[{"start":{"line":408,"column":12},"end":{"line":481,"column":null}},{"start":{},"end":{}}],"line":408},"56":{"loc":{"start":{"line":408,"column":16},"end":{"line":408,"column":58}},"type":"binary-expr","locations":[{"start":{"line":408,"column":16},"end":{"line":408,"column":41}},{"start":{"line":408,"column":41},"end":{"line":408,"column":58}}],"line":408},"57":{"loc":{"start":{"line":412,"column":16},"end":{"line":436,"column":null}},"type":"if","locations":[{"start":{"line":412,"column":16},"end":{"line":436,"column":null}},{"start":{},"end":{}}],"line":412},"58":{"loc":{"start":{"line":415,"column":20},"end":{"line":433,"column":null}},"type":"if","locations":[{"start":{"line":415,"column":20},"end":{"line":433,"column":null}},{"start":{},"end":{}}],"line":415},"59":{"loc":{"start":{"line":425,"column":24},"end":{"line":429,"column":null}},"type":"if","locations":[{"start":{"line":425,"column":24},"end":{"line":429,"column":null}},{"start":{"line":427,"column":31},"end":{"line":429,"column":null}}],"line":425},"60":{"loc":{"start":{"line":440,"column":16},"end":{"line":479,"column":null}},"type":"if","locations":[{"start":{"line":440,"column":16},"end":{"line":479,"column":null}},{"start":{},"end":{}}],"line":440},"61":{"loc":{"start":{"line":440,"column":20},"end":{"line":440,"column":74}},"type":"binary-expr","locations":[{"start":{"line":440,"column":20},"end":{"line":440,"column":33}},{"start":{"line":440,"column":33},"end":{"line":440,"column":74}}],"line":440},"62":{"loc":{"start":{"line":441,"column":40},"end":{"line":441,"column":null}},"type":"binary-expr","locations":[{"start":{"line":441,"column":40},"end":{"line":441,"column":65}},{"start":{"line":441,"column":65},"end":{"line":441,"column":null}}],"line":441},"63":{"loc":{"start":{"line":453,"column":20},"end":{"line":474,"column":null}},"type":"if","locations":[{"start":{"line":453,"column":20},"end":{"line":474,"column":null}},{"start":{"line":471,"column":27},"end":{"line":474,"column":null}}],"line":453},"64":{"loc":{"start":{"line":456,"column":28},"end":{"line":467,"column":null}},"type":"if","locations":[{"start":{"line":456,"column":28},"end":{"line":467,"column":null}},{"start":{"line":463,"column":35},"end":{"line":467,"column":null}}],"line":456},"65":{"loc":{"start":{"line":457,"column":32},"end":{"line":461,"column":null}},"type":"if","locations":[{"start":{"line":457,"column":32},"end":{"line":461,"column":null}},{"start":{},"end":{}}],"line":457},"66":{"loc":{"start":{"line":465,"column":36},"end":{"line":465,"column":null}},"type":"if","locations":[{"start":{"line":465,"column":36},"end":{"line":465,"column":null}},{"start":{},"end":{}}],"line":465},"67":{"loc":{"start":{"line":484,"column":12},"end":{"line":528,"column":null}},"type":"if","locations":[{"start":{"line":484,"column":12},"end":{"line":528,"column":null}},{"start":{},"end":{}}],"line":484},"68":{"loc":{"start":{"line":484,"column":16},"end":{"line":484,"column":72}},"type":"binary-expr","locations":[{"start":{"line":484,"column":16},"end":{"line":484,"column":38}},{"start":{"line":484,"column":38},"end":{"line":484,"column":72}}],"line":484},"69":{"loc":{"start":{"line":488,"column":16},"end":{"line":526,"column":null}},"type":"if","locations":[{"start":{"line":488,"column":16},"end":{"line":526,"column":null}},{"start":{},"end":{}}],"line":488},"70":{"loc":{"start":{"line":488,"column":20},"end":{"line":488,"column":74}},"type":"binary-expr","locations":[{"start":{"line":488,"column":20},"end":{"line":488,"column":33}},{"start":{"line":488,"column":33},"end":{"line":488,"column":74}}],"line":488},"71":{"loc":{"start":{"line":489,"column":40},"end":{"line":489,"column":null}},"type":"binary-expr","locations":[{"start":{"line":489,"column":40},"end":{"line":489,"column":65}},{"start":{"line":489,"column":65},"end":{"line":489,"column":null}}],"line":489},"72":{"loc":{"start":{"line":500,"column":20},"end":{"line":521,"column":null}},"type":"if","locations":[{"start":{"line":500,"column":20},"end":{"line":521,"column":null}},{"start":{"line":518,"column":27},"end":{"line":521,"column":null}}],"line":500},"73":{"loc":{"start":{"line":503,"column":28},"end":{"line":514,"column":null}},"type":"if","locations":[{"start":{"line":503,"column":28},"end":{"line":514,"column":null}},{"start":{"line":510,"column":35},"end":{"line":514,"column":null}}],"line":503},"74":{"loc":{"start":{"line":504,"column":32},"end":{"line":508,"column":null}},"type":"if","locations":[{"start":{"line":504,"column":32},"end":{"line":508,"column":null}},{"start":{},"end":{}}],"line":504},"75":{"loc":{"start":{"line":512,"column":36},"end":{"line":512,"column":null}},"type":"if","locations":[{"start":{"line":512,"column":36},"end":{"line":512,"column":null}},{"start":{},"end":{}}],"line":512},"76":{"loc":{"start":{"line":532,"column":8},"end":{"line":535,"column":null}},"type":"if","locations":[{"start":{"line":532,"column":8},"end":{"line":535,"column":null}},{"start":{},"end":{}}],"line":532},"77":{"loc":{"start":{"line":532,"column":8},"end":{"line":532,"column":55}},"type":"binary-expr","locations":[{"start":{"line":532,"column":13},"end":{"line":532,"column":26}},{"start":{"line":532,"column":26},"end":{"line":532,"column":40}},{"start":{"line":532,"column":40},"end":{"line":532,"column":55}}],"line":532},"78":{"loc":{"start":{"line":538,"column":8},"end":{"line":542,"column":null}},"type":"if","locations":[{"start":{"line":538,"column":8},"end":{"line":542,"column":null}},{"start":{},"end":{}}],"line":538},"79":{"loc":{"start":{"line":538,"column":8},"end":{"line":538,"column":55}},"type":"binary-expr","locations":[{"start":{"line":538,"column":13},"end":{"line":538,"column":26}},{"start":{"line":538,"column":26},"end":{"line":538,"column":40}},{"start":{"line":538,"column":40},"end":{"line":538,"column":55}}],"line":538},"80":{"loc":{"start":{"line":550,"column":8},"end":{"line":550,"column":null}},"type":"if","locations":[{"start":{"line":550,"column":8},"end":{"line":550,"column":null}},{"start":{},"end":{}}],"line":550},"81":{"loc":{"start":{"line":571,"column":12},"end":{"line":571,"column":null}},"type":"if","locations":[{"start":{"line":571,"column":12},"end":{"line":571,"column":null}},{"start":{},"end":{}}],"line":571},"82":{"loc":{"start":{"line":573,"column":12},"end":{"line":587,"column":null}},"type":"if","locations":[{"start":{"line":573,"column":12},"end":{"line":587,"column":null}},{"start":{"line":582,"column":19},"end":{"line":587,"column":null}}],"line":573},"83":{"loc":{"start":{"line":575,"column":16},"end":{"line":580,"column":null}},"type":"if","locations":[{"start":{"line":575,"column":16},"end":{"line":580,"column":null}},{"start":{},"end":{}}],"line":575},"84":{"loc":{"start":{"line":585,"column":20},"end":{"line":585,"column":null}},"type":"if","locations":[{"start":{"line":585,"column":20},"end":{"line":585,"column":null}},{"start":{},"end":{}}],"line":585},"85":{"loc":{"start":{"line":592,"column":8},"end":{"line":595,"column":null}},"type":"if","locations":[{"start":{"line":592,"column":8},"end":{"line":595,"column":null}},{"start":{},"end":{}}],"line":592},"86":{"loc":{"start":{"line":609,"column":12},"end":{"line":613,"column":null}},"type":"if","locations":[{"start":{"line":609,"column":12},"end":{"line":613,"column":null}},{"start":{"line":611,"column":19},"end":{"line":613,"column":null}}],"line":609},"87":{"loc":{"start":{"line":624,"column":8},"end":{"line":624,"column":null}},"type":"if","locations":[{"start":{"line":624,"column":8},"end":{"line":624,"column":null}},{"start":{},"end":{}}],"line":624},"88":{"loc":{"start":{"line":624,"column":12},"end":{"line":624,"column":61}},"type":"binary-expr","locations":[{"start":{"line":624,"column":12},"end":{"line":624,"column":34}},{"start":{"line":624,"column":34},"end":{"line":624,"column":61}}],"line":624},"89":{"loc":{"start":{"line":632,"column":12},"end":{"line":633,"column":null}},"type":"binary-expr","locations":[{"start":{"line":632,"column":12},"end":{"line":632,"column":null}},{"start":{"line":633,"column":12},"end":{"line":633,"column":null}}],"line":632},"90":{"loc":{"start":{"line":636,"column":28},"end":{"line":641,"column":null}},"type":"binary-expr","locations":[{"start":{"line":636,"column":28},"end":{"line":636,"column":49}},{"start":{"line":636,"column":49},"end":{"line":641,"column":null}}],"line":636},"91":{"loc":{"start":{"line":638,"column":12},"end":{"line":638,"column":null}},"type":"if","locations":[{"start":{"line":638,"column":12},"end":{"line":638,"column":null}},{"start":{},"end":{}}],"line":638},"92":{"loc":{"start":{"line":639,"column":32},"end":{"line":639,"column":null}},"type":"binary-expr","locations":[{"start":{"line":639,"column":32},"end":{"line":639,"column":63}},{"start":{"line":639,"column":63},"end":{"line":639,"column":null}}],"line":639},"93":{"loc":{"start":{"line":643,"column":8},"end":{"line":755,"column":null}},"type":"if","locations":[{"start":{"line":643,"column":8},"end":{"line":755,"column":null}},{"start":{"line":713,"column":15},"end":{"line":755,"column":null}}],"line":643},"94":{"loc":{"start":{"line":643,"column":12},"end":{"line":643,"column":45}},"type":"binary-expr","locations":[{"start":{"line":643,"column":12},"end":{"line":643,"column":32}},{"start":{"line":643,"column":32},"end":{"line":643,"column":45}}],"line":643},"95":{"loc":{"start":{"line":649,"column":12},"end":{"line":661,"column":null}},"type":"if","locations":[{"start":{"line":649,"column":12},"end":{"line":661,"column":null}},{"start":{},"end":{}}],"line":649},"96":{"loc":{"start":{"line":653,"column":32},"end":{"line":655,"column":null}},"type":"cond-expr","locations":[{"start":{"line":654,"column":22},"end":{"line":654,"column":null}},{"start":{"line":655,"column":23},"end":{"line":655,"column":null}}],"line":653},"97":{"loc":{"start":{"line":655,"column":23},"end":{"line":655,"column":null}},"type":"cond-expr","locations":[{"start":{"line":655,"column":43},"end":{"line":655,"column":82}},{"start":{"line":655,"column":82},"end":{"line":655,"column":null}}],"line":655},"98":{"loc":{"start":{"line":657,"column":16},"end":{"line":660,"column":null}},"type":"if","locations":[{"start":{"line":657,"column":16},"end":{"line":660,"column":null}},{"start":{},"end":{}}],"line":657},"99":{"loc":{"start":{"line":670,"column":28},"end":{"line":670,"column":null}},"type":"binary-expr","locations":[{"start":{"line":670,"column":28},"end":{"line":670,"column":59}},{"start":{"line":670,"column":59},"end":{"line":670,"column":null}}],"line":670},"100":{"loc":{"start":{"line":680,"column":16},"end":{"line":687,"column":null}},"type":"if","locations":[{"start":{"line":680,"column":16},"end":{"line":687,"column":null}},{"start":{"line":685,"column":23},"end":{"line":687,"column":null}}],"line":680},"101":{"loc":{"start":{"line":681,"column":20},"end":{"line":683,"column":null}},"type":"if","locations":[{"start":{"line":681,"column":20},"end":{"line":683,"column":null}},{"start":{},"end":{}}],"line":681},"102":{"loc":{"start":{"line":697,"column":12},"end":{"line":702,"column":null}},"type":"if","locations":[{"start":{"line":697,"column":12},"end":{"line":702,"column":null}},{"start":{},"end":{}}],"line":697},"103":{"loc":{"start":{"line":697,"column":16},"end":{"line":697,"column":56}},"type":"binary-expr","locations":[{"start":{"line":697,"column":16},"end":{"line":697,"column":34}},{"start":{"line":697,"column":34},"end":{"line":697,"column":56}}],"line":697},"104":{"loc":{"start":{"line":701,"column":31},"end":{"line":701,"column":null}},"type":"cond-expr","locations":[{"start":{"line":701,"column":39},"end":{"line":701,"column":62}},{"start":{"line":701,"column":62},"end":{"line":701,"column":null}}],"line":701},"105":{"loc":{"start":{"line":704,"column":12},"end":{"line":712,"column":null}},"type":"if","locations":[{"start":{"line":704,"column":12},"end":{"line":712,"column":null}},{"start":{},"end":{}}],"line":704},"106":{"loc":{"start":{"line":706,"column":16},"end":{"line":711,"column":null}},"type":"if","locations":[{"start":{"line":706,"column":16},"end":{"line":711,"column":null}},{"start":{},"end":{}}],"line":706},"107":{"loc":{"start":{"line":719,"column":16},"end":{"line":719,"column":null}},"type":"if","locations":[{"start":{"line":719,"column":16},"end":{"line":719,"column":null}},{"start":{},"end":{}}],"line":719},"108":{"loc":{"start":{"line":721,"column":16},"end":{"line":723,"column":null}},"type":"if","locations":[{"start":{"line":721,"column":16},"end":{"line":723,"column":null}},{"start":{},"end":{}}],"line":721},"109":{"loc":{"start":{"line":724,"column":16},"end":{"line":726,"column":null}},"type":"if","locations":[{"start":{"line":724,"column":16},"end":{"line":726,"column":null}},{"start":{},"end":{}}],"line":724},"110":{"loc":{"start":{"line":727,"column":16},"end":{"line":729,"column":null}},"type":"if","locations":[{"start":{"line":727,"column":16},"end":{"line":729,"column":null}},{"start":{},"end":{}}],"line":727},"111":{"loc":{"start":{"line":732,"column":16},"end":{"line":753,"column":null}},"type":"if","locations":[{"start":{"line":732,"column":16},"end":{"line":753,"column":null}},{"start":{"line":748,"column":23},"end":{"line":753,"column":null}}],"line":732},"112":{"loc":{"start":{"line":733,"column":20},"end":{"line":743,"column":null}},"type":"if","locations":[{"start":{"line":733,"column":20},"end":{"line":743,"column":null}},{"start":{"line":738,"column":27},"end":{"line":743,"column":null}}],"line":733},"113":{"loc":{"start":{"line":735,"column":24},"end":{"line":737,"column":null}},"type":"if","locations":[{"start":{"line":735,"column":24},"end":{"line":737,"column":null}},{"start":{},"end":{}}],"line":735},"114":{"loc":{"start":{"line":740,"column":24},"end":{"line":742,"column":null}},"type":"if","locations":[{"start":{"line":740,"column":24},"end":{"line":742,"column":null}},{"start":{},"end":{}}],"line":740},"115":{"loc":{"start":{"line":744,"column":20},"end":{"line":746,"column":null}},"type":"if","locations":[{"start":{"line":744,"column":20},"end":{"line":746,"column":null}},{"start":{},"end":{}}],"line":744},"116":{"loc":{"start":{"line":750,"column":20},"end":{"line":752,"column":null}},"type":"if","locations":[{"start":{"line":750,"column":20},"end":{"line":752,"c
[...]
,"/Volumes/T9/project3876/frontend/src/components/Editor/hooks/useKeyboardNavigation.js": {"path":"/Volumes/T9/project3876/frontend/src/components/Editor/hooks/useKeyboardNavigation.js","statementMap":{"0":{"start":{"line":22,"column":31},"end":{"line":160,"column":6}},"1":{"start":{"line":23,"column":34},"end":{"line":23,"column":67}},"2":{"start":{"line":24,"column":33},"end":{"line":24,"column":71}},"3":{"start":{"line":27,"column":20},"end":{"line":27,"column":41}},"4":{"start":{"line":28,"column":39},"end":{"line":28,"column":91}},"5":{"start":{"line":31,"column":8},"end":{"line":35,"column":null}},"6":{"start":{"line":32,"column":12},"end":{"line":34,"column":null}},"7":{"start":{"line":33,"column":16},"end":{"line":33,"column":null}},"8":{"start":{"line":38,"column":8},"end":{"line":55,"column":null}},"9":{"start":{"line":40,"column":12},"end":{"line":44,"column":null}},"10":{"start":{"line":41,"column":16},"end":{"line":41,"column":null}},"11":{"start":{"line":42,"column":16},"end":{"line":42,"column":null}},"12":{"start":{"line":43,"column":16},"end":{"line":43,"column":null}},"13":{"start":{"line":46,"column":12},"end":{"line":50,"column":null}},"14":{"start":{"line":47,"column":16},"end":{"line":47,"column":null}},"15":{"start":{"line":48,"column":16},"end":{"line":48,"column":null}},"16":{"start":{"line":49,"column":16},"end":{"line":49,"column":null}},"17":{"start":{"line":52,"column":12},"end":{"line":54,"column":null}},"18":{"start":{"line":53,"column":16},"end":{"line":53,"column":23}},"19":{"start":{"line":58,"column":8},"end":{"line":75,"column":null}},"20":{"start":{"line":60,"column":12},"end":{"line":64,"column":null}},"21":{"start":{"line":61,"column":16},"end":{"line":61,"column":null}},"22":{"start":{"line":62,"column":16},"end":{"line":62,"column":null}},"23":{"start":{"line":63,"column":16},"end":{"line":63,"column":null}},"24":{"start":{"line":66,"column":12},"end":{"line":70,"column":null}},"25":{"start":{"line":67,"column":16},"end":{"line":67,"column":null}},"26":{"start":{"line":68,"column":16},"end":{"line":68,"column":null}},"27":{"start":{"line":69,"column":16},"end":{"line":69,"column":null}},"28":{"start":{"line":72,"column":12},"end":{"line":74,"column":null}},"29":{"start":{"line":73,"column":16},"end":{"line":73,"column":23}},"30":{"start":{"line":78,"column":8},"end":{"line":102,"column":null}},"31":{"start":{"line":79,"column":29},"end":{"line":79,"column":51}},"32":{"start":{"line":80,"column":40},"end":{"line":80,"column":77}},"33":{"start":{"line":83,"column":12},"end":{"line":87,"column":null}},"34":{"start":{"line":84,"column":16},"end":{"line":84,"column":null}},"35":{"start":{"line":85,"column":16},"end":{"line":85,"column":null}},"36":{"start":{"line":86,"column":16},"end":{"line":86,"column":null}},"37":{"start":{"line":90,"column":12},"end":{"line":94,"column":null}},"38":{"start":{"line":91,"column":16},"end":{"line":91,"column":null}},"39":{"start":{"line":92,"column":16},"end":{"line":92,"column":null}},"40":{"start":{"line":93,"column":16},"end":{"line":93,"column":null}},"41":{"start":{"line":97,"column":12},"end":{"line":100,"column":null}},"42":{"start":{"line":98,"column":16},"end":{"line":98,"column":null}},"43":{"start":{"line":99,"column":16},"end":{"line":99,"column":null}},"44":{"start":{"line":101,"column":12},"end":{"line":101,"column":null}},"45":{"start":{"line":105,"column":8},"end":{"line":111,"column":null}},"46":{"start":{"line":106,"column":12},"end":{"line":110,"column":null}},"47":{"start":{"line":107,"column":16},"end":{"line":107,"column":null}},"48":{"start":{"line":108,"column":16},"end":{"line":108,"column":null}},"49":{"start":{"line":109,"column":16},"end":{"line":109,"column":null}},"50":{"start":{"line":114,"column":8},"end":{"line":128,"column":null}},"51":{"start":{"line":115,"column":12},"end":{"line":115,"column":null}},"52":{"start":{"line":116,"column":34},"end":{"line":116,"column":61}},"53":{"start":{"line":117,"column":12},"end":{"line":126,"column":null}},"54":{"start":{"line":118,"column":16},"end":{"line":123,"column":null}},"55":{"start":{"line":124,"column":16},"end":{"line":124,"column":null}},"56":{"start":{"line":125,"column":16},"end":{"line":125,"column":null}},"57":{"start":{"line":127,"column":12},"end":{"line":127,"column":null}},"58":{"start":{"line":131,"column":8},"end":{"line":135,"column":null}},"59":{"start":{"line":132,"column":12},"end":{"line":132,"column":null}},"60":{"start":{"line":133,"column":12},"end":{"line":133,"column":null}},"61":{"start":{"line":134,"column":12},"end":{"line":134,"column":null}},"62":{"start":{"line":138,"column":8},"end":{"line":147,"column":null}},"63":{"start":{"line":139,"column":12},"end":{"line":146,"column":null}},"64":{"start":{"line":140,"column":16},"end":{"line":140,"column":null}},"65":{"start":{"line":141,"column":19},"end":{"line":146,"column":null}},"66":{"start":{"line":142,"column":16},"end":{"line":142,"column":null}},"67":{"start":{"line":143,"column":19},"end":{"line":146,"column":null}},"68":{"start":{"line":144,"column":16},"end":{"line":144,"column":null}},"69":{"start":{"line":145,"column":16},"end":{"line":145,"column":null}},"70":{"start":{"line":163,"column":3},"end":{"line":166,"column":null}},"71":{"start":{"line":164,"column":8},"end":{"line":164,"column":null}},"72":{"start":{"line":165,"column":8},"end":{"line":165,"column":null}},"73":{"start":{"line":165,"column":21},"end":{"line":165,"column":81}}},"fnMap":{"0":{"name":"useKeyboardNavigation","decl":{"start":{"line":7,"column":16},"end":{"line":7,"column":37}},"loc":{"start":{"line":18,"column":3},"end":{"line":167,"column":null}},"line":18},"1":{"name":"(anonymous_1)","decl":{"start":{"line":22,"column":44},"end":{"line":22,"column":45}},"loc":{"start":{"line":22,"column":51},"end":{"line":148,"column":5}},"line":22},"2":{"name":"(anonymous_2)","decl":{"start":{"line":163,"column":14},"end":{"line":163,"column":15}},"loc":{"start":{"line":163,"column":20},"end":{"line":166,"column":5}},"line":163},"3":{"name":"(anonymous_3)","decl":{"start":{"line":165,"column":15},"end":{"line":165,"column":16}},"loc":{"start":{"line":165,"column":21},"end":{"line":165,"column":81}},"line":165}},"branchMap":{"0":{"loc":{"start":{"line":28,"column":39},"end":{"line":28,"column":91}},"type":"binary-expr","locations":[{"start":{"line":28,"column":39},"end":{"line":28,"column":42}},{"start":{"line":28,"column":46},"end":{"line":28,"column":62}},{"start":{"line":28,"column":66},"end":{"line":28,"column":91}}],"line":28},"1":{"loc":{"start":{"line":31,"column":8},"end":{"line":35,"column":null}},"type":"if","locations":[{"start":{"line":31,"column":8},"end":{"line":35,"column":null}},{"start":{},"end":{}}],"line":31},"2":{"loc":{"start":{"line":31,"column":12},"end":{"line":31,"column":81}},"type":"binary-expr","locations":[{"start":{"line":31,"column":12},"end":{"line":31,"column":22}},{"start":{"line":31,"column":26},"end":{"line":31,"column":81}}],"line":31},"3":{"loc":{"start":{"line":32,"column":12},"end":{"line":34,"column":null}},"type":"if","locations":[{"start":{"line":32,"column":12},"end":{"line":34,"column":null}},{"start":{},"end":{}}],"line":32},"4":{"loc":{"start":{"line":38,"column":8},"end":{"line":55,"column":null}},"type":"if","locations":[{"start":{"line":38,"column":8},"end":{"line":55,"column":null}},{"start":{},"end":{}}],"line":38},"5":{"loc":{"start":{"line":38,"column":12},"end":{"line":38,"column":53}},"type":"binary-expr","locations":[{"start":{"line":38,"column":13},"end":{"line":38,"column":22}},{"start":{"line":38,"column":26},"end":{"line":38,"column":35}},{"start":{"line":38,"column":40},"end":{"line":38,"column":53}}],"line":38},"6":{"loc":{"start":{"line":40,"column":12},"end":{"line":44,"column":null}},"type":"if","locations":[{"start":{"line":40,"column":12},"end":{"line":44,"column":null}},{"start":{},"end":{}}],"line":40},"7":{"loc":{"start":{"line":40,"column":16},"end":{"line":40,"column":58}},"type":"binary-expr","locations":[{"start":{"line":40,"column":16},"end":{"line":40,"column":38}},{"start":{"line":40,"column":42},"end":{"line":40,"column":58}}],"line":40},"8":{"loc":{"start":{"line":46,"column":12},"end":{"line":50,"column":null}},"type":"if","locations":[{"start":{"line":46,"column":12},"end":{"line":50,"column":null}},{"start":{},"end":{}}],"line":46},"9":{"loc":{"start":{"line":52,"column":12},"end":{"line":54,"column":null}},"type":"if","locations":[{"start":{"line":52,"column":12},"end":{"line":54,"column":null}},{"start":{},"end":{}}],"line":52},"10":{"loc":{"start":{"line":58,"column":8},"end":{"line":75,"column":null}},"type":"if","locations":[{"start":{"line":58,"column":8},"end":{"line":75,"column":null}},{"start":{},"end":{}}],"line":58},"11":{"loc":{"start":{"line":58,"column":12},"end":{"line":58,"column":53}},"type":"binary-expr","locations":[{"start":{"line":58,"column":13},"end":{"line":58,"column":22}},{"start":{"line":58,"column":26},"end":{"line":58,"column":35}},{"start":{"line":58,"column":40},"end":{"line":58,"column":53}}],"line":58},"12":{"loc":{"start":{"line":60,"column":12},"end":{"line":64,"column":null}},"type":"if","locations":[{"start":{"line":60,"column":12},"end":{"line":64,"column":null}},{"start":{},"end":{}}],"line":60},"13":{"loc":{"start":{"line":60,"column":16},"end":{"line":60,"column":58}},"type":"binary-expr","locations":[{"start":{"line":60,"column":16},"end":{"line":60,"column":38}},{"start":{"line":60,"column":42},"end":{"line":60,"column":58}}],"line":60},"14":{"loc":{"start":{"line":66,"column":12},"end":{"line":70,"column":null}},"type":"if","locations":[{"start":{"line":66,"column":12},"end":{"line":70,"column":null}},{"start":{},"end":{}}],"line":66},"15":{"loc":{"start":{"line":72,"column":12},"end":{"line":74,"column":null}},"type":"if","locations":[{"start":{"line":72,"column":12},"end":{"line":74,"column":null}},{"start":{},"end":{}}],"line":72},"16":{"loc":{"start":{"line":78,"column":8},"end":{"line":102,"column":null}},"type":"if","locations":[{"start":{"line":78,"column":8},"end":{"line":102,"column":null}},{"start":{},"end":{}}],"line":78},"17":{"loc":{"start":{"line":78,"column":12},"end":{"line":78,"column":53}},"type":"binary-expr","locations":[{"start":{"line":78,"column":13},"end":{"line":78,"column":22}},{"start":{"line":78,"column":26},"end":{"line":78,"column":35}},{"start":{"line":78,"column":40},"end":{"line":78,"column":53}}],"line":78},"18":{"loc":{"start":{"line":83,"column":12},"end":{"line":87,"column":null}},"type":"if","locations":[{"start":{"line":83,"column":12},"end":{"line":87,"column":null}},{"start":{},"end":{}}],"line":83},"19":{"loc":{"start":{"line":90,"column":12},"end":{"line":94,"column":null}},"type":"if","locations":[{"start":{"line":90,"column":12},"end":{"line":94,"column":null}},{"start":{},"end":{}}],"line":90},"20":{"loc":{"start":{"line":97,"column":12},"end":{"line":100,"column":null}},"type":"if","locations":[{"start":{"line":97,"column":12},"end":{"line":100,"column":null}},{"start":{},"end":{}}],"line":97},"21":{"loc":{"start":{"line":97,"column":16},"end":{"line":97,"column":53}},"type":"binary-expr","locations":[{"start":{"line":97,"column":16},"end":{"line":97,"column":33}},{"start":{"line":97,"column":37},"end":{"line":97,"column":53}}],"line":97},"22":{"loc":{"start":{"line":105,"column":8},"end":{"line":111,"column":null}},"type":"if","locations":[{"start":{"line":105,"column":8},"end":{"line":111,"column":null}},{"start":{},"end":{}}],"line":105},"23":{"loc":{"start":{"line":105,"column":12},"end":{"line":105,"column":53}},"type":"binary-expr","locations":[{"start":{"line":105,"column":13},"end":{"line":105,"column":22}},{"start":{"line":105,"column":26},"end":{"line":105,"column":35}},{"start":{"line":105,"column":40},"end":{"line":105,"column":53}}],"line":105},"24":{"loc":{"start":{"line":106,"column":12},"end":{"line":110,"column":null}},"type":"if","locations":[{"start":{"line":106,"column":12},"end":{"line":110,"column":null}},{"start":{},"end":{}}],"line":106},"25":{"loc":{"start":{"line":114,"column":8},"end":{"line":128,"column":null}},"type":"if","locations":[{"start":{"line":114,"column":8},"end":{"line":128,"column":null}},{"start":{},"end":{}}],"line":114},"26":{"loc":{"start":{"line":114,"column":12},"end":{"line":114,"column":103}},"type":"binary-expr","locations":[{"start":{"line":114,"column":13},"end":{"line":114,"column":31}},{"start":{"line":114,"column":35},"end":{"line":114,"column":56}},{"start":{"line":114,"column":61},"end":{"line":114,"column":83}},{"start":{"line":114,"column":87},"end":{"line":114,"column":103}}],"line":114},"27":{"loc":{"start":{"line":117,"column":12},"end":{"line":126,"column":null}},"type":"if","locations":[{"start":{"line":117,"column":12},"end":{"line":126,"column":null}},{"start":{},"end":{}}],"line":117},"28":{"loc":{"start":{"line":117,"column":16},"end":{"line":117,"column":61}},"type":"binary-expr","locations":[{"start":{"line":117,"column":16},"end":{"line":117,"column":29}},{"start":{"line":117,"column":33},"end":{"line":117,"column":61}}],"line":117},"29":{"loc":{"start":{"line":131,"column":8},"end":{"line":135,"column":null}},"type":"if","locations":[{"start":{"line":131,"column":8},"end":{"line":135,"column":null}},{"start":{},"end":{}}],"line":131},"30":{"loc":{"start":{"line":131,"column":12},"end":{"line":131,"column":78}},"type":"binary-expr","locations":[{"start":{"line":131,"column":13},"end":{"line":131,"column":31}},{"start":{"line":131,"column":35},"end":{"line":131,"column":56}},{"start":{"line":131,"column":61},"end":{"line":131,"column":78}}],"line":131},"31":{"loc":{"start":{"line":138,"column":8},"end":{"line":147,"column":null}},"type":"if","locations":[{"start":{"line":138,"column":8},"end":{"line":147,"column":null}},{"start":{},"end":{}}],"line":138},"32":{"loc":{"start":{"line":139,"column":12},"end":{"line":146,"column":null}},"type":"if","locations":[{"start":{"line":139,"column":12},"end":{"line":146,"column":null}},{"start":{"line":141,"column":19},"end":{"line":146,"column":null}}],"line":139},"33":{"loc":{"start":{"line":141,"column":19},"end":{"line":146,"column":null}},"type":"if","locations":[{"start":{"line":141,"column":19},"end":{"line":146,"column":null}},{"start":{"line":143,"column":19},"end":{"line":146,"column":null}}],"line":141},"34":{"loc":{"start":{"line":143,"column":19},"end":{"line":146,"column":null}},"type":"if","locations":[{"start":{"line":143,"column":19},"end":{"line":146,"column":null}},{"start":{},"end":{}}],"line":143}},"s":{"0":14,"1":1,"2":1,"3":1,"4":1,"5":1,"6":0,"7":0,"8":1,"9":0,"10":0,"11":0,"12":0,"13":0,"14":0,"15":0,"16":0,"17":0,"18":0,"19":1,"20":0,"21":0,"22":0,"23":0,"24":0,"25":0,"26":0,"27":0,"28":0,"29":0,"30":1,"31":0,"32":0,"33":0,"34":0,"35":0,"36":0,"37":0,"38":0,"39":0,"40":0,"41":0,"42":0,"43":0,"44":0,"45":1,"46":0,"47":0,"48":0,"49":0,"50":1,"51":0,"52":0,"53":0,"54":0,"55":0,"56":0,"57":0,"58":1,"59":0,"60":0,"61":0,"62":1,"63":0,"64":0,"65":0,"66":0,"67":0,"68":0,"69":0,"70":14,"71":14,"72":14,"73":14},"f":{"0":14,"1":1,"2":14,"3":14},"b":{"0":[1,1,1],"1":[0,1],"2":[1,0],"3":[0,0],"4":[0,1],"5":[1,1,0],"6":[0,0],"7":[0,0],"8":[0,0],"9":[0,0],"10":[0,1],"11":[1,1,0],"12":[0,0],"13":[0,0],"14":[0,0],"15":[0,0],"16":[0,1],"17":[1,1,0],"18":[0,0],"19":[0,0],"20":[0,0],"21":[0,0],"22":[0,1],"23":[1,1,0],"24":[0,0],"25":[0,1],"26":[1,1,0,0],"27":[0,0],"28":[0,0],"29":[0,1],"30":[1,1,0],"31":[0,1],"32":[0,0],"33":[0,0],"34":[0,0]},"meta":{"lastBranch":35,"lastFunction":4,"lastStatement":74,"seen":{"f:7:16:7:37":0,"s:22:31:160:6":0,"f:22:44:22:45":1,"s:23:34:23:67":1,"s:24:33:24:71":2,"s:27:20:27:41":3,"s:28:39:28:91":4,"b:28:39:28:42:28:46:28:62:28:66:28:91":0,"b:31:8:35:Infinity:undefined:undefined:undefined:undefined":1,"s:31:8:35:Infinity":5,"b:31:12:31:22:31:26:31:81":2,"b:32:12:34:Infinity:undefined:undefined:undefined:undefined":3,"s:32:12:34:Infinity":6,"s:33:16:33:Infinity":7,"b:38:8:55:Infinity:undefined:undefined:undefined:undefined":4,"s:38:8:55:Infinity":8,"b:38:13:38:22:38:26:38:35:38:40:38:53":5,"b:40:12:44:Infinity:undefined:undefined:undefined:undefined":6,"s:40:12:44:Infinity":9,"b:40:16:40:38:40:42:40:58":7,"s:41:16:41:Infinity":10,"s:42:16:42:Infinity":11,"s:43:16:43:Infinity":12,"b:46:12:50:Infinity:undefined:undefined:undefined:undefined":8,"s:46:12:50:Infinity":13,"s:47:16:47:Infinity":14,"s:48:16:48:Infinity":15,"s:49:16:49:Infinity":16,"b:52:12:54:Infinity:undefined:undefined:undefined:undefined":9,"s:52:12:54:Infinity":17,"s:53:16:53:23":18,"b:58:8:75:Infinity:undefined:undefined:undefined:undefined":10,"s:58:8:75:Infinity":19,"b:58:13:58:22:58:26:58:35:58:40:58:53":11,"b:60:12:64:Infinity:undefined:undefined:undefined:undefined":12,"s:60:12:64:Infinity":20,"b:60:16:60:38:60:42:60:58":13,"s:61:16:61:Infinity":21,"s:62:16:62:Infinity":22,"s:63:16:63:Infinity":23,"b:66:12:70:Infinity:undefined:undefined:undefined:undefined":14,"s:66:12:70:Infinity":24,"s:67:16:67:Infinity":25,"s:68:16:68:Infinity":26,"s:69:16:69:Infinity":27,"b:72:12:74:Infinity:undefined:undefined:undefined:undefined":15,"s:72:12:74:Infinity":28,"s:73:16:73:23":29,"b:78:8:102:Infinity:undefined:undefined:undefined:undefined":16,"s:78:8:102:Infinity":30,"b:78:13:78:22:78:26:78:35:78:40:78:53":17,"s:79:29:79:51":31,"s:80:40:80:77":32,"b:83:12:87:Infinity:undefined:undefined:undefined:undefined":18,"s:83:12:87:Infinity":33,"s:84:16:84:Infinity":34,"s:85:16:85:Infinity":35,"s:86:16:86:Infinity":36,"b:90:12:94:Infinity:undefined:undefined:undefined:undefined":19,"s:90:12:94:Infinity":37,"s:91:16:91:Infinity":38,"s:92:16:92:Infinity":39,"s:93:16:93:Infinity":40,"b:97:12:100:Infinity:undefined:undefined:undefined:undefined":20,"s:97:12:100:Infinity":41,"b:97:16:97:33:97:37:97:53":21,"s:98:16:98:Infinity":42,"s:99:16:99:Infinity":43,"s:101:12:101:Infinity":44,"b:105:8:111:Infinity:undefined:undefined:undefined:undefined":22,"s:105:8:111:Infinity":45,"b:105:13:105:22:105:26:105:35:105:40:105:53":23,"b:106:12:110:Infinity:undefined:undefined:undefined:undefined":24,"s:106:12:110:Infinity":46,"s:107:16:107:Infinity":47,"s:108:16:108:Infinity":48,"s:109:16:109:Infinity":49,"b:114:8:128:Infinity:undefined:undefined:undefined:undefined":25,"s:114:8:128:Infinity":50,"b:114:13:114:31:114:35:114:56:114:61:114:83:114:87:114:103":26,"s:115:12:115:Infinity":51,"s:116:34:116:61":52,"b:117:12:126:Infinity:undefined:undefined:undefined:undefined":27,"s:117:12:126:Infinity":53,"b:117:16:117:29:117:33:117:61":28,"s:118:16:123:Infinity":54,"s:124:16:124:Infinity":55,"s:125:16:125:Infinity":56,"s:127:12:127:Infinity":57,"b:131:8:135:Infinity:undefined:undefined:undefined:undefined":29,"s:131:8:135:Infinity":58,"b:131:13:131:31:131:35:131:56:131:61:131:78":30,"s:132:12:132:Infinity":59,"s:133:12:133:Infinity":60,"s:134:12:134:Infinity":61,"b:138:8:147:Infinity:undefined:undefined:undefined:undefined":31,"s:138:8:147:Infinity":62,"b:139:12:146:Infinity:141:19:146:Infinity":32,"s:139:12:146:Infinity":63,"s:140:16:140:Infinity":64,"b:141:19:146:Infinity:143:19:146:Infinity":33,"s:141:19:146:Infinity":65,"s:142:16:142:Infinity":66,"b:143:19:146:Infinity:undefined:undefined:undefined:undefined":34,"s:143:19:146:Infinity":67,"s:144:16:144:Infinity":68,"s:145:16:145:Infinity":69,"s:163:3:166:Infinity":70,"f:163:14:163:15":2,"s:164:8:164:Infinity":71,"s:165:8:165:Infinity":72,"f:165:15:165:16":3,"s:165:21:165:81":73}}}
}
